Using pre-set license
Built from '2021.3/staging' branch; Version is '2021.3.10f1 (1c7d0df0160b) revision 1867021'; Using compiler version '192829333'; Build Type 'Release'
OS: 'Windows 11  (10.0.22621) 64bit Professional' Language: 'pt' Physical Memory: 16221 MB
BatchMode: 1, IsHumanControllingUs: 0, StartBugReporterOnCrash: 0, Is64bit: 1, IsPro: 1

COMMAND LINE ARGUMENTS:
C:\Program Files\Unity\Hub\Editor\2021.3.10f1\Editor\Unity.exe
-adb2
-batchMode
-noUpm
-name
AssetImportWorker2
-projectPath
C:/Users/Aluno/Documents/Kings/Juunishi/Juunishi Zodiacs v2
-logFile
Logs/AssetImportWorker2.log
-srvPort
58817
Successfully changed project path to: C:/Users/Aluno/Documents/Kings/Juunishi/Juunishi Zodiacs v2
C:/Users/Aluno/Documents/Kings/Juunishi/Juunishi Zodiacs v2
[UnityMemory] Configuration Parameters - Can be set up in boot.config
    "memorysetup-bucket-allocator-granularity=16"
    "memorysetup-bucket-allocator-bucket-count=8"
    "memorysetup-bucket-allocator-block-size=33554432"
    "memorysetup-bucket-allocator-block-count=8"
    "memorysetup-main-allocator-block-size=16777216"
    "memorysetup-thread-allocator-block-size=16777216"
    "memorysetup-gfx-main-allocator-block-size=16777216"
    "memorysetup-gfx-thread-allocator-block-size=16777216"
    "memorysetup-cache-allocator-block-size=4194304"
    "memorysetup-typetree-allocator-block-size=2097152"
    "memorysetup-profiler-bucket-allocator-granularity=16"
    "memorysetup-profiler-bucket-allocator-bucket-count=8"
    "memorysetup-profiler-bucket-allocator-block-size=33554432"
    "memorysetup-profiler-bucket-allocator-block-count=8"
    "memorysetup-profiler-allocator-block-size=16777216"
    "memorysetup-profiler-editor-allocator-block-size=1048576"
    "memorysetup-temp-allocator-size-main=16777216"
    "memorysetup-job-temp-allocator-block-size=2097152"
    "memorysetup-job-temp-allocator-block-size-background=1048576"
    "memorysetup-job-temp-allocator-reduction-small-platforms=262144"
    "memorysetup-temp-allocator-size-background-worker=32768"
    "memorysetup-temp-allocator-size-job-worker=262144"
    "memorysetup-temp-allocator-size-preload-manager=33554432"
    "memorysetup-temp-allocator-size-nav-mesh-worker=65536"
    "memorysetup-temp-allocator-size-audio-worker=65536"
    "memorysetup-temp-allocator-size-cloud-worker=32768"
    "memorysetup-temp-allocator-size-gi-baking-worker=262144"
    "memorysetup-temp-allocator-size-gfx=262144"
Refreshing native plugins compatible for Editor in 35.34 ms, found 3 plugins.
Preloading 0 native plugins for Editor in 0.00 ms.
Initialize engine version: 2021.3.10f1 (1c7d0df0160b)
[Subsystems] Discovering subsystems at path C:/Program Files/Unity/Hub/Editor/2021.3.10f1/Editor/Data/Resources/UnitySubsystems
[Subsystems] Discovering subsystems at path C:/Users/Aluno/Documents/Kings/Juunishi/Juunishi Zodiacs v2/Assets
GfxDevice: creating device client; threaded=0; jobified=0
Direct3D:
    Version:  Direct3D 11.0 [level 11.1]
    Renderer: NVIDIA GeForce RTX 3060 Ti (ID=0x2489)
    Vendor:   NVIDIA
    VRAM:     8038 MB
    Driver:   31.0.15.2824
Initialize mono
Mono path[0] = 'C:/Program Files/Unity/Hub/Editor/2021.3.10f1/Editor/Data/Managed'
Mono path[1] = 'C:/Program Files/Unity/Hub/Editor/2021.3.10f1/Editor/Data/MonoBleedingEdge/lib/mono/unityjit-win32'
Mono config path = 'C:/Program Files/Unity/Hub/Editor/2021.3.10f1/Editor/Data/MonoBleedingEdge/etc'
Using monoOptions --debugger-agent=transport=dt_socket,embedding=1,server=y,suspend=n,address=127.0.0.1:56904
Begin MonoManager ReloadAssembly
Registering precompiled unity dll's ...
Register platform support module: C:/Program Files/Unity/Hub/Editor/2021.3.10f1/Editor/Data/PlaybackEngines/WebGLSupport/UnityEditor.WebGL.Extensions.dll
Register platform support module: C:/Program Files/Unity/Hub/Editor/2021.3.10f1/Editor/Data/PlaybackEngines/AndroidPlayer/UnityEditor.Android.Extensions.dll
Register platform support module: C:/Program Files/Unity/Hub/Editor/2021.3.10f1/Editor/Data/PlaybackEngines/iOSSupport/UnityEditor.iOS.Extensions.dll
Register platform support module: C:/Program Files/Unity/Hub/Editor/2021.3.10f1/Editor/Data/PlaybackEngines/WindowsStandaloneSupport/UnityEditor.WindowsStandalone.Extensions.dll
Register platform support module: C:/Program Files/Unity/Hub/Editor/2021.3.10f1/Editor/Data/PlaybackEngines/MetroSupport/UnityEditor.UWP.Extensions.dll
Registered in 0.004622 seconds.
Native extension for UWP target not found
Native extension for WindowsStandalone target not found
[usbmuxd] Start listen thread
[usbmuxd] Listen thread started
Native extension for iOS target not found
Native extension for Android target not found
Native extension for WebGL target not found
Refreshing native plugins compatible for Editor in 33.50 ms, found 3 plugins.
Preloading 0 native plugins for Editor in 0.00 ms.
Mono: successfully reloaded assembly
- Completed reload, in  0.427 seconds
Domain Reload Profiling:
	ReloadAssembly (427ms)
		BeginReloadAssembly (49ms)
			ExecutionOrderSort (0ms)
			DisableScriptedObjects (0ms)
			BackupInstance (0ms)
			ReleaseScriptingObjects (0ms)
			CreateAndSetChildDomain (1ms)
		EndReloadAssembly (304ms)
			LoadAssemblies (49ms)
			RebuildTransferFunctionScriptingTraits (0ms)
			SetupTypeCache (71ms)
			ReleaseScriptCaches (0ms)
			RebuildScriptCaches (20ms)
			SetupLoadedEditorAssemblies (178ms)
				LogAssemblyErrors (0ms)
				InitializePlatformSupportModulesInManaged (47ms)
				SetLoadedEditorAssemblies (0ms)
				RefreshPlugins (34ms)
				BeforeProcessingInitializeOnLoad (1ms)
				ProcessInitializeOnLoadAttributes (67ms)
				ProcessInitializeOnLoadMethodAttributes (30ms)
				AfterProcessingInitializeOnLoad (0ms)
				EditorAssembliesLoaded (0ms)
			ExecutionOrderSort2 (0ms)
			AwakeInstancesAfterBackupRestoration (0ms)
Platform modules already initialized, skipping
Registering precompiled user dll's ...
Registered in 0.004103 seconds.
Begin MonoManager ReloadAssembly
Native extension for UWP target not found
Native extension for WindowsStandalone target not found
Native extension for iOS target not found
Native extension for Android target not found
Native extension for WebGL target not found
Refreshing native plugins compatible for Editor in 31.20 ms, found 3 plugins.
Preloading 0 native plugins for Editor in 0.00 ms.
Mono: successfully reloaded assembly
- Completed reload, in  0.805 seconds
Domain Reload Profiling:
	ReloadAssembly (805ms)
		BeginReloadAssembly (191ms)
			ExecutionOrderSort (0ms)
			DisableScriptedObjects (4ms)
			BackupInstance (0ms)
			ReleaseScriptingObjects (0ms)
			CreateAndSetChildDomain (125ms)
		EndReloadAssembly (538ms)
			LoadAssemblies (56ms)
			RebuildTransferFunctionScriptingTraits (0ms)
			SetupTypeCache (136ms)
			ReleaseScriptCaches (0ms)
			RebuildScriptCaches (34ms)
			SetupLoadedEditorAssemblies (281ms)
				LogAssemblyErrors (0ms)
				InitializePlatformSupportModulesInManaged (17ms)
				SetLoadedEditorAssemblies (0ms)
				RefreshPlugins (31ms)
				BeforeProcessingInitializeOnLoad (48ms)
				ProcessInitializeOnLoadAttributes (151ms)
				ProcessInitializeOnLoadMethodAttributes (30ms)
				AfterProcessingInitializeOnLoad (4ms)
				EditorAssembliesLoaded (0ms)
			ExecutionOrderSort2 (0ms)
			AwakeInstancesAfterBackupRestoration (4ms)
Platform modules already initialized, skipping
========================================================================
Worker process is ready to serve import requests
Launched and connected shader compiler UnityShaderCompiler.exe after 0.03 seconds
Refreshing native plugins compatible for Editor in 0.46 ms, found 3 plugins.
Preloading 0 native plugins for Editor in 0.00 ms.
Unloading 2574 Unused Serialized files (Serialized files now loaded: 0)
Unloading 33 unused Assets / (56.2 KB). Loaded Objects now: 3039.
Memory consumption went from 116.3 MB to 116.2 MB.
Total: 2.604300 ms (FindLiveObjects: 0.163700 ms CreateObjectMapping: 0.063600 ms MarkObjects: 2.314700 ms  DeleteObjects: 0.061500 ms)

AssetImportParameters requested are different than current active one (requested -> active):
  custom:video-decoder-ogg-theora: a1e56fd34408186e4bbccfd4996cb3dc -> 
  custom:container-muxer-webm: aa71ff27fc2769a1b78a27578f13a17b -> 
  custom:container-demuxer-webm: 4f35f7cbe854078d1ac9338744f61a02 -> 
  custom:video-encoder-webm-vp8: eb34c28f22e8b96e1ab97ce403110664 -> 
  custom:audio-encoder-webm-vorbis: bf7c407c2cedff20999df2af8eb42d56 -> 
  custom:framework-win-MediaFoundation: 216162199b28c13a410421893ffa2e32 -> 
  custom:container-demuxer-ogg: 62fdf1f143b41e24485cea50d1cbac27 -> 
  custom:video-decoder-webm-vp8: 9c59270c3fd7afecdb556c50c9e8de78 -> 
  custom:audio-decoder-ogg-vorbis: bf7c407c2cedff20999df2af8eb42d56 -> 
========================================================================
Received Import Request.
  Time since last request: 10382.973470 seconds.
  path: Assets/_Scripts/Combat/CaractersInformation.cs
  artifactKey: Guid(22e6c1379cf6e604bb82e95e45ec4b21) Importer(815301076,1909f56bfc062723c751e8b465ee728b)
Start importing Assets/_Scripts/Combat/CaractersInformation.cs using Guid(22e6c1379cf6e604bb82e95e45ec4b21) Importer(815301076,1909f56bfc062723c751e8b465ee728b)  -> (artifact id: '9b0c6e6ad628175c9b5bf8faec54beb1') in 0.019900 seconds 
========================================================================
Received Import Request.
  Time since last request: 1.070547 seconds.
  path: Assets/_Scripts/Combat/CaraterSelection.cs
  artifactKey: Guid(e844f39a61f6ebe499396f248939f89e) Importer(815301076,1909f56bfc062723c751e8b465ee728b)
Start importing Assets/_Scripts/Combat/CaraterSelection.cs using Guid(e844f39a61f6ebe499396f248939f89e) Importer(815301076,1909f56bfc062723c751e8b465ee728b)  -> (artifact id: '9408a1ee023237ff4e338167aea4ea17') in 0.001357 seconds 
========================================================================
Received Import Request.
  Time since last request: 0.862079 seconds.
  path: Assets/_Scripts/Combat/ChangeTurn.cs
  artifactKey: Guid(586417f65da1d1e448db0414cfd99fc5) Importer(815301076,1909f56bfc062723c751e8b465ee728b)
Start importing Assets/_Scripts/Combat/ChangeTurn.cs using Guid(586417f65da1d1e448db0414cfd99fc5) Importer(815301076,1909f56bfc062723c751e8b465ee728b)  -> (artifact id: '1a70ad18c2e7ef119d1c224b2b700efa') in 0.001234 seconds 
========================================================================
Received Import Request.
  Time since last request: 0.785018 seconds.
  path: Assets/_Scripts/Combat/CombatManager.cs
  artifactKey: Guid(8da6a5a779a7fdb4abe33da1adff4bae) Importer(815301076,1909f56bfc062723c751e8b465ee728b)
Start importing Assets/_Scripts/Combat/CombatManager.cs using Guid(8da6a5a779a7fdb4abe33da1adff4bae) Importer(815301076,1909f56bfc062723c751e8b465ee728b)  -> (artifact id: '8b37ceff7ea5197ea578a23a7db21f1c') in 0.001570 seconds 
========================================================================
Received Import Request.
  Time since last request: 0.905473 seconds.
  path: Assets/_Scripts/Combat/CombatUiManager.cs
  artifactKey: Guid(51daf68950e26e34cb7d82deb66b89d1) Importer(815301076,1909f56bfc062723c751e8b465ee728b)
Start importing Assets/_Scripts/Combat/CombatUiManager.cs using Guid(51daf68950e26e34cb7d82deb66b89d1) Importer(815301076,1909f56bfc062723c751e8b465ee728b)  -> (artifact id: '443e529e92d1abfa3b3058c5f36d0169') in 0.001764 seconds 
========================================================================
Received Import Request.
  Time since last request: 0.502888 seconds.
  path: Assets/_Scripts/Combat/ElementInteractions.cs
  artifactKey: Guid(35c0cf9cf3a73ba419d8df978cdea79b) Importer(815301076,1909f56bfc062723c751e8b465ee728b)
Start importing Assets/_Scripts/Combat/ElementInteractions.cs using Guid(35c0cf9cf3a73ba419d8df978cdea79b) Importer(815301076,1909f56bfc062723c751e8b465ee728b)  -> (artifact id: 'bd1de503c9aa4dd09095964a64d5bd96') in 0.001495 seconds 
========================================================================
Received Import Request.
  Time since last request: 458.643786 seconds.
  path: Assets/_ScriptableObjects/Ab_Akira_Physical.asset
  artifactKey: Guid(c7c1f335999085748a33b8bbbfb37d17) Importer(815301076,1909f56bfc062723c751e8b465ee728b)
Start importing Assets/_ScriptableObjects/Ab_Akira_Physical.asset using Guid(c7c1f335999085748a33b8bbbfb37d17) Importer(815301076,1909f56bfc062723c751e8b465ee728b)  -> (artifact id: '3ef34d20c46a95b2aa91088c925ee38c') in 0.013562 seconds 
========================================================================
Received Import Request.
  Time since last request: 616.851813 seconds.
  path: Assets/_ScriptableObjects/CombatSO/Caracters/01 Akira/Abilities/New/Ab_Akira_Water_Lily.asset
  artifactKey: Guid(ab2cef7d2bd1dbe47bd753ad33fdf5e9) Importer(815301076,1909f56bfc062723c751e8b465ee728b)
Start importing Assets/_ScriptableObjects/CombatSO/Caracters/01 Akira/Abilities/New/Ab_Akira_Water_Lily.asset using Guid(ab2cef7d2bd1dbe47bd753ad33fdf5e9) Importer(815301076,1909f56bfc062723c751e8b465ee728b)  -> (artifact id: '49eb6739e2f338fe7e64f0bca7de2b56') in 0.002195 seconds 
========================================================================
Received Import Request.
  Time since last request: 0.001312 seconds.
  path: Assets/_ScriptableObjects/CombatSO/Caracters/01 Akira/Abilities/New/Ab_Akira_Divine Punch.asset
  artifactKey: Guid(b0f1ca2bb695609469535967a05c68ed) Importer(815301076,1909f56bfc062723c751e8b465ee728b)
Start importing Assets/_ScriptableObjects/CombatSO/Caracters/01 Akira/Abilities/New/Ab_Akira_Divine Punch.asset using Guid(b0f1ca2bb695609469535967a05c68ed) Importer(815301076,1909f56bfc062723c751e8b465ee728b)  -> (artifact id: '935454c6f634f10c27690cbc74658664') in 0.001992 seconds 
========================================================================
Received Import Request.
  Time since last request: 0.000016 seconds.
  path: Assets/_ScriptableObjects/CombatSO/Caracters/01 Akira/Abilities/New/Ab_Akira_Water Blast.asset
  artifactKey: Guid(934034aa7e284c540b9beb1ed76e4314) Importer(815301076,1909f56bfc062723c751e8b465ee728b)
Start importing Assets/_ScriptableObjects/CombatSO/Caracters/01 Akira/Abilities/New/Ab_Akira_Water Blast.asset using Guid(934034aa7e284c540b9beb1ed76e4314) Importer(815301076,1909f56bfc062723c751e8b465ee728b)  -> (artifact id: '3c9146e74816d9d2ee2599b894cc1fd3') in 0.001880 seconds 
========================================================================
Received Import Request.
  Time since last request: 5.207430 seconds.
  path: Assets/_ScriptableObjects/CombatSO/Caracters/01 Akira/Abilities/New/Ab_Akira_Water_Lily.asset
  artifactKey: Guid(ab2cef7d2bd1dbe47bd753ad33fdf5e9) Importer(815301076,1909f56bfc062723c751e8b465ee728b)
Start importing Assets/_ScriptableObjects/CombatSO/Caracters/01 Akira/Abilities/New/Ab_Akira_Water_Lily.asset using Guid(ab2cef7d2bd1dbe47bd753ad33fdf5e9) Importer(815301076,1909f56bfc062723c751e8b465ee728b)  -> (artifact id: '01d9fbc71255d3559336c6ca1b98e966') in 0.002606 seconds 
========================================================================
Received Import Request.
  Time since last request: 203.147653 seconds.
  path: Assets/_ScriptableObjects/CombatSO/Caracters/01 Akira/Abilities/New/Ab_Akira_Water Pulse.asset
  artifactKey: Guid(bb01cea789a775f4ab3f6491150476c0) Importer(815301076,1909f56bfc062723c751e8b465ee728b)
Start importing Assets/_ScriptableObjects/CombatSO/Caracters/01 Akira/Abilities/New/Ab_Akira_Water Pulse.asset using Guid(bb01cea789a775f4ab3f6491150476c0) Importer(815301076,1909f56bfc062723c751e8b465ee728b)  -> (artifact id: '67f2a5aebc3d87bdce83c15eef61f584') in 0.001637 seconds 
========================================================================
Received Import Request.
  Time since last request: 0.003568 seconds.
  path: Assets/_ScriptableObjects/CombatSO/Caracters/01 Akira/Abilities/New/Ab_Akira_Water_Bubble.asset
  artifactKey: Guid(274894c895882624c8a33bab685e88a5) Importer(815301076,1909f56bfc062723c751e8b465ee728b)
Start importing Assets/_ScriptableObjects/CombatSO/Caracters/01 Akira/Abilities/New/Ab_Akira_Water_Bubble.asset using Guid(274894c895882624c8a33bab685e88a5) Importer(815301076,1909f56bfc062723c751e8b465ee728b)  -> (artifact id: '4df00b0712f359562ac94b88ebed2ce5') in 0.001888 seconds 
========================================================================
Received Import Request.
  Time since last request: 97.546876 seconds.
  path: Assets/_ScriptableObjects/CombatSO/Caracters/01 Akira/Abilities/New/Ab_Akira_Purification.asset
  artifactKey: Guid(38ad9eb168ed1d943b2f88db403936a3) Importer(815301076,1909f56bfc062723c751e8b465ee728b)
Start importing Assets/_ScriptableObjects/CombatSO/Caracters/01 Akira/Abilities/New/Ab_Akira_Purification.asset using Guid(38ad9eb168ed1d943b2f88db403936a3) Importer(815301076,1909f56bfc062723c751e8b465ee728b)  -> (artifact id: '78b073de820199bad1bf79d88663048a') in 0.001906 seconds 
========================================================================
Received Import Request.
  Time since last request: 0.003671 seconds.
  path: Assets/_ScriptableObjects/CombatSO/Caracters/01 Akira/Abilities/New/Ab_Akira_Water Blast.asset
  artifactKey: Guid(934034aa7e284c540b9beb1ed76e4314) Importer(815301076,1909f56bfc062723c751e8b465ee728b)
Start importing Assets/_ScriptableObjects/CombatSO/Caracters/01 Akira/Abilities/New/Ab_Akira_Water Blast.asset using Guid(934034aa7e284c540b9beb1ed76e4314) Importer(815301076,1909f56bfc062723c751e8b465ee728b)  -> (artifact id: '0e4159c8ca301a9c3f50668e3e43e629') in 0.001956 seconds 
========================================================================
Received Prepare
Registering precompiled user dll's ...
Registered in 0.003690 seconds.
Begin MonoManager ReloadAssembly
Native extension for UWP target not found
Native extension for WindowsStandalone target not found
Native extension for iOS target not found
Native extension for Android target not found
Native extension for WebGL target not found
Refreshing native plugins compatible for Editor in 0.66 ms, found 3 plugins.
Preloading 0 native plugins for Editor in 0.00 ms.
Mono: successfully reloaded assembly
- Completed reload, in  0.731 seconds
Domain Reload Profiling:
	ReloadAssembly (731ms)
		BeginReloadAssembly (107ms)
			ExecutionOrderSort (0ms)
			DisableScriptedObjects (5ms)
			BackupInstance (0ms)
			ReleaseScriptingObjects (0ms)
			CreateAndSetChildDomain (31ms)
		EndReloadAssembly (552ms)
			LoadAssemblies (64ms)
			RebuildTransferFunctionScriptingTraits (0ms)
			SetupTypeCache (142ms)
			ReleaseScriptCaches (1ms)
			RebuildScriptCaches (35ms)
			SetupLoadedEditorAssemblies (275ms)
				LogAssemblyErrors (0ms)
				InitializePlatformSupportModulesInManaged (27ms)
				SetLoadedEditorAssemblies (0ms)
				RefreshPlugins (1ms)
				BeforeProcessingInitializeOnLoad (46ms)
				ProcessInitializeOnLoadAttributes (163ms)
				ProcessInitializeOnLoadMethodAttributes (33ms)
				AfterProcessingInitializeOnLoad (5ms)
				EditorAssembliesLoaded (0ms)
			ExecutionOrderSort2 (0ms)
			AwakeInstancesAfterBackupRestoration (7ms)
Platform modules already initialized, skipping
Refreshing native plugins compatible for Editor in 1.65 ms, found 3 plugins.
Preloading 0 native plugins for Editor in 0.00 ms.
Unloading 2550 Unused Serialized files (Serialized files now loaded: 0)
Unloading 20 unused Assets / (24.7 KB). Loaded Objects now: 3043.
Memory consumption went from 114.3 MB to 114.3 MB.
Total: 3.977600 ms (FindLiveObjects: 0.185100 ms CreateObjectMapping: 0.084200 ms MarkObjects: 3.645200 ms  DeleteObjects: 0.062000 ms)

AssetImportParameters requested are different than current active one (requested -> active):
  custom:video-decoder-ogg-theora: a1e56fd34408186e4bbccfd4996cb3dc -> 
  custom:container-muxer-webm: aa71ff27fc2769a1b78a27578f13a17b -> 
  custom:container-demuxer-webm: 4f35f7cbe854078d1ac9338744f61a02 -> 
  custom:video-encoder-webm-vp8: eb34c28f22e8b96e1ab97ce403110664 -> 
  custom:audio-encoder-webm-vorbis: bf7c407c2cedff20999df2af8eb42d56 -> 
  custom:framework-win-MediaFoundation: 216162199b28c13a410421893ffa2e32 -> 
  custom:container-demuxer-ogg: 62fdf1f143b41e24485cea50d1cbac27 -> 
  custom:video-decoder-webm-vp8: 9c59270c3fd7afecdb556c50c9e8de78 -> 
  custom:audio-decoder-ogg-vorbis: bf7c407c2cedff20999df2af8eb42d56 -> 
