Using pre-set license
Built from '2021.3/staging' branch; Version is '2021.3.10f1 (1c7d0df0160b) revision 1867021'; Using compiler version '192829333'; Build Type 'Release'
OS: 'Windows 11  (10.0.22621) 64bit Core' Language: 'pt' Physical Memory: 15628 MB
BatchMode: 1, IsHumanControllingUs: 0, StartBugReporterOnCrash: 0, Is64bit: 1, IsPro: 1

COMMAND LINE ARGUMENTS:
C:\Program Files\Unity\Hub\Editor\2021.3.10f1\Editor\Unity.exe
-adb2
-batchMode
-noUpm
-name
AssetImportWorker7
-projectPath
C:/Users/ASUS/Documents/_Documentos/Escola/ETIC 22-23/Projeto Final/Projeto Sourcetree e Github/Juunishi Zodiacs v2
-logFile
Logs/AssetImportWorker7.log
-srvPort
49991
Successfully changed project path to: C:/Users/ASUS/Documents/_Documentos/Escola/ETIC 22-23/Projeto Final/Projeto Sourcetree e Github/Juunishi Zodiacs v2
C:/Users/ASUS/Documents/_Documentos/Escola/ETIC 22-23/Projeto Final/Projeto Sourcetree e Github/Juunishi Zodiacs v2
[UnityMemory] Configuration Parameters - Can be set up in boot.config
    "memorysetup-bucket-allocator-granularity=16"
    "memorysetup-bucket-allocator-bucket-count=8"
    "memorysetup-bucket-allocator-block-size=33554432"
    "memorysetup-bucket-allocator-block-count=8"
    "memorysetup-main-allocator-block-size=16777216"
    "memorysetup-thread-allocator-block-size=16777216"
    "memorysetup-gfx-main-allocator-block-size=16777216"
    "memorysetup-gfx-thread-allocator-block-size=16777216"
    "memorysetup-cache-allocator-block-size=4194304"
    "memorysetup-typetree-allocator-block-size=2097152"
    "memorysetup-profiler-bucket-allocator-granularity=16"
    "memorysetup-profiler-bucket-allocator-bucket-count=8"
    "memorysetup-profiler-bucket-allocator-block-size=33554432"
    "memorysetup-profiler-bucket-allocator-block-count=8"
    "memorysetup-profiler-allocator-block-size=16777216"
    "memorysetup-profiler-editor-allocator-block-size=1048576"
    "memorysetup-temp-allocator-size-main=16777216"
    "memorysetup-job-temp-allocator-block-size=2097152"
    "memorysetup-job-temp-allocator-block-size-background=1048576"
    "memorysetup-job-temp-allocator-reduction-small-platforms=262144"
    "memorysetup-temp-allocator-size-background-worker=32768"
    "memorysetup-temp-allocator-size-job-worker=262144"
    "memorysetup-temp-allocator-size-preload-manager=33554432"
    "memorysetup-temp-allocator-size-nav-mesh-worker=65536"
    "memorysetup-temp-allocator-size-audio-worker=65536"
    "memorysetup-temp-allocator-size-cloud-worker=32768"
    "memorysetup-temp-allocator-size-gi-baking-worker=262144"
    "memorysetup-temp-allocator-size-gfx=262144"
Refreshing native plugins compatible for Editor in 100.58 ms, found 3 plugins.
Preloading 0 native plugins for Editor in 0.00 ms.
Initialize engine version: 2021.3.10f1 (1c7d0df0160b)
[Subsystems] Discovering subsystems at path C:/Program Files/Unity/Hub/Editor/2021.3.10f1/Editor/Data/Resources/UnitySubsystems
[Subsystems] Discovering subsystems at path C:/Users/ASUS/Documents/_Documentos/Escola/ETIC 22-23/Projeto Final/Projeto Sourcetree e Github/Juunishi Zodiacs v2/Assets
GfxDevice: creating device client; threaded=0; jobified=0
Direct3D:
    Version:  Direct3D 11.0 [level 11.1]
    Renderer: NVIDIA GeForce RTX 3070 Ti Laptop GPU (ID=0x24a0)
    Vendor:   NVIDIA
    VRAM:     8032 MB
    Driver:   31.0.15.3203
Initialize mono
Mono path[0] = 'C:/Program Files/Unity/Hub/Editor/2021.3.10f1/Editor/Data/Managed'
Mono path[1] = 'C:/Program Files/Unity/Hub/Editor/2021.3.10f1/Editor/Data/MonoBleedingEdge/lib/mono/unityjit-win32'
Mono config path = 'C:/Program Files/Unity/Hub/Editor/2021.3.10f1/Editor/Data/MonoBleedingEdge/etc'
Using monoOptions --debugger-agent=transport=dt_socket,embedding=1,server=y,suspend=n,address=127.0.0.1:56704
Begin MonoManager ReloadAssembly
Registering precompiled unity dll's ...
Register platform support module: C:/Program Files/Unity/Hub/Editor/2021.3.10f1/Editor/Data/PlaybackEngines/WindowsStandaloneSupport/UnityEditor.WindowsStandalone.Extensions.dll
Registered in 0.009098 seconds.
Native extension for WindowsStandalone target not found
Refreshing native plugins compatible for Editor in 75.72 ms, found 3 plugins.
Preloading 0 native plugins for Editor in 0.00 ms.
Mono: successfully reloaded assembly
- Completed reload, in  1.135 seconds
Domain Reload Profiling:
	ReloadAssembly (1136ms)
		BeginReloadAssembly (166ms)
			ExecutionOrderSort (0ms)
			DisableScriptedObjects (0ms)
			BackupInstance (0ms)
			ReleaseScriptingObjects (0ms)
			CreateAndSetChildDomain (1ms)
		EndReloadAssembly (812ms)
			LoadAssemblies (160ms)
			RebuildTransferFunctionScriptingTraits (0ms)
			SetupTypeCache (215ms)
			ReleaseScriptCaches (0ms)
			RebuildScriptCaches (47ms)
			SetupLoadedEditorAssemblies (456ms)
				LogAssemblyErrors (0ms)
				InitializePlatformSupportModulesInManaged (17ms)
				SetLoadedEditorAssemblies (1ms)
				RefreshPlugins (76ms)
				BeforeProcessingInitializeOnLoad (2ms)
				ProcessInitializeOnLoadAttributes (276ms)
				ProcessInitializeOnLoadMethodAttributes (84ms)
				AfterProcessingInitializeOnLoad (0ms)
				EditorAssembliesLoaded (0ms)
			ExecutionOrderSort2 (0ms)
			AwakeInstancesAfterBackupRestoration (0ms)
Platform modules already initialized, skipping
Registering precompiled user dll's ...
Registered in 0.015419 seconds.
Begin MonoManager ReloadAssembly
Native extension for WindowsStandalone target not found
Refreshing native plugins compatible for Editor in 70.55 ms, found 3 plugins.
Preloading 0 native plugins for Editor in 0.00 ms.
Mono: successfully reloaded assembly
- Completed reload, in  2.349 seconds
Domain Reload Profiling:
	ReloadAssembly (2350ms)
		BeginReloadAssembly (215ms)
			ExecutionOrderSort (0ms)
			DisableScriptedObjects (17ms)
			BackupInstance (0ms)
			ReleaseScriptingObjects (0ms)
			CreateAndSetChildDomain (25ms)
		EndReloadAssembly (1788ms)
			LoadAssemblies (237ms)
			RebuildTransferFunctionScriptingTraits (0ms)
			SetupTypeCache (675ms)
			ReleaseScriptCaches (1ms)
			RebuildScriptCaches (73ms)
			SetupLoadedEditorAssemblies (711ms)
				LogAssemblyErrors (0ms)
				InitializePlatformSupportModulesInManaged (6ms)
				SetLoadedEditorAssemblies (0ms)
				RefreshPlugins (71ms)
				BeforeProcessingInitializeOnLoad (134ms)
				ProcessInitializeOnLoadAttributes (418ms)
				ProcessInitializeOnLoadMethodAttributes (69ms)
				AfterProcessingInitializeOnLoad (12ms)
				EditorAssembliesLoaded (0ms)
			ExecutionOrderSort2 (0ms)
			AwakeInstancesAfterBackupRestoration (9ms)
Platform modules already initialized, skipping
========================================================================
Worker process is ready to serve import requests
Launched and connected shader compiler UnityShaderCompiler.exe after 0.08 seconds
Refreshing native plugins compatible for Editor in 0.83 ms, found 3 plugins.
Preloading 0 native plugins for Editor in 0.00 ms.
Unloading 2568 Unused Serialized files (Serialized files now loaded: 0)
Unloading 33 unused Assets / (56.1 KB). Loaded Objects now: 3030.
Memory consumption went from 117.1 MB to 117.1 MB.
Total: 6.133500 ms (FindLiveObjects: 0.368400 ms CreateObjectMapping: 0.192700 ms MarkObjects: 5.415500 ms  DeleteObjects: 0.153500 ms)

AssetImportParameters requested are different than current active one (requested -> active):
  custom:video-decoder-ogg-theora: a1e56fd34408186e4bbccfd4996cb3dc -> 
  custom:container-muxer-webm: aa71ff27fc2769a1b78a27578f13a17b -> 
  custom:container-demuxer-webm: 4f35f7cbe854078d1ac9338744f61a02 -> 
  custom:video-encoder-webm-vp8: eb34c28f22e8b96e1ab97ce403110664 -> 
  custom:video-codec-MediaFoundation-h265: 746d11721c4dcdbdad8f713fa42b33f4 -> 
  custom:audio-encoder-webm-vorbis: bf7c407c2cedff20999df2af8eb42d56 -> 
  custom:framework-win-MediaFoundation: 216162199b28c13a410421893ffa2e32 -> 
  custom:container-demuxer-ogg: 62fdf1f143b41e24485cea50d1cbac27 -> 
  custom:video-decoder-webm-vp8: 9c59270c3fd7afecdb556c50c9e8de78 -> 
  custom:audio-decoder-ogg-vorbis: bf7c407c2cedff20999df2af8eb42d56 -> 
========================================================================
Received Import Request.
  Time since last request: 113346.652284 seconds.
  path: Assets/Sprites/Characters/Full Body/Zodiacs/Fumiko/fu_Fumiko_v1_2feliz.png
  artifactKey: Guid(fe313278dabb36e499a41deb9d272dd0) Importer(815301076,1909f56bfc062723c751e8b465ee728b)
Start importing Assets/Sprites/Characters/Full Body/Zodiacs/Fumiko/fu_Fumiko_v1_2feliz.png using Guid(fe313278dabb36e499a41deb9d272dd0) Importer(815301076,1909f56bfc062723c751e8b465ee728b)  -> (artifact id: '8427b66923d82a22e3b0e3a69533b2aa') in 0.402170 seconds 
========================================================================
Received Import Request.
  Time since last request: 0.000030 seconds.
  path: Assets/Sprites/Characters/Full Body/Zodiacs/Fumiko/fu_Fumiko_v1_5triste.png
  artifactKey: Guid(2301db79cfbade34785cfd3be3f088d8) Importer(815301076,1909f56bfc062723c751e8b465ee728b)
Start importing Assets/Sprites/Characters/Full Body/Zodiacs/Fumiko/fu_Fumiko_v1_5triste.png using Guid(2301db79cfbade34785cfd3be3f088d8) Importer(815301076,1909f56bfc062723c751e8b465ee728b)  -> (artifact id: 'cbedd9bf4dd2fde61f76f22e3540e227') in 0.286148 seconds 
========================================================================
Received Import Request.
  Time since last request: 4.126217 seconds.
  path: Assets/Sprites/Interface/Combat/comb_isAttacking_Hana.png
  artifactKey: Guid(2c69ae12388bc2d438875c5283f8431c) Importer(815301076,1909f56bfc062723c751e8b465ee728b)
Start importing Assets/Sprites/Interface/Combat/comb_isAttacking_Hana.png using Guid(2c69ae12388bc2d438875c5283f8431c) Importer(815301076,1909f56bfc062723c751e8b465ee728b)  -> (artifact id: '6ecfae0b55f9a44b18da7fe085f264d1') in 0.099996 seconds 
========================================================================
Received Import Request.
  Time since last request: 0.000025 seconds.
  path: Assets/Sprites/Interface/Dialogue/d_Akira_choice.PNG
  artifactKey: Guid(7b84c22372f30bf4ea039608de97f4a4) Importer(815301076,1909f56bfc062723c751e8b465ee728b)
Start importing Assets/Sprites/Interface/Dialogue/d_Akira_choice.PNG using Guid(7b84c22372f30bf4ea039608de97f4a4) Importer(815301076,1909f56bfc062723c751e8b465ee728b)  -> (artifact id: '87999ae27bdea1c0db8f0b4225753b5b') in 0.050609 seconds 
========================================================================
Received Import Request.
  Time since last request: 16.115548 seconds.
  path: Assets/_ScriptableObjects/DialogsSO/DialogGroups/Chapter1/Act 5/dialog_act5_4.asset
  artifactKey: Guid(a18ec8ddceb433847bb36743ba6d2235) Importer(815301076,1909f56bfc062723c751e8b465ee728b)
Start importing Assets/_ScriptableObjects/DialogsSO/DialogGroups/Chapter1/Act 5/dialog_act5_4.asset using Guid(a18ec8ddceb433847bb36743ba6d2235) Importer(815301076,1909f56bfc062723c751e8b465ee728b)  -> (artifact id: '34198ef5fb1915afc8ad9b7f584d6415') in 0.027354 seconds 
========================================================================
Received Import Request.
  Time since last request: 0.000028 seconds.
  path: Assets/_ScriptableObjects/DialogsSO/DialogGroups/Chapter1/Act 5/dialog_act5_16.asset
  artifactKey: Guid(6eddfe3348f62f1438f2a9d9e11e715d) Importer(815301076,1909f56bfc062723c751e8b465ee728b)
Start importing Assets/_ScriptableObjects/DialogsSO/DialogGroups/Chapter1/Act 5/dialog_act5_16.asset using Guid(6eddfe3348f62f1438f2a9d9e11e715d) Importer(815301076,1909f56bfc062723c751e8b465ee728b)  -> (artifact id: 'cfc7f3cc5861b183d765f675e0be0e6c') in 0.027195 seconds 
========================================================================
Received Import Request.
  Time since last request: 0.000023 seconds.
  path: Assets/_ScriptableObjects/DialogsSO/DialogGroups/Chapter1/Act 5/dialog_act5_10.asset
  artifactKey: Guid(4aa825077f44cfd4ba95c7d1bcc49b8c) Importer(815301076,1909f56bfc062723c751e8b465ee728b)
Start importing Assets/_ScriptableObjects/DialogsSO/DialogGroups/Chapter1/Act 5/dialog_act5_10.asset using Guid(4aa825077f44cfd4ba95c7d1bcc49b8c) Importer(815301076,1909f56bfc062723c751e8b465ee728b)  -> (artifact id: '7ba014a80cd13dd0a8f10be120996865') in 0.015105 seconds 
========================================================================
Received Import Request.
  Time since last request: 0.000024 seconds.
  path: Assets/_ScriptableObjects/DialogsSO/DialogGroups/Chapter1/Act 5/dialog_act5_13.asset
  artifactKey: Guid(5fbd33a681f9b6544a4b257cefcd2bd4) Importer(815301076,1909f56bfc062723c751e8b465ee728b)
Start importing Assets/_ScriptableObjects/DialogsSO/DialogGroups/Chapter1/Act 5/dialog_act5_13.asset using Guid(5fbd33a681f9b6544a4b257cefcd2bd4) Importer(815301076,1909f56bfc062723c751e8b465ee728b)  -> (artifact id: '4cb30b9c46ccd6c6782be18510172676') in 0.030796 seconds 
========================================================================
Received Import Request.
  Time since last request: 0.000027 seconds.
  path: Assets/_ScriptableObjects/DialogsSO/DialogGroups/Chapter1/Act 5/dialog_act5_9.asset
  artifactKey: Guid(5ec4bf3b35a2e7f4fb49da1c03952162) Importer(815301076,1909f56bfc062723c751e8b465ee728b)
Start importing Assets/_ScriptableObjects/DialogsSO/DialogGroups/Chapter1/Act 5/dialog_act5_9.asset using Guid(5ec4bf3b35a2e7f4fb49da1c03952162) Importer(815301076,1909f56bfc062723c751e8b465ee728b)  -> (artifact id: '880c3b141bb602fd6518011aa8ac2d91') in 0.030356 seconds 
Editor requested this worker to shutdown with reason: Scaling down because of idle timeout
AssetImportWorker is now disconnected from the server
Process exiting
Exiting without the bug reporter. Application will terminate with return code 0