Using pre-set license
Built from '2021.3/staging' branch; Version is '2021.3.10f1 (1c7d0df0160b) revision 1867021'; Using compiler version '192829333'; Build Type 'Release'
OS: 'Windows 10  (10.0.19044) 64bit Core' Language: 'en' Physical Memory: 16348 MB
BatchMode: 1, IsHumanControllingUs: 0, StartBugReporterOnCrash: 0, Is64bit: 1, IsPro: 1

COMMAND LINE ARGUMENTS:
C:\Program Files\Unity\Hub\Editor\2021.3.10f1\Editor\Unity.exe
-adb2
-batchMode
-noUpm
-name
AssetImportWorker13
-projectPath
E:/Juunishi_Zodiacs/Juunishi Zodiacs v2
-logFile
Logs/AssetImportWorker13.log
-srvPort
60448
Successfully changed project path to: E:/Juunishi_Zodiacs/Juunishi Zodiacs v2
E:/Juunishi_Zodiacs/Juunishi Zodiacs v2
[UnityMemory] Configuration Parameters - Can be set up in boot.config
    "memorysetup-bucket-allocator-granularity=16"
    "memorysetup-bucket-allocator-bucket-count=8"
    "memorysetup-bucket-allocator-block-size=33554432"
    "memorysetup-bucket-allocator-block-count=8"
    "memorysetup-main-allocator-block-size=16777216"
    "memorysetup-thread-allocator-block-size=16777216"
    "memorysetup-gfx-main-allocator-block-size=16777216"
    "memorysetup-gfx-thread-allocator-block-size=16777216"
    "memorysetup-cache-allocator-block-size=4194304"
    "memorysetup-typetree-allocator-block-size=2097152"
    "memorysetup-profiler-bucket-allocator-granularity=16"
    "memorysetup-profiler-bucket-allocator-bucket-count=8"
    "memorysetup-profiler-bucket-allocator-block-size=33554432"
    "memorysetup-profiler-bucket-allocator-block-count=8"
    "memorysetup-profiler-allocator-block-size=16777216"
    "memorysetup-profiler-editor-allocator-block-size=1048576"
    "memorysetup-temp-allocator-size-main=16777216"
    "memorysetup-job-temp-allocator-block-size=2097152"
    "memorysetup-job-temp-allocator-block-size-background=1048576"
    "memorysetup-job-temp-allocator-reduction-small-platforms=262144"
    "memorysetup-temp-allocator-size-background-worker=32768"
    "memorysetup-temp-allocator-size-job-worker=262144"
    "memorysetup-temp-allocator-size-preload-manager=33554432"
    "memorysetup-temp-allocator-size-nav-mesh-worker=65536"
    "memorysetup-temp-allocator-size-audio-worker=65536"
    "memorysetup-temp-allocator-size-cloud-worker=32768"
    "memorysetup-temp-allocator-size-gi-baking-worker=262144"
    "memorysetup-temp-allocator-size-gfx=262144"
Refreshing native plugins compatible for Editor in 68.04 ms, found 3 plugins.
Preloading 0 native plugins for Editor in 0.00 ms.
Initialize engine version: 2021.3.10f1 (1c7d0df0160b)
[Subsystems] Discovering subsystems at path C:/Program Files/Unity/Hub/Editor/2021.3.10f1/Editor/Data/Resources/UnitySubsystems
[Subsystems] Discovering subsystems at path E:/Juunishi_Zodiacs/Juunishi Zodiacs v2/Assets
GfxDevice: creating device client; threaded=0; jobified=0
Direct3D:
    Version:  Direct3D 11.0 [level 11.1]
    Renderer: NVIDIA GeForce GTX 1070 (ID=0x1b81)
    Vendor:   NVIDIA
    VRAM:     8081 MB
    Driver:   31.0.15.3129
Initialize mono
Mono path[0] = 'C:/Program Files/Unity/Hub/Editor/2021.3.10f1/Editor/Data/Managed'
Mono path[1] = 'C:/Program Files/Unity/Hub/Editor/2021.3.10f1/Editor/Data/MonoBleedingEdge/lib/mono/unityjit-win32'
Mono config path = 'C:/Program Files/Unity/Hub/Editor/2021.3.10f1/Editor/Data/MonoBleedingEdge/etc'
Using monoOptions --debugger-agent=transport=dt_socket,embedding=1,server=y,suspend=n,address=127.0.0.1:56320
Begin MonoManager ReloadAssembly
Registering precompiled unity dll's ...
Register platform support module: C:/Program Files/Unity/Hub/Editor/2021.3.10f1/Editor/Data/PlaybackEngines/WindowsStandaloneSupport/UnityEditor.WindowsStandalone.Extensions.dll
Registered in 0.010145 seconds.
Native extension for WindowsStandalone target not found
Refreshing native plugins compatible for Editor in 42.09 ms, found 3 plugins.
Preloading 0 native plugins for Editor in 0.00 ms.
Mono: successfully reloaded assembly
- Completed reload, in  0.709 seconds
Domain Reload Profiling:
	ReloadAssembly (710ms)
		BeginReloadAssembly (92ms)
			ExecutionOrderSort (0ms)
			DisableScriptedObjects (0ms)
			BackupInstance (0ms)
			ReleaseScriptingObjects (0ms)
			CreateAndSetChildDomain (1ms)
		EndReloadAssembly (482ms)
			LoadAssemblies (90ms)
			RebuildTransferFunctionScriptingTraits (0ms)
			SetupTypeCache (135ms)
			ReleaseScriptCaches (0ms)
			RebuildScriptCaches (26ms)
			SetupLoadedEditorAssemblies (264ms)
				LogAssemblyErrors (0ms)
				InitializePlatformSupportModulesInManaged (7ms)
				SetLoadedEditorAssemblies (0ms)
				RefreshPlugins (42ms)
				BeforeProcessingInitializeOnLoad (1ms)
				ProcessInitializeOnLoadAttributes (163ms)
				ProcessInitializeOnLoadMethodAttributes (50ms)
				AfterProcessingInitializeOnLoad (0ms)
				EditorAssembliesLoaded (0ms)
			ExecutionOrderSort2 (0ms)
			AwakeInstancesAfterBackupRestoration (0ms)
Platform modules already initialized, skipping
Registering precompiled user dll's ...
Registered in 0.007314 seconds.
Begin MonoManager ReloadAssembly
Native extension for WindowsStandalone target not found
Refreshing native plugins compatible for Editor in 42.31 ms, found 3 plugins.
Preloading 0 native plugins for Editor in 0.00 ms.
Mono: successfully reloaded assembly
- Completed reload, in  1.043 seconds
Domain Reload Profiling:
	ReloadAssembly (1044ms)
		BeginReloadAssembly (116ms)
			ExecutionOrderSort (0ms)
			DisableScriptedObjects (7ms)
			BackupInstance (0ms)
			ReleaseScriptingObjects (0ms)
			CreateAndSetChildDomain (19ms)
		EndReloadAssembly (806ms)
			LoadAssemblies (85ms)
			RebuildTransferFunctionScriptingTraits (0ms)
			SetupTypeCache (234ms)
			ReleaseScriptCaches (0ms)
			RebuildScriptCaches (45ms)
			SetupLoadedEditorAssemblies (402ms)
				LogAssemblyErrors (0ms)
				InitializePlatformSupportModulesInManaged (6ms)
				SetLoadedEditorAssemblies (0ms)
				RefreshPlugins (42ms)
				BeforeProcessingInitializeOnLoad (65ms)
				ProcessInitializeOnLoadAttributes (233ms)
				ProcessInitializeOnLoadMethodAttributes (44ms)
				AfterProcessingInitializeOnLoad (11ms)
				EditorAssembliesLoaded (0ms)
			ExecutionOrderSort2 (0ms)
			AwakeInstancesAfterBackupRestoration (6ms)
Platform modules already initialized, skipping
========================================================================
Worker process is ready to serve import requests
Launched and connected shader compiler UnityShaderCompiler.exe after 0.05 seconds
Refreshing native plugins compatible for Editor in 0.46 ms, found 3 plugins.
Preloading 0 native plugins for Editor in 0.00 ms.
Unloading 2546 Unused Serialized files (Serialized files now loaded: 0)
Unloading 33 unused Assets / (56.1 KB). Loaded Objects now: 3009.
Memory consumption went from 113.3 MB to 113.2 MB.
Total: 2.897300 ms (FindLiveObjects: 0.251400 ms CreateObjectMapping: 0.127800 ms MarkObjects: 2.413800 ms  DeleteObjects: 0.103400 ms)

AssetImportParameters requested are different than current active one (requested -> active):
  custom:video-decoder-ogg-theora: a1e56fd34408186e4bbccfd4996cb3dc -> 
  custom:container-muxer-webm: aa71ff27fc2769a1b78a27578f13a17b -> 
  custom:container-demuxer-webm: 4f35f7cbe854078d1ac9338744f61a02 -> 
  custom:video-encoder-webm-vp8: eb34c28f22e8b96e1ab97ce403110664 -> 
  custom:audio-encoder-webm-vorbis: bf7c407c2cedff20999df2af8eb42d56 -> 
  custom:framework-win-MediaFoundation: 216162199b28c13a410421893ffa2e32 -> 
  custom:container-demuxer-ogg: 62fdf1f143b41e24485cea50d1cbac27 -> 
  custom:video-decoder-webm-vp8: 9c59270c3fd7afecdb556c50c9e8de78 -> 
  custom:audio-decoder-ogg-vorbis: bf7c407c2cedff20999df2af8eb42d56 -> 
========================================================================
Received Import Request.
  Time since last request: 123389.578478 seconds.
  path: Assets/Sprites/Characters/Full Body/Enemies/Ittan Momen/en_ittanMomen_damage_metal.png
  artifactKey: Guid(85ff48281ccc9944a855d302896584ee) Importer(815301076,1909f56bfc062723c751e8b465ee728b)
Start importing Assets/Sprites/Characters/Full Body/Enemies/Ittan Momen/en_ittanMomen_damage_metal.png using Guid(85ff48281ccc9944a855d302896584ee) Importer(815301076,1909f56bfc062723c751e8b465ee728b)  -> (artifact id: 'f4b55d3fdade2a4910a4259ca2c201ec') in 0.649955 seconds 
========================================================================
Received Import Request.
  Time since last request: 0.000022 seconds.
  path: Assets/Sprites/Characters/Full Body/Enemies/Ittan Momen/en_ittanMomen_damage_water.png
  artifactKey: Guid(c1b397b60a1d3a8479d263cb46067ece) Importer(815301076,1909f56bfc062723c751e8b465ee728b)
Start importing Assets/Sprites/Characters/Full Body/Enemies/Ittan Momen/en_ittanMomen_damage_water.png using Guid(c1b397b60a1d3a8479d263cb46067ece) Importer(815301076,1909f56bfc062723c751e8b465ee728b)  -> (artifact id: '2233c5dc395f777f0ca6e892a8bc4dad') in 0.422611 seconds 
========================================================================
Received Import Request.
  Time since last request: 0.000030 seconds.
  path: Assets/Sprites/Characters/Full Body/Enemies/Ittan Momen/en_ittanMomen_water_damage_water.png
  artifactKey: Guid(f1324dc6c62251a4dabf113bf46707b8) Importer(815301076,1909f56bfc062723c751e8b465ee728b)
Start importing Assets/Sprites/Characters/Full Body/Enemies/Ittan Momen/en_ittanMomen_water_damage_water.png using Guid(f1324dc6c62251a4dabf113bf46707b8) Importer(815301076,1909f56bfc062723c751e8b465ee728b)  -> (artifact id: '7e1b880dbe3832a544323371152e7de9') in 0.580464 seconds 
========================================================================
Received Import Request.
  Time since last request: 9.779871 seconds.
  path: Assets/Sprites/Characters/Full Body/Enemies/Funayurei/en_funayurei_damage_metal.png
  artifactKey: Guid(2f74956df5afff54cb13d8c318fa5734) Importer(815301076,1909f56bfc062723c751e8b465ee728b)
Start importing Assets/Sprites/Characters/Full Body/Enemies/Funayurei/en_funayurei_damage_metal.png using Guid(2f74956df5afff54cb13d8c318fa5734) Importer(815301076,1909f56bfc062723c751e8b465ee728b)  -> (artifact id: '4b477447e6247bf19ba1a76d6a784ba1') in 0.745362 seconds 
========================================================================
Received Import Request.
  Time since last request: 7.819560 seconds.
  path: Assets/Sprites/Characters/Full Body/Enemies/Desfiguration/en_desfiguration_damage_metal.png
  artifactKey: Guid(2c5ccce5c791bd14cb0ada31c7d99635) Importer(815301076,1909f56bfc062723c751e8b465ee728b)
Start importing Assets/Sprites/Characters/Full Body/Enemies/Desfiguration/en_desfiguration_damage_metal.png using Guid(2c5ccce5c791bd14cb0ada31c7d99635) Importer(815301076,1909f56bfc062723c751e8b465ee728b)  -> (artifact id: 'c9e75610fb19ee658a38f0cb79092cfd') in 0.622685 seconds 
========================================================================
Received Import Request.
  Time since last request: 0.000041 seconds.
  path: Assets/Sprites/Characters/Full Body/Enemies/Desfiguration/en_desfiguration_damage_physical.png
  artifactKey: Guid(754c8fed60b4f5749801cdd885435ff7) Importer(815301076,1909f56bfc062723c751e8b465ee728b)
Start importing Assets/Sprites/Characters/Full Body/Enemies/Desfiguration/en_desfiguration_damage_physical.png using Guid(754c8fed60b4f5749801cdd885435ff7) Importer(815301076,1909f56bfc062723c751e8b465ee728b)  -> (artifact id: 'cff6e59a41f47e1bdd333ea691f88b30') in 0.395831 seconds 
========================================================================
Received Import Request.
  Time since last request: 31.804665 seconds.
  path: Assets/Sprites/Characters/Full Body/Gods/Bosses/God of Mischief/fu_mischiefGod_damage_water.png
  artifactKey: Guid(6cae1cac912a6cb4395e414aba831a8a) Importer(815301076,1909f56bfc062723c751e8b465ee728b)
Start importing Assets/Sprites/Characters/Full Body/Gods/Bosses/God of Mischief/fu_mischiefGod_damage_water.png using Guid(6cae1cac912a6cb4395e414aba831a8a) Importer(815301076,1909f56bfc062723c751e8b465ee728b)  -> (artifact id: '05e66cbe9aa58fecfe55dd37c394d091') in 0.445233 seconds 
========================================================================
Received Import Request.
  Time since last request: 0.000092 seconds.
  path: Assets/Sprites/Characters/Full Body/Gods/Bosses/God of Mischief/fu_mischiefGod_healing.png
  artifactKey: Guid(84787e869785e864fb9e6a4b1dda440b) Importer(815301076,1909f56bfc062723c751e8b465ee728b)
Start importing Assets/Sprites/Characters/Full Body/Gods/Bosses/God of Mischief/fu_mischiefGod_healing.png using Guid(84787e869785e864fb9e6a4b1dda440b) Importer(815301076,1909f56bfc062723c751e8b465ee728b)  -> (artifact id: 'a90c916d10d78814e43987944095b3d0') in 0.417267 seconds 
========================================================================
Received Import Request.
  Time since last request: 6.624940 seconds.
  path: Assets/Sprites/Characters/Full Body/Gods/Bosses/God of Words/fu_Fushimi_God_damage_physical.png
  artifactKey: Guid(25341bf1c37d3f0428e6e226598a924d) Importer(815301076,1909f56bfc062723c751e8b465ee728b)
Start importing Assets/Sprites/Characters/Full Body/Gods/Bosses/God of Words/fu_Fushimi_God_damage_physical.png using Guid(25341bf1c37d3f0428e6e226598a924d) Importer(815301076,1909f56bfc062723c751e8b465ee728b)  -> (artifact id: '8b003f75f717adc8ab9ab594476af8f7') in 0.581975 seconds 
========================================================================
Received Import Request.
  Time since last request: 0.000032 seconds.
  path: Assets/Sprites/Characters/Full Body/Gods/Bosses/God of Words/fu_Fushimi_God_damage_plant.png
  artifactKey: Guid(266e1b93c46045a4db703792e6172767) Importer(815301076,1909f56bfc062723c751e8b465ee728b)
Start importing Assets/Sprites/Characters/Full Body/Gods/Bosses/God of Words/fu_Fushimi_God_damage_plant.png using Guid(266e1b93c46045a4db703792e6172767) Importer(815301076,1909f56bfc062723c751e8b465ee728b)  -> (artifact id: 'f96e658bf47a6187afb7bb0c61273c6c') in 0.477961 seconds 
========================================================================
Received Import Request.
  Time since last request: 15.725650 seconds.
  path: Assets/Sprites/Characters/Full Body/Gods/Sun&Moon/fu_MoonGod_2feliz.png
  artifactKey: Guid(8b92a89f0ed7605439c6404b2e8e6f95) Importer(815301076,1909f56bfc062723c751e8b465ee728b)
Start importing Assets/Sprites/Characters/Full Body/Gods/Sun&Moon/fu_MoonGod_2feliz.png using Guid(8b92a89f0ed7605439c6404b2e8e6f95) Importer(815301076,1909f56bfc062723c751e8b465ee728b)  -> (artifact id: '341fdfa10b5c42e2ea93702908e41fa0') in 0.438148 seconds 
Editor requested this worker to shutdown with reason: Scaling down because of idle timeout
AssetImportWorker is now disconnected from the server
Process exiting
Exiting without the bug reporter. Application will terminate with return code 0