Using pre-set license
Built from '2021.3/staging' branch; Version is '2021.3.10f1 (1c7d0df0160b) revision 1867021'; Using compiler version '192829333'; Build Type 'Release'
OS: 'Windows 11  (10.0.22621) 64bit Core' Language: 'pt' Physical Memory: 15629 MB
BatchMode: 1, IsHumanControllingUs: 0, StartBugReporterOnCrash: 0, Is64bit: 1, IsPro: 1

COMMAND LINE ARGUMENTS:
C:\Program Files\Unity\Hub\Editor\2021.3.10f1\Editor\Unity.exe
-adb2
-batchMode
-noUpm
-name
AssetImportWorker14
-projectPath
C:/Users/pikia/OneDrive/Documentos/.Documentos/21-23 ETIC/Modulo 18 Projeto Final/Projeto em GitHub e Sourcetree/Juunishi Zodiacs v2
-logFile
Logs/AssetImportWorker14.log
-srvPort
59883
Successfully changed project path to: C:/Users/pikia/OneDrive/Documentos/.Documentos/21-23 ETIC/Modulo 18 Projeto Final/Projeto em GitHub e Sourcetree/Juunishi Zodiacs v2
C:/Users/pikia/OneDrive/Documentos/.Documentos/21-23 ETIC/Modulo 18 Projeto Final/Projeto em GitHub e Sourcetree/Juunishi Zodiacs v2
[UnityMemory] Configuration Parameters - Can be set up in boot.config
    "memorysetup-bucket-allocator-granularity=16"
    "memorysetup-bucket-allocator-bucket-count=8"
    "memorysetup-bucket-allocator-block-size=33554432"
    "memorysetup-bucket-allocator-block-count=8"
    "memorysetup-main-allocator-block-size=16777216"
    "memorysetup-thread-allocator-block-size=16777216"
    "memorysetup-gfx-main-allocator-block-size=16777216"
    "memorysetup-gfx-thread-allocator-block-size=16777216"
    "memorysetup-cache-allocator-block-size=4194304"
    "memorysetup-typetree-allocator-block-size=2097152"
    "memorysetup-profiler-bucket-allocator-granularity=16"
    "memorysetup-profiler-bucket-allocator-bucket-count=8"
    "memorysetup-profiler-bucket-allocator-block-size=33554432"
    "memorysetup-profiler-bucket-allocator-block-count=8"
    "memorysetup-profiler-allocator-block-size=16777216"
    "memorysetup-profiler-editor-allocator-block-size=1048576"
    "memorysetup-temp-allocator-size-main=16777216"
    "memorysetup-job-temp-allocator-block-size=2097152"
    "memorysetup-job-temp-allocator-block-size-background=1048576"
    "memorysetup-job-temp-allocator-reduction-small-platforms=262144"
    "memorysetup-temp-allocator-size-background-worker=32768"
    "memorysetup-temp-allocator-size-job-worker=262144"
    "memorysetup-temp-allocator-size-preload-manager=33554432"
    "memorysetup-temp-allocator-size-nav-mesh-worker=65536"
    "memorysetup-temp-allocator-size-audio-worker=65536"
    "memorysetup-temp-allocator-size-cloud-worker=32768"
    "memorysetup-temp-allocator-size-gi-baking-worker=262144"
    "memorysetup-temp-allocator-size-gfx=262144"
Refreshing native plugins compatible for Editor in 47.81 ms, found 3 plugins.
Preloading 0 native plugins for Editor in 0.00 ms.
Initialize engine version: 2021.3.10f1 (1c7d0df0160b)
[Subsystems] Discovering subsystems at path C:/Program Files/Unity/Hub/Editor/2021.3.10f1/Editor/Data/Resources/UnitySubsystems
[Subsystems] Discovering subsystems at path C:/Users/pikia/OneDrive/Documentos/.Documentos/21-23 ETIC/Modulo 18 Projeto Final/Projeto em GitHub e Sourcetree/Juunishi Zodiacs v2/Assets
GfxDevice: creating device client; threaded=0; jobified=0
Direct3D:
    Version:  Direct3D 11.0 [level 11.1]
    Renderer: AMD Radeon(TM) Graphics (ID=0x1681)
    Vendor:   ATI
    VRAM:     7814 MB
    Driver:   30.0.14018.19001
Initialize mono
Mono path[0] = 'C:/Program Files/Unity/Hub/Editor/2021.3.10f1/Editor/Data/Managed'
Mono path[1] = 'C:/Program Files/Unity/Hub/Editor/2021.3.10f1/Editor/Data/MonoBleedingEdge/lib/mono/unityjit-win32'
Mono config path = 'C:/Program Files/Unity/Hub/Editor/2021.3.10f1/Editor/Data/MonoBleedingEdge/etc'
Using monoOptions --debugger-agent=transport=dt_socket,embedding=1,server=y,suspend=n,address=127.0.0.1:56016
Begin MonoManager ReloadAssembly
Registering precompiled unity dll's ...
Register platform support module: C:/Program Files/Unity/Hub/Editor/2021.3.10f1/Editor/Data/PlaybackEngines/WindowsStandaloneSupport/UnityEditor.WindowsStandalone.Extensions.dll
Registered in 0.004858 seconds.
Native extension for WindowsStandalone target not found
Refreshing native plugins compatible for Editor in 40.34 ms, found 3 plugins.
Preloading 0 native plugins for Editor in 0.00 ms.
Mono: successfully reloaded assembly
- Completed reload, in  0.489 seconds
Domain Reload Profiling:
	ReloadAssembly (490ms)
		BeginReloadAssembly (59ms)
			ExecutionOrderSort (0ms)
			DisableScriptedObjects (0ms)
			BackupInstance (0ms)
			ReleaseScriptingObjects (0ms)
			CreateAndSetChildDomain (1ms)
		EndReloadAssembly (342ms)
			LoadAssemblies (57ms)
			RebuildTransferFunctionScriptingTraits (0ms)
			SetupTypeCache (77ms)
			ReleaseScriptCaches (0ms)
			RebuildScriptCaches (24ms)
			SetupLoadedEditorAssemblies (198ms)
				LogAssemblyErrors (0ms)
				InitializePlatformSupportModulesInManaged (7ms)
				SetLoadedEditorAssemblies (0ms)
				RefreshPlugins (40ms)
				BeforeProcessingInitializeOnLoad (1ms)
				ProcessInitializeOnLoadAttributes (114ms)
				ProcessInitializeOnLoadMethodAttributes (36ms)
				AfterProcessingInitializeOnLoad (0ms)
				EditorAssembliesLoaded (0ms)
			ExecutionOrderSort2 (0ms)
			AwakeInstancesAfterBackupRestoration (0ms)
Platform modules already initialized, skipping
Registering precompiled user dll's ...
Registered in 0.005639 seconds.
Begin MonoManager ReloadAssembly
Native extension for WindowsStandalone target not found
Refreshing native plugins compatible for Editor in 31.86 ms, found 3 plugins.
Preloading 0 native plugins for Editor in 0.00 ms.
Mono: successfully reloaded assembly
- Completed reload, in  0.784 seconds
Domain Reload Profiling:
	ReloadAssembly (785ms)
		BeginReloadAssembly (87ms)
			ExecutionOrderSort (0ms)
			DisableScriptedObjects (4ms)
			BackupInstance (0ms)
			ReleaseScriptingObjects (0ms)
			CreateAndSetChildDomain (20ms)
		EndReloadAssembly (610ms)
			LoadAssemblies (60ms)
			RebuildTransferFunctionScriptingTraits (0ms)
			SetupTypeCache (141ms)
			ReleaseScriptCaches (0ms)
			RebuildScriptCaches (36ms)
			SetupLoadedEditorAssemblies (333ms)
				LogAssemblyErrors (0ms)
				InitializePlatformSupportModulesInManaged (3ms)
				SetLoadedEditorAssemblies (0ms)
				RefreshPlugins (32ms)
				BeforeProcessingInitializeOnLoad (61ms)
				ProcessInitializeOnLoadAttributes (188ms)
				ProcessInitializeOnLoadMethodAttributes (41ms)
				AfterProcessingInitializeOnLoad (7ms)
				EditorAssembliesLoaded (0ms)
			ExecutionOrderSort2 (0ms)
			AwakeInstancesAfterBackupRestoration (5ms)
Platform modules already initialized, skipping
========================================================================
Worker process is ready to serve import requests
Launched and connected shader compiler UnityShaderCompiler.exe after 0.06 seconds
Refreshing native plugins compatible for Editor in 0.65 ms, found 3 plugins.
Preloading 0 native plugins for Editor in 0.00 ms.
Unloading 2541 Unused Serialized files (Serialized files now loaded: 0)
Unloading 33 unused Assets / (56.6 KB). Loaded Objects now: 3003.
Memory consumption went from 114.3 MB to 114.2 MB.
Total: 3.079400 ms (FindLiveObjects: 0.206800 ms CreateObjectMapping: 0.070600 ms MarkObjects: 2.720500 ms  DeleteObjects: 0.080500 ms)

AssetImportParameters requested are different than current active one (requested -> active):
  custom:video-decoder-ogg-theora: a1e56fd34408186e4bbccfd4996cb3dc -> 
  custom:container-muxer-webm: aa71ff27fc2769a1b78a27578f13a17b -> 
  custom:container-demuxer-webm: 4f35f7cbe854078d1ac9338744f61a02 -> 
  custom:video-encoder-webm-vp8: eb34c28f22e8b96e1ab97ce403110664 -> 
  custom:video-codec-MediaFoundation-h265: 746d11721c4dcdbdad8f713fa42b33f4 -> 
  custom:audio-encoder-webm-vorbis: bf7c407c2cedff20999df2af8eb42d56 -> 
  custom:framework-win-MediaFoundation: 216162199b28c13a410421893ffa2e32 -> 
  custom:container-demuxer-ogg: 62fdf1f143b41e24485cea50d1cbac27 -> 
  custom:video-decoder-webm-vp8: 9c59270c3fd7afecdb556c50c9e8de78 -> 
  custom:audio-decoder-ogg-vorbis: bf7c407c2cedff20999df2af8eb42d56 -> 
========================================================================
Received Import Request.
  Time since last request: 384207.677614 seconds.
  path: Assets/Sprites/Characters/Full Body/Characters/Akira/Outfit 2/Akira_v2_4nervoso.png
  artifactKey: Guid(9e066ac9c76daef458773618f99318bc) Importer(815301076,1909f56bfc062723c751e8b465ee728b)
Start importing Assets/Sprites/Characters/Full Body/Characters/Akira/Outfit 2/Akira_v2_4nervoso.png using Guid(9e066ac9c76daef458773618f99318bc) Importer(815301076,1909f56bfc062723c751e8b465ee728b)  -> (artifact id: '32d03b39687a0e3a3603c33118456639') in 0.315362 seconds 
========================================================================
Received Import Request.
  Time since last request: 22.535177 seconds.
  path: Assets/Sprites/Interface/Combat/Bar_Player_HP.png
  artifactKey: Guid(354438f564620844fa79186e8c51cd25) Importer(815301076,1909f56bfc062723c751e8b465ee728b)
Start importing Assets/Sprites/Interface/Combat/Bar_Player_HP.png using Guid(354438f564620844fa79186e8c51cd25) Importer(815301076,1909f56bfc062723c751e8b465ee728b)  -> (artifact id: '7924611763292ca6d4d5e52fe51f3b5f') in 0.015480 seconds 
========================================================================
Received Import Request.
  Time since last request: 0.000032 seconds.
  path: Assets/Sprites/Interface/Combat/HP barra 2.png
  artifactKey: Guid(1ed208253bb4bb041a4fd222d93f935f) Importer(815301076,1909f56bfc062723c751e8b465ee728b)
Start importing Assets/Sprites/Interface/Combat/HP barra 2.png using Guid(1ed208253bb4bb041a4fd222d93f935f) Importer(815301076,1909f56bfc062723c751e8b465ee728b)  -> (artifact id: 'f4dd1b08c481be334640e4763c3f964b') in 0.018185 seconds 
========================================================================
Received Import Request.
  Time since last request: 0.000038 seconds.
  path: Assets/Sprites/Interface/Combat/Efeitos Combate.png
  artifactKey: Guid(08f6d97e9c034ae40b66df3594727b12) Importer(815301076,1909f56bfc062723c751e8b465ee728b)
Start importing Assets/Sprites/Interface/Combat/Efeitos Combate.png using Guid(08f6d97e9c034ae40b66df3594727b12) Importer(815301076,1909f56bfc062723c751e8b465ee728b)  -> (artifact id: '0982cca0a1f903ee207a107aa71f8f0d') in 0.070073 seconds 
========================================================================
Received Import Request.
  Time since last request: 1.478858 seconds.
  path: Assets/Sprites/Interface/Combat/Select_Red_Player.png
  artifactKey: Guid(c04832c3398bd4648be461e0a85a35cc) Importer(815301076,1909f56bfc062723c751e8b465ee728b)
Start importing Assets/Sprites/Interface/Combat/Select_Red_Player.png using Guid(c04832c3398bd4648be461e0a85a35cc) Importer(815301076,1909f56bfc062723c751e8b465ee728b)  -> (artifact id: '475b01f2d393e51a89b2d31a3586ce12') in 0.033907 seconds 
========================================================================
Received Import Request.
  Time since last request: 3.649263 seconds.
  path: Assets/Sprites/Interface/Combat/Menu_Action_Select_Arrow.png
  artifactKey: Guid(4cbafb48f6e98fb4e81ba3147bbaf20d) Importer(815301076,1909f56bfc062723c751e8b465ee728b)
Start importing Assets/Sprites/Interface/Combat/Menu_Action_Select_Arrow.png using Guid(4cbafb48f6e98fb4e81ba3147bbaf20d) Importer(815301076,1909f56bfc062723c751e8b465ee728b)  -> (artifact id: '9e24d72fd241b96ce243bb22fb175965') in 0.011895 seconds 
========================================================================
Received Import Request.
  Time since last request: 0.000030 seconds.
  path: Assets/Sprites/Interface/Combat/Select_Blue_Player.png
  artifactKey: Guid(97310b3608987aa4ca000a04c60b2f52) Importer(815301076,1909f56bfc062723c751e8b465ee728b)
Start importing Assets/Sprites/Interface/Combat/Select_Blue_Player.png using Guid(97310b3608987aa4ca000a04c60b2f52) Importer(815301076,1909f56bfc062723c751e8b465ee728b)  -> (artifact id: '8cd68827fe36a5ab6bd4498328251957') in 0.029598 seconds 
========================================================================
Received Import Request.
  Time since last request: 9.898998 seconds.
  path: Assets/Sprites/Interface/Combat/Bar_Player_HP.png
  artifactKey: Guid(354438f564620844fa79186e8c51cd25) Importer(815301076,1909f56bfc062723c751e8b465ee728b)
Start importing Assets/Sprites/Interface/Combat/Bar_Player_HP.png using Guid(354438f564620844fa79186e8c51cd25) Importer(815301076,1909f56bfc062723c751e8b465ee728b)  -> (artifact id: 'ad383afe97be8a39f9c48e0a3c729bc7') in 0.010462 seconds 
========================================================================
Received Import Request.
  Time since last request: 0.000031 seconds.
  path: Assets/Sprites/Interface/Combat/Bar_Player_SP.png
  artifactKey: Guid(be81039131d30814fa35f72967beafdd) Importer(815301076,1909f56bfc062723c751e8b465ee728b)
Start importing Assets/Sprites/Interface/Combat/Bar_Player_SP.png using Guid(be81039131d30814fa35f72967beafdd) Importer(815301076,1909f56bfc062723c751e8b465ee728b)  -> (artifact id: '094055371deb71e77ce5053f70210251') in 0.011458 seconds 
========================================================================
Received Import Request.
  Time since last request: 10.951303 seconds.
  path: Assets/Sprites/Interface/Combat/Menu_Action_Select_Arrow.png
  artifactKey: Guid(4cbafb48f6e98fb4e81ba3147bbaf20d) Importer(815301076,1909f56bfc062723c751e8b465ee728b)
Start importing Assets/Sprites/Interface/Combat/Menu_Action_Select_Arrow.png using Guid(4cbafb48f6e98fb4e81ba3147bbaf20d) Importer(815301076,1909f56bfc062723c751e8b465ee728b)  -> (artifact id: 'ba794d78ee71e0d109b9615842b70f03') in 0.010173 seconds 
========================================================================
Received Import Request.
  Time since last request: 0.000033 seconds.
  path: Assets/Sprites/Interface/Combat/Select_Blue_Player.png
  artifactKey: Guid(97310b3608987aa4ca000a04c60b2f52) Importer(815301076,1909f56bfc062723c751e8b465ee728b)
Start importing Assets/Sprites/Interface/Combat/Select_Blue_Player.png using Guid(97310b3608987aa4ca000a04c60b2f52) Importer(815301076,1909f56bfc062723c751e8b465ee728b)  -> (artifact id: '6d626eb3a82d9c9c034b6804061de8a6') in 0.026550 seconds 
========================================================================
Received Import Request.
  Time since last request: 849.106140 seconds.
  path: Assets/Sprites/Characters/Expressions/Akira/Outfit 1/Akira_v1_2feliz_profile.png
  artifactKey: Guid(9179e8650481bcb4e8b7ee3bb37b0ac1) Importer(815301076,1909f56bfc062723c751e8b465ee728b)
Start importing Assets/Sprites/Characters/Expressions/Akira/Outfit 1/Akira_v1_2feliz_profile.png using Guid(9179e8650481bcb4e8b7ee3bb37b0ac1) Importer(815301076,1909f56bfc062723c751e8b465ee728b)  -> (artifact id: '2f6db40f88282674ae328f4c1ecf00bc') in 0.152347 seconds 
========================================================================
Received Import Request.
  Time since last request: 0.000035 seconds.
  path: Assets/Sprites/Characters/Expressions/Akira/Outfit 1/Akira_v1_4nervoso_profile.png
  artifactKey: Guid(972ca15c75d9adf49b85fb5219c91a40) Importer(815301076,1909f56bfc062723c751e8b465ee728b)
Start importing Assets/Sprites/Characters/Expressions/Akira/Outfit 1/Akira_v1_4nervoso_profile.png using Guid(972ca15c75d9adf49b85fb5219c91a40) Importer(815301076,1909f56bfc062723c751e8b465ee728b)  -> (artifact id: 'b0c4085647b3b4d89c18e333b5292632') in 0.094067 seconds 
========================================================================
Received Import Request.
  Time since last request: 0.000084 seconds.
  path: Assets/Sprites/Characters/Expressions/Akira/Outfit 1/Akira_v1_5triste_profile.png
  artifactKey: Guid(17e3a99a54138a942b0ceb8eae178be2) Importer(815301076,1909f56bfc062723c751e8b465ee728b)
Start importing Assets/Sprites/Characters/Expressions/Akira/Outfit 1/Akira_v1_5triste_profile.png using Guid(17e3a99a54138a942b0ceb8eae178be2) Importer(815301076,1909f56bfc062723c751e8b465ee728b)  -> (artifact id: '9258e6b67c7bf1f3db2ba402c02c158e') in 0.086946 seconds 
========================================================================
Received Import Request.
  Time since last request: 0.000024 seconds.
  path: Assets/Sprites/Characters/Expressions/Akira/Outfit 1/Akira_v1_3surpreso_profile.png
  artifactKey: Guid(62673a48404c5f84999c22a88bbc46d0) Importer(815301076,1909f56bfc062723c751e8b465ee728b)
Start importing Assets/Sprites/Characters/Expressions/Akira/Outfit 1/Akira_v1_3surpreso_profile.png using Guid(62673a48404c5f84999c22a88bbc46d0) Importer(815301076,1909f56bfc062723c751e8b465ee728b)  -> (artifact id: '5fc64f639b6648da776b96a7df1d42e9') in 0.109616 seconds 
========================================================================
Received Import Request.
  Time since last request: 9.506554 seconds.
  path: Assets/Sprites/Characters/Expressions/Akira/Outfit 2/Akira_v2_2feliz_profile.png
  artifactKey: Guid(c5e7459fbb305bd46b65e5b62c055e5e) Importer(815301076,1909f56bfc062723c751e8b465ee728b)
Start importing Assets/Sprites/Characters/Expressions/Akira/Outfit 2/Akira_v2_2feliz_profile.png using Guid(c5e7459fbb305bd46b65e5b62c055e5e) Importer(815301076,1909f56bfc062723c751e8b465ee728b)  -> (artifact id: '7b7d9824b518559d96a9c27c39a0298e') in 0.075957 seconds 
========================================================================
Received Import Request.
  Time since last request: 0.000031 seconds.
  path: Assets/Sprites/Characters/Expressions/Akira/Outfit 2/Akira_v2_5triste_profile.png
  artifactKey: Guid(51e51fac49154bd47b87240de4213d8f) Importer(815301076,1909f56bfc062723c751e8b465ee728b)
Start importing Assets/Sprites/Characters/Expressions/Akira/Outfit 2/Akira_v2_5triste_profile.png using Guid(51e51fac49154bd47b87240de4213d8f) Importer(815301076,1909f56bfc062723c751e8b465ee728b)  -> (artifact id: '74419cbd7341465c51e5c330b59bbb0b') in 0.094755 seconds 
========================================================================
Received Import Request.
  Time since last request: 0.000034 seconds.
  path: Assets/Sprites/Characters/Expressions/Akira/Outfit 2/Akira_v2_7irritado_profile.png
  artifactKey: Guid(beca9c9847dc75a44a599176aed78030) Importer(815301076,1909f56bfc062723c751e8b465ee728b)
Start importing Assets/Sprites/Characters/Expressions/Akira/Outfit 2/Akira_v2_7irritado_profile.png using Guid(beca9c9847dc75a44a599176aed78030) Importer(815301076,1909f56bfc062723c751e8b465ee728b)  -> (artifact id: '1e6ff54ce8850ade9288096bf7d0f865') in 0.086497 seconds 
========================================================================
Received Import Request.
  Time since last request: 0.000023 seconds.
  path: Assets/Sprites/Characters/Expressions/Akira/Outfit 2/Akira_v2_4nervoso_profile.png
  artifactKey: Guid(0530a443951b770439814a5799a0b4d7) Importer(815301076,1909f56bfc062723c751e8b465ee728b)
Start importing Assets/Sprites/Characters/Expressions/Akira/Outfit 2/Akira_v2_4nervoso_profile.png using Guid(0530a443951b770439814a5799a0b4d7) Importer(815301076,1909f56bfc062723c751e8b465ee728b)  -> (artifact id: '4e4fa8afa4729d3531c69161985e1ac6') in 0.101025 seconds 
