Using pre-set license
Built from '2021.3/staging' branch; Version is '2021.3.10f1 (1c7d0df0160b) revision 1867021'; Using compiler version '192829333'; Build Type 'Release'
OS: 'Windows 10  (10.0.19044) 64bit Core' Language: 'en' Physical Memory: 16348 MB
BatchMode: 1, IsHumanControllingUs: 0, StartBugReporterOnCrash: 0, Is64bit: 1, IsPro: 1

COMMAND LINE ARGUMENTS:
C:\Program Files\Unity\Hub\Editor\2021.3.10f1\Editor\Unity.exe
-adb2
-batchMode
-noUpm
-name
AssetImportWorker0
-projectPath
E:/Juunishi_Zodiacs/Juunishi Zodiacs v2
-logFile
Logs/AssetImportWorker0.log
-srvPort
51917
Successfully changed project path to: E:/Juunishi_Zodiacs/Juunishi Zodiacs v2
E:/Juunishi_Zodiacs/Juunishi Zodiacs v2
[UnityMemory] Configuration Parameters - Can be set up in boot.config
    "memorysetup-bucket-allocator-granularity=16"
    "memorysetup-bucket-allocator-bucket-count=8"
    "memorysetup-bucket-allocator-block-size=33554432"
    "memorysetup-bucket-allocator-block-count=8"
    "memorysetup-main-allocator-block-size=16777216"
    "memorysetup-thread-allocator-block-size=16777216"
    "memorysetup-gfx-main-allocator-block-size=16777216"
    "memorysetup-gfx-thread-allocator-block-size=16777216"
    "memorysetup-cache-allocator-block-size=4194304"
    "memorysetup-typetree-allocator-block-size=2097152"
    "memorysetup-profiler-bucket-allocator-granularity=16"
    "memorysetup-profiler-bucket-allocator-bucket-count=8"
    "memorysetup-profiler-bucket-allocator-block-size=33554432"
    "memorysetup-profiler-bucket-allocator-block-count=8"
    "memorysetup-profiler-allocator-block-size=16777216"
    "memorysetup-profiler-editor-allocator-block-size=1048576"
    "memorysetup-temp-allocator-size-main=16777216"
    "memorysetup-job-temp-allocator-block-size=2097152"
    "memorysetup-job-temp-allocator-block-size-background=1048576"
    "memorysetup-job-temp-allocator-reduction-small-platforms=262144"
    "memorysetup-temp-allocator-size-background-worker=32768"
    "memorysetup-temp-allocator-size-job-worker=262144"
    "memorysetup-temp-allocator-size-preload-manager=33554432"
    "memorysetup-temp-allocator-size-nav-mesh-worker=65536"
    "memorysetup-temp-allocator-size-audio-worker=65536"
    "memorysetup-temp-allocator-size-cloud-worker=32768"
    "memorysetup-temp-allocator-size-gi-baking-worker=262144"
    "memorysetup-temp-allocator-size-gfx=262144"
Refreshing native plugins compatible for Editor in 44.39 ms, found 3 plugins.
Preloading 0 native plugins for Editor in 0.00 ms.
Initialize engine version: 2021.3.10f1 (1c7d0df0160b)
[Subsystems] Discovering subsystems at path C:/Program Files/Unity/Hub/Editor/2021.3.10f1/Editor/Data/Resources/UnitySubsystems
[Subsystems] Discovering subsystems at path E:/Juunishi_Zodiacs/Juunishi Zodiacs v2/Assets
GfxDevice: creating device client; threaded=0; jobified=0
Direct3D:
    Version:  Direct3D 11.0 [level 11.1]
    Renderer: NVIDIA GeForce GTX 1070 (ID=0x1b81)
    Vendor:   NVIDIA
    VRAM:     8081 MB
    Driver:   31.0.15.2737
Initialize mono
Mono path[0] = 'C:/Program Files/Unity/Hub/Editor/2021.3.10f1/Editor/Data/Managed'
Mono path[1] = 'C:/Program Files/Unity/Hub/Editor/2021.3.10f1/Editor/Data/MonoBleedingEdge/lib/mono/unityjit-win32'
Mono config path = 'C:/Program Files/Unity/Hub/Editor/2021.3.10f1/Editor/Data/MonoBleedingEdge/etc'
Using monoOptions --debugger-agent=transport=dt_socket,embedding=1,server=y,suspend=n,address=127.0.0.1:56648
Begin MonoManager ReloadAssembly
Registering precompiled unity dll's ...
Register platform support module: C:/Program Files/Unity/Hub/Editor/2021.3.10f1/Editor/Data/PlaybackEngines/WindowsStandaloneSupport/UnityEditor.WindowsStandalone.Extensions.dll
Registered in 0.009308 seconds.
Native extension for WindowsStandalone target not found
Refreshing native plugins compatible for Editor in 51.77 ms, found 3 plugins.
Preloading 0 native plugins for Editor in 0.00 ms.
Mono: successfully reloaded assembly
- Completed reload, in  0.732 seconds
Domain Reload Profiling:
	ReloadAssembly (732ms)
		BeginReloadAssembly (93ms)
			ExecutionOrderSort (0ms)
			DisableScriptedObjects (0ms)
			BackupInstance (0ms)
			ReleaseScriptingObjects (0ms)
			CreateAndSetChildDomain (1ms)
		EndReloadAssembly (507ms)
			LoadAssemblies (91ms)
			RebuildTransferFunctionScriptingTraits (0ms)
			SetupTypeCache (143ms)
			ReleaseScriptCaches (0ms)
			RebuildScriptCaches (35ms)
			SetupLoadedEditorAssemblies (273ms)
				LogAssemblyErrors (0ms)
				InitializePlatformSupportModulesInManaged (12ms)
				SetLoadedEditorAssemblies (0ms)
				RefreshPlugins (52ms)
				BeforeProcessingInitializeOnLoad (1ms)
				ProcessInitializeOnLoadAttributes (155ms)
				ProcessInitializeOnLoadMethodAttributes (53ms)
				AfterProcessingInitializeOnLoad (0ms)
				EditorAssembliesLoaded (0ms)
			ExecutionOrderSort2 (0ms)
			AwakeInstancesAfterBackupRestoration (0ms)
Platform modules already initialized, skipping
Registering precompiled user dll's ...
Registered in 0.006221 seconds.
Begin MonoManager ReloadAssembly
Native extension for WindowsStandalone target not found
Refreshing native plugins compatible for Editor in 46.74 ms, found 3 plugins.
Preloading 0 native plugins for Editor in 0.00 ms.
Mono: successfully reloaded assembly
- Completed reload, in  1.134 seconds
Domain Reload Profiling:
	ReloadAssembly (1135ms)
		BeginReloadAssembly (127ms)
			ExecutionOrderSort (0ms)
			DisableScriptedObjects (6ms)
			BackupInstance (0ms)
			ReleaseScriptingObjects (0ms)
			CreateAndSetChildDomain (20ms)
		EndReloadAssembly (869ms)
			LoadAssemblies (108ms)
			RebuildTransferFunctionScriptingTraits (0ms)
			SetupTypeCache (236ms)
			ReleaseScriptCaches (1ms)
			RebuildScriptCaches (55ms)
			SetupLoadedEditorAssemblies (429ms)
				LogAssemblyErrors (0ms)
				InitializePlatformSupportModulesInManaged (5ms)
				SetLoadedEditorAssemblies (0ms)
				RefreshPlugins (47ms)
				BeforeProcessingInitializeOnLoad (81ms)
				ProcessInitializeOnLoadAttributes (237ms)
				ProcessInitializeOnLoadMethodAttributes (49ms)
				AfterProcessingInitializeOnLoad (10ms)
				EditorAssembliesLoaded (0ms)
			ExecutionOrderSort2 (0ms)
			AwakeInstancesAfterBackupRestoration (6ms)
Platform modules already initialized, skipping
========================================================================
Worker process is ready to serve import requests
Launched and connected shader compiler UnityShaderCompiler.exe after 0.05 seconds
Refreshing native plugins compatible for Editor in 0.87 ms, found 3 plugins.
Preloading 0 native plugins for Editor in 0.00 ms.
Unloading 2535 Unused Serialized files (Serialized files now loaded: 0)
Unloading 33 unused Assets / (56.1 KB). Loaded Objects now: 2998.
Memory consumption went from 113.1 MB to 113.0 MB.
Total: 3.998700 ms (FindLiveObjects: 0.246600 ms CreateObjectMapping: 0.308200 ms MarkObjects: 3.126600 ms  DeleteObjects: 0.316100 ms)

AssetImportParameters requested are different than current active one (requested -> active):
  custom:video-decoder-ogg-theora: a1e56fd34408186e4bbccfd4996cb3dc -> 
  custom:container-muxer-webm: aa71ff27fc2769a1b78a27578f13a17b -> 
  custom:container-demuxer-webm: 4f35f7cbe854078d1ac9338744f61a02 -> 
  custom:video-encoder-webm-vp8: eb34c28f22e8b96e1ab97ce403110664 -> 
  custom:audio-encoder-webm-vorbis: bf7c407c2cedff20999df2af8eb42d56 -> 
  custom:framework-win-MediaFoundation: 216162199b28c13a410421893ffa2e32 -> 
  custom:container-demuxer-ogg: 62fdf1f143b41e24485cea50d1cbac27 -> 
  custom:video-decoder-webm-vp8: 9c59270c3fd7afecdb556c50c9e8de78 -> 
  custom:audio-decoder-ogg-vorbis: bf7c407c2cedff20999df2af8eb42d56 -> 
========================================================================
Received Import Request.
  Time since last request: 777773.940452 seconds.
  path: Assets/CaractersSO/Enemies/EnemySet1/PrefEnemySet1.prefab
  artifactKey: Guid(85d78676966196f40980beb4d4739e77) Importer(815301076,1909f56bfc062723c751e8b465ee728b)
Start importing Assets/CaractersSO/Enemies/EnemySet1/PrefEnemySet1.prefab using Guid(85d78676966196f40980beb4d4739e77) Importer(815301076,1909f56bfc062723c751e8b465ee728b)  -> (artifact id: '24b6cf44f438bbf303c0fcc87ef52276') in 0.228578 seconds 
========================================================================
Received Import Request.
  Time since last request: 156.551924 seconds.
  path: Assets/CaractersSO/Enemies/EnemySet2
  artifactKey: Guid(671539cc06db94a45a1aa88090b313d1) Importer(815301076,1909f56bfc062723c751e8b465ee728b)
Start importing Assets/CaractersSO/Enemies/EnemySet2 using Guid(671539cc06db94a45a1aa88090b313d1) Importer(815301076,1909f56bfc062723c751e8b465ee728b)  -> (artifact id: '5f2bcb2ef44f6fa5c4eb84fe35ba6e40') in 0.007336 seconds 
========================================================================
Received Import Request.
  Time since last request: 1.375479 seconds.
  path: Assets/CaractersSO/Enemies/EnemySet1
  artifactKey: Guid(f3515fe08123a9a4d91f3f85e5a42819) Importer(815301076,1909f56bfc062723c751e8b465ee728b)
Start importing Assets/CaractersSO/Enemies/EnemySet1 using Guid(f3515fe08123a9a4d91f3f85e5a42819) Importer(815301076,1909f56bfc062723c751e8b465ee728b)  -> (artifact id: '7f46d4f824726240f3774b671458538c') in 0.006127 seconds 
========================================================================
Received Import Request.
  Time since last request: 1.720599 seconds.
  path: Assets/CaractersSO/Enemies/EnemySet1/Kameosa0/Enemy 1.asset
  artifactKey: Guid(f67bb236b52da1e4097b577ebceb5fb2) Importer(815301076,1909f56bfc062723c751e8b465ee728b)
Start importing Assets/CaractersSO/Enemies/EnemySet1/Kameosa0/Enemy 1.asset using Guid(f67bb236b52da1e4097b577ebceb5fb2) Importer(815301076,1909f56bfc062723c751e8b465ee728b)  -> (artifact id: '6aba9116d247dbb4fbc03005ea3562b5') in 0.008781 seconds 
========================================================================
Received Import Request.
  Time since last request: 0.000023 seconds.
  path: Assets/CaractersSO/Enemies/EnemySet1/Kameosa0/TakeDamage.asset
  artifactKey: Guid(dc6c5e1cceb449f41832942411942629) Importer(815301076,1909f56bfc062723c751e8b465ee728b)
Start importing Assets/CaractersSO/Enemies/EnemySet1/Kameosa0/TakeDamage.asset using Guid(dc6c5e1cceb449f41832942411942629) Importer(815301076,1909f56bfc062723c751e8b465ee728b)  -> (artifact id: '2b5f6e2a9c499bbe7e7fc2d048129349') in 0.007514 seconds 
========================================================================
Received Import Request.
  Time since last request: 1.829980 seconds.
  path: Assets/CaractersSO/Enemies/EnemySet1/Kameosa1/Enemy2 Hp.asset
  artifactKey: Guid(e180521a5fd0d4f4fa3a6fdf76381ee4) Importer(815301076,1909f56bfc062723c751e8b465ee728b)
Start importing Assets/CaractersSO/Enemies/EnemySet1/Kameosa1/Enemy2 Hp.asset using Guid(e180521a5fd0d4f4fa3a6fdf76381ee4) Importer(815301076,1909f56bfc062723c751e8b465ee728b)  -> (artifact id: '4227bfd8985af978117e1d6d5c937f93') in 0.008197 seconds 
========================================================================
Received Import Request.
  Time since last request: 0.000028 seconds.
  path: Assets/CaractersSO/Enemies/EnemySet1/Kameosa1/TakeDamage.asset
  artifactKey: Guid(1baba330bfc7f88449a6ec2b4611d139) Importer(815301076,1909f56bfc062723c751e8b465ee728b)
Start importing Assets/CaractersSO/Enemies/EnemySet1/Kameosa1/TakeDamage.asset using Guid(1baba330bfc7f88449a6ec2b4611d139) Importer(815301076,1909f56bfc062723c751e8b465ee728b)  -> (artifact id: 'b6d4caae18f503a1c53d3d34a20ef282') in 0.003875 seconds 
========================================================================
Received Import Request.
  Time since last request: 13.498803 seconds.
  path: Assets/CaractersSO/Enemies/EnemySet2/PrefEnemySet1.prefab
  artifactKey: Guid(47144a66ffeb7c942a2804551b7f1ef5) Importer(815301076,1909f56bfc062723c751e8b465ee728b)
Start importing Assets/CaractersSO/Enemies/EnemySet2/PrefEnemySet1.prefab using Guid(47144a66ffeb7c942a2804551b7f1ef5) Importer(815301076,1909f56bfc062723c751e8b465ee728b)  -> (artifact id: '0d8c2ddbc3005afaa9a25195cacc17d9') in 0.044817 seconds 
========================================================================
Received Import Request.
  Time since last request: 11.925089 seconds.
  path: Assets/CaractersSO/Enemies/EnemySet2/PrefEnemySet1.prefab
  artifactKey: Guid(47144a66ffeb7c942a2804551b7f1ef5) Importer(815301076,1909f56bfc062723c751e8b465ee728b)
Start importing Assets/CaractersSO/Enemies/EnemySet2/PrefEnemySet1.prefab using Guid(47144a66ffeb7c942a2804551b7f1ef5) Importer(815301076,1909f56bfc062723c751e8b465ee728b)  -> (artifact id: 'b35eb7050772a176768f22ea785afb07') in 0.040247 seconds 
========================================================================
Received Import Request.
  Time since last request: 10.212067 seconds.
  path: Assets/CaractersSO/Enemies/EnemySet2/PrefEnemySet1.prefab
  artifactKey: Guid(47144a66ffeb7c942a2804551b7f1ef5) Importer(815301076,1909f56bfc062723c751e8b465ee728b)
Start importing Assets/CaractersSO/Enemies/EnemySet2/PrefEnemySet1.prefab using Guid(47144a66ffeb7c942a2804551b7f1ef5) Importer(815301076,1909f56bfc062723c751e8b465ee728b)  -> (artifact id: '9ca69548f40d67e4d34adf2e0aba0d34') in 0.045199 seconds 
========================================================================
Received Import Request.
  Time since last request: 2.803918 seconds.
  path: Assets/CaractersSO/Enemies/EnemySet2/PrefEnemySet1.prefab
  artifactKey: Guid(47144a66ffeb7c942a2804551b7f1ef5) Importer(815301076,1909f56bfc062723c751e8b465ee728b)
Start importing Assets/CaractersSO/Enemies/EnemySet2/PrefEnemySet1.prefab using Guid(47144a66ffeb7c942a2804551b7f1ef5) Importer(815301076,1909f56bfc062723c751e8b465ee728b)  -> (artifact id: '050c33b0b0b7152242861cd977f0a3a9') in 0.038208 seconds 
========================================================================
Received Import Request.
  Time since last request: 264.706168 seconds.
  path: Assets/CaractersSO/Enemies/EnemySet2/Kameosa2
  artifactKey: Guid(5df8d26fec090f34783327d4ab16a170) Importer(815301076,1909f56bfc062723c751e8b465ee728b)
Start importing Assets/CaractersSO/Enemies/EnemySet2/Kameosa2 using Guid(5df8d26fec090f34783327d4ab16a170) Importer(815301076,1909f56bfc062723c751e8b465ee728b)  -> (artifact id: '942eda070ea62d1a4fb36d06a9ada133') in 0.006104 seconds 
========================================================================
Received Import Request.
  Time since last request: 28.981112 seconds.
  path: Assets/CaractersSO/Enemies/EnemySet2/Kameosa2/Kameosa2.asset
  artifactKey: Guid(4b9197cd41925714ab5c2dc3d720fef4) Importer(815301076,1909f56bfc062723c751e8b465ee728b)
Start importing Assets/CaractersSO/Enemies/EnemySet2/Kameosa2/Kameosa2.asset using Guid(4b9197cd41925714ab5c2dc3d720fef4) Importer(815301076,1909f56bfc062723c751e8b465ee728b)  -> (artifact id: '7beeda28b5f8bc412787d09af25043f6') in 0.003041 seconds 
========================================================================
Received Import Request.
  Time since last request: 1338.198537 seconds.
  path: Assets/CaractersSO/Enemies/EnemySet2/PrefEnemySet1.prefab
  artifactKey: Guid(47144a66ffeb7c942a2804551b7f1ef5) Importer(815301076,1909f56bfc062723c751e8b465ee728b)
Start importing Assets/CaractersSO/Enemies/EnemySet2/PrefEnemySet1.prefab using Guid(47144a66ffeb7c942a2804551b7f1ef5) Importer(815301076,1909f56bfc062723c751e8b465ee728b)  -> (artifact id: '86a1324045e0c8ce12f351b09b6c8842') in 0.039267 seconds 
