Using pre-set license
Built from '2021.3/staging' branch; Version is '2021.3.10f1 (1c7d0df0160b) revision 1867021'; Using compiler version '192829333'; Build Type 'Release'
OS: 'Windows 11  (10.0.22621) 64bit Core' Language: 'pt' Physical Memory: 15628 MB
BatchMode: 1, IsHumanControllingUs: 0, StartBugReporterOnCrash: 0, Is64bit: 1, IsPro: 1

COMMAND LINE ARGUMENTS:
C:\Program Files\Unity\Hub\Editor\2021.3.10f1\Editor\Unity.exe
-adb2
-batchMode
-noUpm
-name
AssetImportWorker6
-projectPath
C:/Users/ASUS/Documents/_Documentos/Escola/ETIC 22-23/Projeto Final/Projeto Sourcetree e Github/Juunishi Zodiacs v2
-logFile
Logs/AssetImportWorker6.log
-srvPort
62122
Successfully changed project path to: C:/Users/ASUS/Documents/_Documentos/Escola/ETIC 22-23/Projeto Final/Projeto Sourcetree e Github/Juunishi Zodiacs v2
C:/Users/ASUS/Documents/_Documentos/Escola/ETIC 22-23/Projeto Final/Projeto Sourcetree e Github/Juunishi Zodiacs v2
[UnityMemory] Configuration Parameters - Can be set up in boot.config
    "memorysetup-bucket-allocator-granularity=16"
    "memorysetup-bucket-allocator-bucket-count=8"
    "memorysetup-bucket-allocator-block-size=33554432"
    "memorysetup-bucket-allocator-block-count=8"
    "memorysetup-main-allocator-block-size=16777216"
    "memorysetup-thread-allocator-block-size=16777216"
    "memorysetup-gfx-main-allocator-block-size=16777216"
    "memorysetup-gfx-thread-allocator-block-size=16777216"
    "memorysetup-cache-allocator-block-size=4194304"
    "memorysetup-typetree-allocator-block-size=2097152"
    "memorysetup-profiler-bucket-allocator-granularity=16"
    "memorysetup-profiler-bucket-allocator-bucket-count=8"
    "memorysetup-profiler-bucket-allocator-block-size=33554432"
    "memorysetup-profiler-bucket-allocator-block-count=8"
    "memorysetup-profiler-allocator-block-size=16777216"
    "memorysetup-profiler-editor-allocator-block-size=1048576"
    "memorysetup-temp-allocator-size-main=16777216"
    "memorysetup-job-temp-allocator-block-size=2097152"
    "memorysetup-job-temp-allocator-block-size-background=1048576"
    "memorysetup-job-temp-allocator-reduction-small-platforms=262144"
    "memorysetup-temp-allocator-size-background-worker=32768"
    "memorysetup-temp-allocator-size-job-worker=262144"
    "memorysetup-temp-allocator-size-preload-manager=33554432"
    "memorysetup-temp-allocator-size-nav-mesh-worker=65536"
    "memorysetup-temp-allocator-size-audio-worker=65536"
    "memorysetup-temp-allocator-size-cloud-worker=32768"
    "memorysetup-temp-allocator-size-gi-baking-worker=262144"
    "memorysetup-temp-allocator-size-gfx=262144"
Refreshing native plugins compatible for Editor in 80.67 ms, found 3 plugins.
Preloading 0 native plugins for Editor in 0.00 ms.
Initialize engine version: 2021.3.10f1 (1c7d0df0160b)
[Subsystems] Discovering subsystems at path C:/Program Files/Unity/Hub/Editor/2021.3.10f1/Editor/Data/Resources/UnitySubsystems
[Subsystems] Discovering subsystems at path C:/Users/ASUS/Documents/_Documentos/Escola/ETIC 22-23/Projeto Final/Projeto Sourcetree e Github/Juunishi Zodiacs v2/Assets
GfxDevice: creating device client; threaded=0; jobified=0
Direct3D:
    Version:  Direct3D 11.0 [level 11.1]
    Renderer: AMD Radeon(TM) Graphics (ID=0x1681)
    Vendor:   ATI
    VRAM:     7814 MB
    Driver:   31.0.14051.5006
Initialize mono
Mono path[0] = 'C:/Program Files/Unity/Hub/Editor/2021.3.10f1/Editor/Data/Managed'
Mono path[1] = 'C:/Program Files/Unity/Hub/Editor/2021.3.10f1/Editor/Data/MonoBleedingEdge/lib/mono/unityjit-win32'
Mono config path = 'C:/Program Files/Unity/Hub/Editor/2021.3.10f1/Editor/Data/MonoBleedingEdge/etc'
Using monoOptions --debugger-agent=transport=dt_socket,embedding=1,server=y,suspend=n,address=127.0.0.1:56040
Begin MonoManager ReloadAssembly
Registering precompiled unity dll's ...
Register platform support module: C:/Program Files/Unity/Hub/Editor/2021.3.10f1/Editor/Data/PlaybackEngines/WindowsStandaloneSupport/UnityEditor.WindowsStandalone.Extensions.dll
Registered in 0.009646 seconds.
Native extension for WindowsStandalone target not found
Refreshing native plugins compatible for Editor in 68.47 ms, found 3 plugins.
Preloading 0 native plugins for Editor in 0.00 ms.
Mono: successfully reloaded assembly
- Completed reload, in  0.861 seconds
Domain Reload Profiling:
	ReloadAssembly (861ms)
		BeginReloadAssembly (112ms)
			ExecutionOrderSort (0ms)
			DisableScriptedObjects (0ms)
			BackupInstance (0ms)
			ReleaseScriptingObjects (0ms)
			CreateAndSetChildDomain (1ms)
		EndReloadAssembly (594ms)
			LoadAssemblies (109ms)
			RebuildTransferFunctionScriptingTraits (0ms)
			SetupTypeCache (130ms)
			ReleaseScriptCaches (0ms)
			RebuildScriptCaches (39ms)
			SetupLoadedEditorAssemblies (352ms)
				LogAssemblyErrors (0ms)
				InitializePlatformSupportModulesInManaged (11ms)
				SetLoadedEditorAssemblies (0ms)
				RefreshPlugins (69ms)
				BeforeProcessingInitializeOnLoad (2ms)
				ProcessInitializeOnLoadAttributes (200ms)
				ProcessInitializeOnLoadMethodAttributes (70ms)
				AfterProcessingInitializeOnLoad (0ms)
				EditorAssembliesLoaded (0ms)
			ExecutionOrderSort2 (0ms)
			AwakeInstancesAfterBackupRestoration (0ms)
Platform modules already initialized, skipping
Registering precompiled user dll's ...
Registered in 0.015146 seconds.
Begin MonoManager ReloadAssembly
Native extension for WindowsStandalone target not found
Refreshing native plugins compatible for Editor in 71.26 ms, found 3 plugins.
Preloading 0 native plugins for Editor in 0.00 ms.
Mono: successfully reloaded assembly
- Completed reload, in  1.469 seconds
Domain Reload Profiling:
	ReloadAssembly (1471ms)
		BeginReloadAssembly (169ms)
			ExecutionOrderSort (0ms)
			DisableScriptedObjects (8ms)
			BackupInstance (0ms)
			ReleaseScriptingObjects (0ms)
			CreateAndSetChildDomain (27ms)
		EndReloadAssembly (1131ms)
			LoadAssemblies (139ms)
			RebuildTransferFunctionScriptingTraits (0ms)
			SetupTypeCache (254ms)
			ReleaseScriptCaches (1ms)
			RebuildScriptCaches (66ms)
			SetupLoadedEditorAssemblies (604ms)
				LogAssemblyErrors (0ms)
				InitializePlatformSupportModulesInManaged (7ms)
				SetLoadedEditorAssemblies (0ms)
				RefreshPlugins (71ms)
				BeforeProcessingInitializeOnLoad (111ms)
				ProcessInitializeOnLoadAttributes (328ms)
				ProcessInitializeOnLoadMethodAttributes (71ms)
				AfterProcessingInitializeOnLoad (16ms)
				EditorAssembliesLoaded (0ms)
			ExecutionOrderSort2 (0ms)
			AwakeInstancesAfterBackupRestoration (12ms)
Platform modules already initialized, skipping
========================================================================
Worker process is ready to serve import requests
Launched and connected shader compiler UnityShaderCompiler.exe after 0.19 seconds
Refreshing native plugins compatible for Editor in 0.83 ms, found 3 plugins.
Preloading 0 native plugins for Editor in 0.00 ms.
Unloading 2568 Unused Serialized files (Serialized files now loaded: 0)
Unloading 33 unused Assets / (56.6 KB). Loaded Objects now: 3031.
Memory consumption went from 117.3 MB to 117.2 MB.
Total: 5.634800 ms (FindLiveObjects: 0.362300 ms CreateObjectMapping: 0.191900 ms MarkObjects: 4.960800 ms  DeleteObjects: 0.118200 ms)

AssetImportParameters requested are different than current active one (requested -> active):
  custom:video-decoder-ogg-theora: a1e56fd34408186e4bbccfd4996cb3dc -> 
  custom:container-muxer-webm: aa71ff27fc2769a1b78a27578f13a17b -> 
  custom:container-demuxer-webm: 4f35f7cbe854078d1ac9338744f61a02 -> 
  custom:video-encoder-webm-vp8: eb34c28f22e8b96e1ab97ce403110664 -> 
  custom:video-codec-MediaFoundation-h265: 746d11721c4dcdbdad8f713fa42b33f4 -> 
  custom:audio-encoder-webm-vorbis: bf7c407c2cedff20999df2af8eb42d56 -> 
  custom:framework-win-MediaFoundation: 216162199b28c13a410421893ffa2e32 -> 
  custom:container-demuxer-ogg: 62fdf1f143b41e24485cea50d1cbac27 -> 
  custom:video-decoder-webm-vp8: 9c59270c3fd7afecdb556c50c9e8de78 -> 
  custom:audio-decoder-ogg-vorbis: bf7c407c2cedff20999df2af8eb42d56 -> 
========================================================================
Received Import Request.
  Time since last request: 453504.459744 seconds.
  path: Assets/_ScriptableObjects/CombatSO/Enemies/EnemySet1/Kameosa0/TakeDamage.asset
  artifactKey: Guid(dc6c5e1cceb449f41832942411942629) Importer(815301076,1909f56bfc062723c751e8b465ee728b)
Start importing Assets/_ScriptableObjects/CombatSO/Enemies/EnemySet1/Kameosa0/TakeDamage.asset using Guid(dc6c5e1cceb449f41832942411942629) Importer(815301076,1909f56bfc062723c751e8b465ee728b)  -> (artifact id: '2b5f6e2a9c499bbe7e7fc2d048129349') in 0.056392 seconds 
========================================================================
Received Import Request.
  Time since last request: 78.016844 seconds.
  path: Assets/Sprites/Characters/Full Body/Enemies/Kameosa/en_kameosa_damage_physical.png
  artifactKey: Guid(f39ebc493077a1f45a944ae1d6386009) Importer(815301076,1909f56bfc062723c751e8b465ee728b)
Start importing Assets/Sprites/Characters/Full Body/Enemies/Kameosa/en_kameosa_damage_physical.png using Guid(f39ebc493077a1f45a944ae1d6386009) Importer(815301076,1909f56bfc062723c751e8b465ee728b)  -> (artifact id: '3786a6cc85d1b3726413840337b4659b') in 0.389102 seconds 
========================================================================
Received Import Request.
  Time since last request: 0.000046 seconds.
  path: Assets/Sprites/Characters/Full Body/Enemies/Kameosa/en_kameosa_damage_water.png
  artifactKey: Guid(4d110287a24172d4bb78faf29bc82ab6) Importer(815301076,1909f56bfc062723c751e8b465ee728b)
Start importing Assets/Sprites/Characters/Full Body/Enemies/Kameosa/en_kameosa_damage_water.png using Guid(4d110287a24172d4bb78faf29bc82ab6) Importer(815301076,1909f56bfc062723c751e8b465ee728b)  -> (artifact id: '6ecd5370e970b8eeaad53f76c4c968ed') in 0.286642 seconds 
========================================================================
Received Import Request.
  Time since last request: 22.496672 seconds.
  path: Assets/Sprites/Characters/Expressions/Zodiacs/Fumiko/Combat/ex_Fumiko_v1.png
  artifactKey: Guid(6cf661e179afec94bbb26cd3c00c5d77) Importer(815301076,1909f56bfc062723c751e8b465ee728b)
Start importing Assets/Sprites/Characters/Expressions/Zodiacs/Fumiko/Combat/ex_Fumiko_v1.png using Guid(6cf661e179afec94bbb26cd3c00c5d77) Importer(815301076,1909f56bfc062723c751e8b465ee728b)  -> (artifact id: '0a9e8f3db48d4c441000e252b9b2aa07') in 0.199208 seconds 
========================================================================
Received Import Request.
  Time since last request: 0.000058 seconds.
  path: Assets/Sprites/Characters/Expressions/Zodiacs/Fumiko/ex_Fumiko_v1_3surpreso.png
  artifactKey: Guid(8d5ddb98c98465f48a10f265f3722c8b) Importer(815301076,1909f56bfc062723c751e8b465ee728b)
Start importing Assets/Sprites/Characters/Expressions/Zodiacs/Fumiko/ex_Fumiko_v1_3surpreso.png using Guid(8d5ddb98c98465f48a10f265f3722c8b) Importer(815301076,1909f56bfc062723c751e8b465ee728b)  -> (artifact id: '8ba5f3ea0eb0ba71799e2b54141ef3a2') in 0.126466 seconds 
========================================================================
Received Import Request.
  Time since last request: 212.687840 seconds.
  path: Assets/_ScriptableObjects/CombatSO/Enemies/EnemySet6/God of Mischief/God of Mischief.asset
  artifactKey: Guid(24c67f9d1cc445e40b47dcc1d41eada0) Importer(815301076,1909f56bfc062723c751e8b465ee728b)
Start importing Assets/_ScriptableObjects/CombatSO/Enemies/EnemySet6/God of Mischief/God of Mischief.asset using Guid(24c67f9d1cc445e40b47dcc1d41eada0) Importer(815301076,1909f56bfc062723c751e8b465ee728b)  -> (artifact id: '5d62d262f4adc5a1988f890d8cb2180e') in 0.009381 seconds 
========================================================================
Received Import Request.
  Time since last request: 95.205548 seconds.
  path: Assets/_Scenes/Chapters/1_Chapter/Act 6/D_1_Act6.3.unity
  artifactKey: Guid(7ed4743b140423841a7ae88651928c94) Importer(815301076,1909f56bfc062723c751e8b465ee728b)
Start importing Assets/_Scenes/Chapters/1_Chapter/Act 6/D_1_Act6.3.unity using Guid(7ed4743b140423841a7ae88651928c94) Importer(815301076,1909f56bfc062723c751e8b465ee728b)  -> (artifact id: '20eb02fa1786f74c4bb74064189b980e') in 0.003563 seconds 
========================================================================
Received Import Request.
  Time since last request: 1.013686 seconds.
  path: Assets/_Scenes/Chapters/1_Chapter/Act 6/D_1_Act6.2.unity
  artifactKey: Guid(8760fc36e163a6f48bb4d115e78909a6) Importer(815301076,1909f56bfc062723c751e8b465ee728b)
Start importing Assets/_Scenes/Chapters/1_Chapter/Act 6/D_1_Act6.2.unity using Guid(8760fc36e163a6f48bb4d115e78909a6) Importer(815301076,1909f56bfc062723c751e8b465ee728b)  -> (artifact id: '7721739089e09eca9435e6cd7a285b28') in 0.003381 seconds 
========================================================================
Received Import Request.
  Time since last request: 0.648649 seconds.
  path: Assets/_Scenes/Chapters/1_Chapter/Act 6/D_1_Act6.1.unity
  artifactKey: Guid(3cd7bfbf54635304da239f893c200603) Importer(815301076,1909f56bfc062723c751e8b465ee728b)
Start importing Assets/_Scenes/Chapters/1_Chapter/Act 6/D_1_Act6.1.unity using Guid(3cd7bfbf54635304da239f893c200603) Importer(815301076,1909f56bfc062723c751e8b465ee728b)  -> (artifact id: '882b0ef1d171a63d454ddbfbb3fefe35') in 0.003337 seconds 
========================================================================
Received Import Request.
  Time since last request: 2.019172 seconds.
  path: Assets/_Scenes/Chapters/1_Chapter/Act 6/D_1_Act6.4.unity
  artifactKey: Guid(1ea7d62e150efb14585579c144eea386) Importer(815301076,1909f56bfc062723c751e8b465ee728b)
Start importing Assets/_Scenes/Chapters/1_Chapter/Act 6/D_1_Act6.4.unity using Guid(1ea7d62e150efb14585579c144eea386) Importer(815301076,1909f56bfc062723c751e8b465ee728b)  -> (artifact id: '7153f38c222befb1d4dac610105c030c') in 0.003760 seconds 
========================================================================
Received Import Request.
  Time since last request: 3.973027 seconds.
  path: Assets/_Scenes/Chapters/1_Chapter/Act 6/D_1_Act6.5.unity
  artifactKey: Guid(bda0caae55749954dabfab16be3264c9) Importer(815301076,1909f56bfc062723c751e8b465ee728b)
Start importing Assets/_Scenes/Chapters/1_Chapter/Act 6/D_1_Act6.5.unity using Guid(bda0caae55749954dabfab16be3264c9) Importer(815301076,1909f56bfc062723c751e8b465ee728b)  -> (artifact id: 'c9c7e974dbbe9bdf586bba89bb6743b6') in 0.003388 seconds 
========================================================================
Received Prepare
Registering precompiled user dll's ...
Registered in 0.015161 seconds.
Begin MonoManager ReloadAssembly
Native extension for WindowsStandalone target not found
Refreshing native plugins compatible for Editor in 1.29 ms, found 3 plugins.
Preloading 0 native plugins for Editor in 0.00 ms.
Mono: successfully reloaded assembly
- Completed reload, in  1.457 seconds
Domain Reload Profiling:
	ReloadAssembly (1458ms)
		BeginReloadAssembly (212ms)
			ExecutionOrderSort (0ms)
			DisableScriptedObjects (16ms)
			BackupInstance (0ms)
			ReleaseScriptingObjects (0ms)
			CreateAndSetChildDomain (56ms)
		EndReloadAssembly (1081ms)
			LoadAssemblies (148ms)
			RebuildTransferFunctionScriptingTraits (0ms)
			SetupTypeCache (274ms)
			ReleaseScriptCaches (2ms)
			RebuildScriptCaches (55ms)
			SetupLoadedEditorAssemblies (541ms)
				LogAssemblyErrors (0ms)
				InitializePlatformSupportModulesInManaged (19ms)
				SetLoadedEditorAssemblies (1ms)
				RefreshPlugins (1ms)
				BeforeProcessingInitializeOnLoad (103ms)
				ProcessInitializeOnLoadAttributes (335ms)
				ProcessInitializeOnLoadMethodAttributes (68ms)
				AfterProcessingInitializeOnLoad (13ms)
				EditorAssembliesLoaded (0ms)
			ExecutionOrderSort2 (0ms)
			AwakeInstancesAfterBackupRestoration (14ms)
Platform modules already initialized, skipping
Refreshing native plugins compatible for Editor in 5.06 ms, found 3 plugins.
Preloading 0 native plugins for Editor in 0.00 ms.
Unloading 2544 Unused Serialized files (Serialized files now loaded: 0)
Unloading 20 unused Assets / (24.6 KB). Loaded Objects now: 3044.
Memory consumption went from 119.0 MB to 119.0 MB.
Total: 4.458500 ms (FindLiveObjects: 0.316500 ms CreateObjectMapping: 0.101700 ms MarkObjects: 3.997500 ms  DeleteObjects: 0.039700 ms)

AssetImportParameters requested are different than current active one (requested -> active):
  custom:video-decoder-ogg-theora: a1e56fd34408186e4bbccfd4996cb3dc -> 
  custom:container-muxer-webm: aa71ff27fc2769a1b78a27578f13a17b -> 
  custom:container-demuxer-webm: 4f35f7cbe854078d1ac9338744f61a02 -> 
  custom:video-encoder-webm-vp8: eb34c28f22e8b96e1ab97ce403110664 -> 
  custom:video-codec-MediaFoundation-h265: 746d11721c4dcdbdad8f713fa42b33f4 -> 
  custom:audio-encoder-webm-vorbis: bf7c407c2cedff20999df2af8eb42d56 -> 
  custom:framework-win-MediaFoundation: 216162199b28c13a410421893ffa2e32 -> 
  custom:container-demuxer-ogg: 62fdf1f143b41e24485cea50d1cbac27 -> 
  custom:video-decoder-webm-vp8: 9c59270c3fd7afecdb556c50c9e8de78 -> 
  custom:audio-decoder-ogg-vorbis: bf7c407c2cedff20999df2af8eb42d56 -> 
========================================================================
Received Import Request.
  Time since last request: 39.754419 seconds.
  path: Assets/_Scenes/Chapters/1_Chapter/Act 5/Nav_1_Act5.3.unity
  artifactKey: Guid(a78724a7f44a36d45a473119f9102717) Importer(815301076,1909f56bfc062723c751e8b465ee728b)
Start importing Assets/_Scenes/Chapters/1_Chapter/Act 5/Nav_1_Act5.3.unity using Guid(a78724a7f44a36d45a473119f9102717) Importer(815301076,1909f56bfc062723c751e8b465ee728b)  -> (artifact id: 'da611ed2d141b54d3ed9baf6e2561d4d') in 0.009480 seconds 
========================================================================
Received Import Request.
  Time since last request: 14.860702 seconds.
  path: Assets/_Scenes/Chapters/1_Chapter/Act 5/Nav_1_Act5.3.5.unity
  artifactKey: Guid(87d4d7e5b7aea9f4d8b11a503590156e) Importer(815301076,1909f56bfc062723c751e8b465ee728b)
Start importing Assets/_Scenes/Chapters/1_Chapter/Act 5/Nav_1_Act5.3.5.unity using Guid(87d4d7e5b7aea9f4d8b11a503590156e) Importer(815301076,1909f56bfc062723c751e8b465ee728b)  -> (artifact id: '0c456ffc5ba322c05a90348b1bfedeff') in 0.003293 seconds 
========================================================================
Received Import Request.
  Time since last request: 5.337374 seconds.
  path: Assets/_Scenes/Chapters/1_Chapter/Act 5/D_1_Act5.7.unity
  artifactKey: Guid(43ea4cda164de7d4a96a8f1de3f6cb1c) Importer(815301076,1909f56bfc062723c751e8b465ee728b)
Start importing Assets/_Scenes/Chapters/1_Chapter/Act 5/D_1_Act5.7.unity using Guid(43ea4cda164de7d4a96a8f1de3f6cb1c) Importer(815301076,1909f56bfc062723c751e8b465ee728b)  -> (artifact id: '4d6e5d861dcfa8668c3bad95724facfd') in 0.003285 seconds 
========================================================================
Received Import Request.
  Time since last request: 1.969518 seconds.
  path: Assets/_Scenes/Chapters/1_Chapter/Act 5/D_1_Act5.6.unity
  artifactKey: Guid(856cd19b791d4c34e8df760bc4d08911) Importer(815301076,1909f56bfc062723c751e8b465ee728b)
Start importing Assets/_Scenes/Chapters/1_Chapter/Act 5/D_1_Act5.6.unity using Guid(856cd19b791d4c34e8df760bc4d08911) Importer(815301076,1909f56bfc062723c751e8b465ee728b)  -> (artifact id: '3468bc3f28513c2fca715b224b86a584') in 0.003364 seconds 
========================================================================
Received Import Request.
  Time since last request: 1.575009 seconds.
  path: Assets/_Scenes/Chapters/1_Chapter/Act 5/D_1_Act5.5.unity
  artifactKey: Guid(912879fa5e3d1e041a3baaf32b609ac9) Importer(815301076,1909f56bfc062723c751e8b465ee728b)
Start importing Assets/_Scenes/Chapters/1_Chapter/Act 5/D_1_Act5.5.unity using Guid(912879fa5e3d1e041a3baaf32b609ac9) Importer(815301076,1909f56bfc062723c751e8b465ee728b)  -> (artifact id: 'fa398e0f66aba4f76acbb744aec313d0') in 0.003474 seconds 
========================================================================
Received Import Request.
  Time since last request: 0.858108 seconds.
  path: Assets/_Scenes/Chapters/1_Chapter/Act 5/D_1_Act5.4.unity
  artifactKey: Guid(602e4f9718dbf2540a8ebd1df7a23476) Importer(815301076,1909f56bfc062723c751e8b465ee728b)
Start importing Assets/_Scenes/Chapters/1_Chapter/Act 5/D_1_Act5.4.unity using Guid(602e4f9718dbf2540a8ebd1df7a23476) Importer(815301076,1909f56bfc062723c751e8b465ee728b)  -> (artifact id: '9fa6943f576ebf8954f85c256544e7ac') in 0.062031 seconds 
========================================================================
Received Import Request.
  Time since last request: 19.882752 seconds.
  path: Assets/_ScriptableObjects/CombatSO/Enemies/EnemySet2/PrefEnemySet2.prefab
  artifactKey: Guid(47144a66ffeb7c942a2804551b7f1ef5) Importer(815301076,1909f56bfc062723c751e8b465ee728b)
Start importing Assets/_ScriptableObjects/CombatSO/Enemies/EnemySet2/PrefEnemySet2.prefab using Guid(47144a66ffeb7c942a2804551b7f1ef5) Importer(815301076,1909f56bfc062723c751e8b465ee728b)  -> (artifact id: 'b6c9cd5d9863984c1de892d765a089db') in 0.363981 seconds 
========================================================================
Received Import Request.
  Time since last request: 2.934574 seconds.
  path: Assets/_ScriptableObjects/CombatSO/Enemies/EnemySet6/PrefEnemySet6.prefab
  artifactKey: Guid(e9dde83b1ed3faf46b14bea5ce32524e) Importer(815301076,1909f56bfc062723c751e8b465ee728b)
Start importing Assets/_ScriptableObjects/CombatSO/Enemies/EnemySet6/PrefEnemySet6.prefab using Guid(e9dde83b1ed3faf46b14bea5ce32524e) Importer(815301076,1909f56bfc062723c751e8b465ee728b)  -> (artifact id: '2ed39f8dda6a213c77bbf09e9318ca45') in 0.475019 seconds 
========================================================================
Received Prepare
Registering precompiled user dll's ...
Registered in 0.013007 seconds.
Begin MonoManager ReloadAssembly
Native extension for WindowsStandalone target not found
Refreshing native plugins compatible for Editor in 1.10 ms, found 3 plugins.
Preloading 0 native plugins for Editor in 0.00 ms.
Mono: successfully reloaded assembly
- Completed reload, in  1.413 seconds
Domain Reload Profiling:
	ReloadAssembly (1414ms)
		BeginReloadAssembly (232ms)
			ExecutionOrderSort (0ms)
			DisableScriptedObjects (14ms)
			BackupInstance (0ms)
			ReleaseScriptingObjects (0ms)
			CreateAndSetChildDomain (61ms)
		EndReloadAssembly (1032ms)
			LoadAssemblies (158ms)
			RebuildTransferFunctionScriptingTraits (0ms)
			SetupTypeCache (275ms)
			ReleaseScriptCaches (2ms)
			RebuildScriptCaches (62ms)
			SetupLoadedEditorAssemblies (503ms)
				LogAssemblyErrors (0ms)
				InitializePlatformSupportModulesInManaged (20ms)
				SetLoadedEditorAssemblies (1ms)
				RefreshPlugins (1ms)
				BeforeProcessingInitializeOnLoad (97ms)
				ProcessInitializeOnLoadAttributes (307ms)
				ProcessInitializeOnLoadMethodAttributes (64ms)
				AfterProcessingInitializeOnLoad (13ms)
				EditorAssembliesLoaded (0ms)
			ExecutionOrderSort2 (0ms)
			AwakeInstancesAfterBackupRestoration (14ms)
Platform modules already initialized, skipping
Refreshing native plugins compatible for Editor in 3.59 ms, found 3 plugins.
Preloading 0 native plugins for Editor in 0.00 ms.
Unloading 2544 Unused Serialized files (Serialized files now loaded: 0)
Unloading 20 unused Assets / (24.6 KB). Loaded Objects now: 3052.
Memory consumption went from 119.9 MB to 119.9 MB.
Total: 4.720700 ms (FindLiveObjects: 0.263800 ms CreateObjectMapping: 0.165300 ms MarkObjects: 4.250300 ms  DeleteObjects: 0.037600 ms)

AssetImportParameters requested are different than current active one (requested -> active):
  custom:video-decoder-ogg-theora: a1e56fd34408186e4bbccfd4996cb3dc -> 
  custom:container-muxer-webm: aa71ff27fc2769a1b78a27578f13a17b -> 
  custom:container-demuxer-webm: 4f35f7cbe854078d1ac9338744f61a02 -> 
  custom:video-encoder-webm-vp8: eb34c28f22e8b96e1ab97ce403110664 -> 
  custom:video-codec-MediaFoundation-h265: 746d11721c4dcdbdad8f713fa42b33f4 -> 
  custom:audio-encoder-webm-vorbis: bf7c407c2cedff20999df2af8eb42d56 -> 
  custom:framework-win-MediaFoundation: 216162199b28c13a410421893ffa2e32 -> 
  custom:container-demuxer-ogg: 62fdf1f143b41e24485cea50d1cbac27 -> 
  custom:video-decoder-webm-vp8: 9c59270c3fd7afecdb556c50c9e8de78 -> 
  custom:audio-decoder-ogg-vorbis: bf7c407c2cedff20999df2af8eb42d56 -> 
========================================================================
Received Import Request.
  Time since last request: 98.678954 seconds.
  path: Assets/_Scenes/Chapters/1_Chapter/Act 6/D_1_Act6.4.unity
  artifactKey: Guid(1ea7d62e150efb14585579c144eea386) Importer(815301076,1909f56bfc062723c751e8b465ee728b)
Start importing Assets/_Scenes/Chapters/1_Chapter/Act 6/D_1_Act6.4.unity using Guid(1ea7d62e150efb14585579c144eea386) Importer(815301076,1909f56bfc062723c751e8b465ee728b)  -> (artifact id: 'e50256a8c13b1b91163365185aa73774') in 0.008996 seconds 
========================================================================
Received Prepare
Registering precompiled user dll's ...
Registered in 0.015599 seconds.
Begin MonoManager ReloadAssembly
Native extension for WindowsStandalone target not found
Refreshing native plugins compatible for Editor in 0.94 ms, found 3 plugins.
Preloading 0 native plugins for Editor in 0.00 ms.
Mono: successfully reloaded assembly
- Completed reload, in  1.384 seconds
Domain Reload Profiling:
	ReloadAssembly (1385ms)
		BeginReloadAssembly (196ms)
			ExecutionOrderSort (0ms)
			DisableScriptedObjects (10ms)
			BackupInstance (0ms)
			ReleaseScriptingObjects (0ms)
			CreateAndSetChildDomain (51ms)
		EndReloadAssembly (1047ms)
			LoadAssemblies (134ms)
			RebuildTransferFunctionScriptingTraits (0ms)
			SetupTypeCache (287ms)
			ReleaseScriptCaches (2ms)
			RebuildScriptCaches (56ms)
			SetupLoadedEditorAssemblies (504ms)
				LogAssemblyErrors (0ms)
				InitializePlatformSupportModulesInManaged (19ms)
				SetLoadedEditorAssemblies (1ms)
				RefreshPlugins (1ms)
				BeforeProcessingInitializeOnLoad (99ms)
				ProcessInitializeOnLoadAttributes (309ms)
				ProcessInitializeOnLoadMethodAttributes (62ms)
				AfterProcessingInitializeOnLoad (12ms)
				EditorAssembliesLoaded (0ms)
			ExecutionOrderSort2 (0ms)
			AwakeInstancesAfterBackupRestoration (13ms)
Platform modules already initialized, skipping
Refreshing native plugins compatible for Editor in 4.41 ms, found 3 plugins.
Preloading 0 native plugins for Editor in 0.00 ms.
Unloading 2544 Unused Serialized files (Serialized files now loaded: 0)
Unloading 20 unused Assets / (24.6 KB). Loaded Objects now: 3055.
Memory consumption went from 119.9 MB to 119.9 MB.
Total: 4.487600 ms (FindLiveObjects: 0.416100 ms CreateObjectMapping: 0.164600 ms MarkObjects: 3.874400 ms  DeleteObjects: 0.031300 ms)

AssetImportParameters requested are different than current active one (requested -> active):
  custom:video-decoder-ogg-theora: a1e56fd34408186e4bbccfd4996cb3dc -> 
  custom:container-muxer-webm: aa71ff27fc2769a1b78a27578f13a17b -> 
  custom:container-demuxer-webm: 4f35f7cbe854078d1ac9338744f61a02 -> 
  custom:video-encoder-webm-vp8: eb34c28f22e8b96e1ab97ce403110664 -> 
  custom:video-codec-MediaFoundation-h265: 746d11721c4dcdbdad8f713fa42b33f4 -> 
  custom:audio-encoder-webm-vorbis: bf7c407c2cedff20999df2af8eb42d56 -> 
  custom:framework-win-MediaFoundation: 216162199b28c13a410421893ffa2e32 -> 
  custom:container-demuxer-ogg: 62fdf1f143b41e24485cea50d1cbac27 -> 
  custom:video-decoder-webm-vp8: 9c59270c3fd7afecdb556c50c9e8de78 -> 
  custom:audio-decoder-ogg-vorbis: bf7c407c2cedff20999df2af8eb42d56 -> 
========================================================================
Received Import Request.
  Time since last request: 113.229460 seconds.
  path: Assets/_Scenes/Combat/CombatScene.unity
  artifactKey: Guid(6d74d0b000e035b4cb9939e40f9d155b) Importer(815301076,1909f56bfc062723c751e8b465ee728b)
Start importing Assets/_Scenes/Combat/CombatScene.unity using Guid(6d74d0b000e035b4cb9939e40f9d155b) Importer(815301076,1909f56bfc062723c751e8b465ee728b)  -> (artifact id: 'bae6c5c72176849689d2e998dd4807d9') in 0.010365 seconds 
========================================================================
Received Import Request.
  Time since last request: 14.421199 seconds.
  path: Assets/_ScriptableObjects/DialogsSO/DialogGroups/Chapter1/Act 6
  artifactKey: Guid(46b148d2a80c60b4c92bfb47b1a2a728) Importer(815301076,1909f56bfc062723c751e8b465ee728b)
Start importing Assets/_ScriptableObjects/DialogsSO/DialogGroups/Chapter1/Act 6 using Guid(46b148d2a80c60b4c92bfb47b1a2a728) Importer(815301076,1909f56bfc062723c751e8b465ee728b)  -> (artifact id: '097f5fcb02c0c3e5d203cbcc43467749') in 0.003949 seconds 
========================================================================
Received Import Request.
  Time since last request: 15.078997 seconds.
  path: Assets/_ScriptableObjects/DialogsSO/DialogGroups/Prefacio-Prologue/dialog_prologue_2.5.5.asset
  artifactKey: Guid(fda9de11434a0834d8b0711a727f4884) Importer(815301076,1909f56bfc062723c751e8b465ee728b)
Start importing Assets/_ScriptableObjects/DialogsSO/DialogGroups/Prefacio-Prologue/dialog_prologue_2.5.5.asset using Guid(fda9de11434a0834d8b0711a727f4884) Importer(815301076,1909f56bfc062723c751e8b465ee728b)  -> (artifact id: 'bd5fa93307af34aee2b109d09c316af7') in 0.037880 seconds 
========================================================================
Received Import Request.
  Time since last request: 0.000026 seconds.
  path: Assets/_ScriptableObjects/DialogsSO/DialogGroups/Prefacio-Prologue/dialog_prologue_2.asset
  artifactKey: Guid(de836d95586f5844e88ae9de7cbd7f7a) Importer(815301076,1909f56bfc062723c751e8b465ee728b)
Start importing Assets/_ScriptableObjects/DialogsSO/DialogGroups/Prefacio-Prologue/dialog_prologue_2.asset using Guid(de836d95586f5844e88ae9de7cbd7f7a) Importer(815301076,1909f56bfc062723c751e8b465ee728b)  -> (artifact id: 'd2ace036c810f0f497cadc8b049b79eb') in 0.016680 seconds 
========================================================================
Received Import Request.
  Time since last request: 0.000022 seconds.
  path: Assets/_ScriptableObjects/DialogsSO/DialogGroups/Prefacio-Prologue/dialog_prologue_2_c3.asset
  artifactKey: Guid(3ecf08ebce87a7c4d8d2608c3c832dfe) Importer(815301076,1909f56bfc062723c751e8b465ee728b)
Start importing Assets/_ScriptableObjects/DialogsSO/DialogGroups/Prefacio-Prologue/dialog_prologue_2_c3.asset using Guid(3ecf08ebce87a7c4d8d2608c3c832dfe) Importer(815301076,1909f56bfc062723c751e8b465ee728b)  -> (artifact id: 'fb1b41c954b4a112ba68b9364075f1b9') in 0.017990 seconds 
Editor requested this worker to shutdown with reason: Scaling down because of idle timeout
AssetImportWorker is now disconnected from the server
Process exiting
Exiting without the bug reporter. Application will terminate with return code 0