Using pre-set license
Built from '2021.3/staging' branch; Version is '2021.3.10f1 (1c7d0df0160b) revision 1867021'; Using compiler version '192829333'; Build Type 'Release'
OS: 'Windows 10  (10.0.19044) 64bit Core' Language: 'en' Physical Memory: 16348 MB
BatchMode: 1, IsHumanControllingUs: 0, StartBugReporterOnCrash: 0, Is64bit: 1, IsPro: 1

COMMAND LINE ARGUMENTS:
C:\Program Files\Unity\Hub\Editor\2021.3.10f1\Editor\Unity.exe
-adb2
-batchMode
-noUpm
-name
AssetImportWorker12
-projectPath
E:/Juunishi_Zodiacs/Juunishi Zodiacs v2
-logFile
Logs/AssetImportWorker12.log
-srvPort
60448
Successfully changed project path to: E:/Juunishi_Zodiacs/Juunishi Zodiacs v2
E:/Juunishi_Zodiacs/Juunishi Zodiacs v2
[UnityMemory] Configuration Parameters - Can be set up in boot.config
    "memorysetup-bucket-allocator-granularity=16"
    "memorysetup-bucket-allocator-bucket-count=8"
    "memorysetup-bucket-allocator-block-size=33554432"
    "memorysetup-bucket-allocator-block-count=8"
    "memorysetup-main-allocator-block-size=16777216"
    "memorysetup-thread-allocator-block-size=16777216"
    "memorysetup-gfx-main-allocator-block-size=16777216"
    "memorysetup-gfx-thread-allocator-block-size=16777216"
    "memorysetup-cache-allocator-block-size=4194304"
    "memorysetup-typetree-allocator-block-size=2097152"
    "memorysetup-profiler-bucket-allocator-granularity=16"
    "memorysetup-profiler-bucket-allocator-bucket-count=8"
    "memorysetup-profiler-bucket-allocator-block-size=33554432"
    "memorysetup-profiler-bucket-allocator-block-count=8"
    "memorysetup-profiler-allocator-block-size=16777216"
    "memorysetup-profiler-editor-allocator-block-size=1048576"
    "memorysetup-temp-allocator-size-main=16777216"
    "memorysetup-job-temp-allocator-block-size=2097152"
    "memorysetup-job-temp-allocator-block-size-background=1048576"
    "memorysetup-job-temp-allocator-reduction-small-platforms=262144"
    "memorysetup-temp-allocator-size-background-worker=32768"
    "memorysetup-temp-allocator-size-job-worker=262144"
    "memorysetup-temp-allocator-size-preload-manager=33554432"
    "memorysetup-temp-allocator-size-nav-mesh-worker=65536"
    "memorysetup-temp-allocator-size-audio-worker=65536"
    "memorysetup-temp-allocator-size-cloud-worker=32768"
    "memorysetup-temp-allocator-size-gi-baking-worker=262144"
    "memorysetup-temp-allocator-size-gfx=262144"
Refreshing native plugins compatible for Editor in 61.59 ms, found 3 plugins.
Preloading 0 native plugins for Editor in 0.00 ms.
Initialize engine version: 2021.3.10f1 (1c7d0df0160b)
[Subsystems] Discovering subsystems at path C:/Program Files/Unity/Hub/Editor/2021.3.10f1/Editor/Data/Resources/UnitySubsystems
[Subsystems] Discovering subsystems at path E:/Juunishi_Zodiacs/Juunishi Zodiacs v2/Assets
GfxDevice: creating device client; threaded=0; jobified=0
Direct3D:
    Version:  Direct3D 11.0 [level 11.1]
    Renderer: NVIDIA GeForce GTX 1070 (ID=0x1b81)
    Vendor:   NVIDIA
    VRAM:     8081 MB
    Driver:   31.0.15.3129
Initialize mono
Mono path[0] = 'C:/Program Files/Unity/Hub/Editor/2021.3.10f1/Editor/Data/Managed'
Mono path[1] = 'C:/Program Files/Unity/Hub/Editor/2021.3.10f1/Editor/Data/MonoBleedingEdge/lib/mono/unityjit-win32'
Mono config path = 'C:/Program Files/Unity/Hub/Editor/2021.3.10f1/Editor/Data/MonoBleedingEdge/etc'
Using monoOptions --debugger-agent=transport=dt_socket,embedding=1,server=y,suspend=n,address=127.0.0.1:56668
Begin MonoManager ReloadAssembly
Registering precompiled unity dll's ...
Register platform support module: C:/Program Files/Unity/Hub/Editor/2021.3.10f1/Editor/Data/PlaybackEngines/WindowsStandaloneSupport/UnityEditor.WindowsStandalone.Extensions.dll
Registered in 0.008744 seconds.
Native extension for WindowsStandalone target not found
Refreshing native plugins compatible for Editor in 39.86 ms, found 3 plugins.
Preloading 0 native plugins for Editor in 0.00 ms.
Mono: successfully reloaded assembly
- Completed reload, in  0.695 seconds
Domain Reload Profiling:
	ReloadAssembly (696ms)
		BeginReloadAssembly (95ms)
			ExecutionOrderSort (0ms)
			DisableScriptedObjects (0ms)
			BackupInstance (0ms)
			ReleaseScriptingObjects (0ms)
			CreateAndSetChildDomain (1ms)
		EndReloadAssembly (471ms)
			LoadAssemblies (93ms)
			RebuildTransferFunctionScriptingTraits (0ms)
			SetupTypeCache (132ms)
			ReleaseScriptCaches (0ms)
			RebuildScriptCaches (26ms)
			SetupLoadedEditorAssemblies (261ms)
				LogAssemblyErrors (0ms)
				InitializePlatformSupportModulesInManaged (8ms)
				SetLoadedEditorAssemblies (0ms)
				RefreshPlugins (40ms)
				BeforeProcessingInitializeOnLoad (1ms)
				ProcessInitializeOnLoadAttributes (159ms)
				ProcessInitializeOnLoadMethodAttributes (52ms)
				AfterProcessingInitializeOnLoad (0ms)
				EditorAssembliesLoaded (0ms)
			ExecutionOrderSort2 (0ms)
			AwakeInstancesAfterBackupRestoration (0ms)
Platform modules already initialized, skipping
Registering precompiled user dll's ...
Registered in 0.006104 seconds.
Begin MonoManager ReloadAssembly
Native extension for WindowsStandalone target not found
Refreshing native plugins compatible for Editor in 45.11 ms, found 3 plugins.
Preloading 0 native plugins for Editor in 0.00 ms.
Mono: successfully reloaded assembly
- Completed reload, in  1.025 seconds
Domain Reload Profiling:
	ReloadAssembly (1026ms)
		BeginReloadAssembly (120ms)
			ExecutionOrderSort (0ms)
			DisableScriptedObjects (6ms)
			BackupInstance (0ms)
			ReleaseScriptingObjects (0ms)
			CreateAndSetChildDomain (23ms)
		EndReloadAssembly (786ms)
			LoadAssemblies (87ms)
			RebuildTransferFunctionScriptingTraits (0ms)
			SetupTypeCache (226ms)
			ReleaseScriptCaches (0ms)
			RebuildScriptCaches (47ms)
			SetupLoadedEditorAssemblies (386ms)
				LogAssemblyErrors (0ms)
				InitializePlatformSupportModulesInManaged (4ms)
				SetLoadedEditorAssemblies (0ms)
				RefreshPlugins (45ms)
				BeforeProcessingInitializeOnLoad (64ms)
				ProcessInitializeOnLoadAttributes (216ms)
				ProcessInitializeOnLoadMethodAttributes (48ms)
				AfterProcessingInitializeOnLoad (9ms)
				EditorAssembliesLoaded (0ms)
			ExecutionOrderSort2 (0ms)
			AwakeInstancesAfterBackupRestoration (6ms)
Platform modules already initialized, skipping
========================================================================
Worker process is ready to serve import requests
Launched and connected shader compiler UnityShaderCompiler.exe after 0.04 seconds
Refreshing native plugins compatible for Editor in 0.53 ms, found 3 plugins.
Preloading 0 native plugins for Editor in 0.00 ms.
Unloading 2546 Unused Serialized files (Serialized files now loaded: 0)
Unloading 33 unused Assets / (56.1 KB). Loaded Objects now: 3009.
Memory consumption went from 113.3 MB to 113.3 MB.
Total: 3.095900 ms (FindLiveObjects: 0.211800 ms CreateObjectMapping: 0.154100 ms MarkObjects: 2.660200 ms  DeleteObjects: 0.068800 ms)

AssetImportParameters requested are different than current active one (requested -> active):
  custom:video-decoder-ogg-theora: a1e56fd34408186e4bbccfd4996cb3dc -> 
  custom:container-muxer-webm: aa71ff27fc2769a1b78a27578f13a17b -> 
  custom:container-demuxer-webm: 4f35f7cbe854078d1ac9338744f61a02 -> 
  custom:video-encoder-webm-vp8: eb34c28f22e8b96e1ab97ce403110664 -> 
  custom:audio-encoder-webm-vorbis: bf7c407c2cedff20999df2af8eb42d56 -> 
  custom:framework-win-MediaFoundation: 216162199b28c13a410421893ffa2e32 -> 
  custom:container-demuxer-ogg: 62fdf1f143b41e24485cea50d1cbac27 -> 
  custom:video-decoder-webm-vp8: 9c59270c3fd7afecdb556c50c9e8de78 -> 
  custom:audio-decoder-ogg-vorbis: bf7c407c2cedff20999df2af8eb42d56 -> 
========================================================================
Received Import Request.
  Time since last request: 123389.578059 seconds.
  path: Assets/Sprites/Characters/Full Body/Enemies/Ittan Momen/en_ittanMomen_damage_earth.png
  artifactKey: Guid(177eb6796a3a71740803317c6c0c19dc) Importer(815301076,1909f56bfc062723c751e8b465ee728b)
Start importing Assets/Sprites/Characters/Full Body/Enemies/Ittan Momen/en_ittanMomen_damage_earth.png using Guid(177eb6796a3a71740803317c6c0c19dc) Importer(815301076,1909f56bfc062723c751e8b465ee728b)  -> (artifact id: '1752a6de4b7c653f874ab2d9f8fb495d') in 0.615424 seconds 
========================================================================
Received Import Request.
  Time since last request: 0.000033 seconds.
  path: Assets/Sprites/Characters/Full Body/Enemies/Ittan Momen/en_ittanMomen_damage_plant.png
  artifactKey: Guid(586f92d09ae01d649bbb6ed8f9734b15) Importer(815301076,1909f56bfc062723c751e8b465ee728b)
Start importing Assets/Sprites/Characters/Full Body/Enemies/Ittan Momen/en_ittanMomen_damage_plant.png using Guid(586f92d09ae01d649bbb6ed8f9734b15) Importer(815301076,1909f56bfc062723c751e8b465ee728b)  -> (artifact id: 'f06f961167636af260889a9bae280835') in 0.761471 seconds 
========================================================================
Received Import Request.
  Time since last request: 0.110289 seconds.
  path: Assets/Sprites/Characters/Full Body/Enemies/Ittan Momen/en_ittanMomen_water_damage_water.png
  artifactKey: Guid(f1324dc6c62251a4dabf113bf46707b8) Importer(815301076,1909f56bfc062723c751e8b465ee728b)
Start importing Assets/Sprites/Characters/Full Body/Enemies/Ittan Momen/en_ittanMomen_water_damage_water.png using Guid(f1324dc6c62251a4dabf113bf46707b8) Importer(815301076,1909f56bfc062723c751e8b465ee728b)  -> (artifact id: '7e1b880dbe3832a544323371152e7de9') in 0.293153 seconds 
========================================================================
Received Import Request.
  Time since last request: 9.682700 seconds.
  path: Assets/Sprites/Characters/Full Body/Enemies/Funayurei/en_funayurei_damage_earth.png
  artifactKey: Guid(0a16b689e85579d44a273f33541c443e) Importer(815301076,1909f56bfc062723c751e8b465ee728b)
Start importing Assets/Sprites/Characters/Full Body/Enemies/Funayurei/en_funayurei_damage_earth.png using Guid(0a16b689e85579d44a273f33541c443e) Importer(815301076,1909f56bfc062723c751e8b465ee728b)  -> (artifact id: 'fd6fbffb785817c30c26c5d6302ef25a') in 0.738414 seconds 
========================================================================
Received Import Request.
  Time since last request: 0.000036 seconds.
  path: Assets/Sprites/Characters/Full Body/Enemies/Funayurei/en_funayurei_damage_plant.png
  artifactKey: Guid(15ad3512cfd7d5047b2c5308d9d371c6) Importer(815301076,1909f56bfc062723c751e8b465ee728b)
Start importing Assets/Sprites/Characters/Full Body/Enemies/Funayurei/en_funayurei_damage_plant.png using Guid(15ad3512cfd7d5047b2c5308d9d371c6) Importer(815301076,1909f56bfc062723c751e8b465ee728b)  -> (artifact id: '080042bb45042f9c5fd979a2f7fb1cf1') in 0.366652 seconds 
========================================================================
Received Import Request.
  Time since last request: 7.454450 seconds.
  path: Assets/Sprites/Characters/Full Body/Enemies/Desfiguration/en_desfiguration_damage_earth.png
  artifactKey: Guid(b4ef42ab51d27eb4a87230e73d009787) Importer(815301076,1909f56bfc062723c751e8b465ee728b)
Start importing Assets/Sprites/Characters/Full Body/Enemies/Desfiguration/en_desfiguration_damage_earth.png using Guid(b4ef42ab51d27eb4a87230e73d009787) Importer(815301076,1909f56bfc062723c751e8b465ee728b)  -> (artifact id: 'dffc39a883244737afdf7a935c69c7cb') in 0.624319 seconds 
========================================================================
Received Import Request.
  Time since last request: 0.000029 seconds.
  path: Assets/Sprites/Characters/Full Body/Enemies/Desfiguration/en_desfiguration_damage_plant.png
  artifactKey: Guid(19df80d6e82c55d4a8cc457ab04b5597) Importer(815301076,1909f56bfc062723c751e8b465ee728b)
Start importing Assets/Sprites/Characters/Full Body/Enemies/Desfiguration/en_desfiguration_damage_plant.png using Guid(19df80d6e82c55d4a8cc457ab04b5597) Importer(815301076,1909f56bfc062723c751e8b465ee728b)  -> (artifact id: '69069a3187693d2c7f31cd2298761d70') in 0.381131 seconds 
========================================================================
Received Import Request.
  Time since last request: 31.811414 seconds.
  path: Assets/Sprites/Characters/Full Body/Gods/Bosses/God of Mischief/fu_mischiefGod_damage_earth.png
  artifactKey: Guid(07e61583c9b84984bb1136f520b92424) Importer(815301076,1909f56bfc062723c751e8b465ee728b)
Start importing Assets/Sprites/Characters/Full Body/Gods/Bosses/God of Mischief/fu_mischiefGod_damage_earth.png using Guid(07e61583c9b84984bb1136f520b92424) Importer(815301076,1909f56bfc062723c751e8b465ee728b)  -> (artifact id: 'd153106239db07dfdfe62b8ed1419321') in 0.654555 seconds 
========================================================================
Received Import Request.
  Time since last request: 6.932127 seconds.
  path: Assets/Sprites/Characters/Full Body/Gods/Bosses/God of Words/fu_Fushimi_God_damage_fire.png
  artifactKey: Guid(05a7d07f4f28f3843b295c8537a26e51) Importer(815301076,1909f56bfc062723c751e8b465ee728b)
Start importing Assets/Sprites/Characters/Full Body/Gods/Bosses/God of Words/fu_Fushimi_God_damage_fire.png using Guid(05a7d07f4f28f3843b295c8537a26e51) Importer(815301076,1909f56bfc062723c751e8b465ee728b)  -> (artifact id: 'd832bf4d968ff581b41265117dbd2424') in 0.419486 seconds 
========================================================================
Received Import Request.
  Time since last request: 0.000028 seconds.
  path: Assets/Sprites/Characters/Full Body/Gods/Bosses/God of Words/fu_Fushimi_God_damage_water.png
  artifactKey: Guid(30ad75d6e4e48734f9f6671621eba246) Importer(815301076,1909f56bfc062723c751e8b465ee728b)
Start importing Assets/Sprites/Characters/Full Body/Gods/Bosses/God of Words/fu_Fushimi_God_damage_water.png using Guid(30ad75d6e4e48734f9f6671621eba246) Importer(815301076,1909f56bfc062723c751e8b465ee728b)  -> (artifact id: '04adc4f6528890b0725aef1e900bd1bd') in 0.406543 seconds 
========================================================================
Received Import Request.
  Time since last request: 15.621336 seconds.
  path: Assets/Sprites/Characters/Full Body/Gods/Fushimi/fu_Fushimi_God_2feliz.png
  artifactKey: Guid(ccc1485bc7b5e844580309d842fdbda0) Importer(815301076,1909f56bfc062723c751e8b465ee728b)
Start importing Assets/Sprites/Characters/Full Body/Gods/Fushimi/fu_Fushimi_God_2feliz.png using Guid(ccc1485bc7b5e844580309d842fdbda0) Importer(815301076,1909f56bfc062723c751e8b465ee728b)  -> (artifact id: '775b50dd4b031a1be848996322cf797b') in 0.418845 seconds 
========================================================================
Received Import Request.
  Time since last request: 0.000026 seconds.
  path: Assets/Sprites/Characters/Full Body/Gods/Sun&Moon/fu_SunGodess_4nervosa.png
  artifactKey: Guid(61f330d69fd34c54db5ea1abb7932fb0) Importer(815301076,1909f56bfc062723c751e8b465ee728b)
Start importing Assets/Sprites/Characters/Full Body/Gods/Sun&Moon/fu_SunGodess_4nervosa.png using Guid(61f330d69fd34c54db5ea1abb7932fb0) Importer(815301076,1909f56bfc062723c751e8b465ee728b)  -> (artifact id: '25b1ea380e5bf7e80a4c8520da4fe85b') in 0.485977 seconds 
========================================================================
Received Import Request.
  Time since last request: 26.485267 seconds.
  path: Assets/Sprites/Characters/Full Body/Spirits/Others/fu_Usami_8serio.png
  artifactKey: Guid(d7910c76f37f71443a62b3c41c8df0b6) Importer(815301076,1909f56bfc062723c751e8b465ee728b)
Start importing Assets/Sprites/Characters/Full Body/Spirits/Others/fu_Usami_8serio.png using Guid(d7910c76f37f71443a62b3c41c8df0b6) Importer(815301076,1909f56bfc062723c751e8b465ee728b)  -> (artifact id: '89f328dd2804f2ac7e5bd9824351c666') in 0.351657 seconds 
========================================================================
Received Import Request.
  Time since last request: 2.906381 seconds.
  path: Assets/Sprites/Characters/Full Body/Spirits/Nezuko/Animal/anim_fu_NezukoRat_Waving.png
  artifactKey: Guid(b015068435b17b2439353a37c5a8409b) Importer(815301076,1909f56bfc062723c751e8b465ee728b)
Start importing Assets/Sprites/Characters/Full Body/Spirits/Nezuko/Animal/anim_fu_NezukoRat_Waving.png using Guid(b015068435b17b2439353a37c5a8409b) Importer(815301076,1909f56bfc062723c751e8b465ee728b)  -> (artifact id: '8e9083e78789e228dd2b58f0088734f5') in 0.277454 seconds 
Editor requested this worker to shutdown with reason: Scaling down because of idle timeout
AssetImportWorker is now disconnected from the server
Process exiting
Exiting without the bug reporter. Application will terminate with return code 0