Using pre-set license
Built from '2021.3/staging' branch; Version is '2021.3.10f1 (1c7d0df0160b) revision 1867021'; Using compiler version '192829333'; Build Type 'Release'
OS: 'Windows 10  (10.0.19044) 64bit Core' Language: 'en' Physical Memory: 16348 MB
BatchMode: 1, IsHumanControllingUs: 0, StartBugReporterOnCrash: 0, Is64bit: 1, IsPro: 1

COMMAND LINE ARGUMENTS:
C:\Program Files\Unity\Hub\Editor\2021.3.10f1\Editor\Unity.exe
-adb2
-batchMode
-noUpm
-name
AssetImportWorker11
-projectPath
E:/Juunishi_Zodiacs/Juunishi Zodiacs v2
-logFile
Logs/AssetImportWorker11.log
-srvPort
60448
Successfully changed project path to: E:/Juunishi_Zodiacs/Juunishi Zodiacs v2
E:/Juunishi_Zodiacs/Juunishi Zodiacs v2
[UnityMemory] Configuration Parameters - Can be set up in boot.config
    "memorysetup-bucket-allocator-granularity=16"
    "memorysetup-bucket-allocator-bucket-count=8"
    "memorysetup-bucket-allocator-block-size=33554432"
    "memorysetup-bucket-allocator-block-count=8"
    "memorysetup-main-allocator-block-size=16777216"
    "memorysetup-thread-allocator-block-size=16777216"
    "memorysetup-gfx-main-allocator-block-size=16777216"
    "memorysetup-gfx-thread-allocator-block-size=16777216"
    "memorysetup-cache-allocator-block-size=4194304"
    "memorysetup-typetree-allocator-block-size=2097152"
    "memorysetup-profiler-bucket-allocator-granularity=16"
    "memorysetup-profiler-bucket-allocator-bucket-count=8"
    "memorysetup-profiler-bucket-allocator-block-size=33554432"
    "memorysetup-profiler-bucket-allocator-block-count=8"
    "memorysetup-profiler-allocator-block-size=16777216"
    "memorysetup-profiler-editor-allocator-block-size=1048576"
    "memorysetup-temp-allocator-size-main=16777216"
    "memorysetup-job-temp-allocator-block-size=2097152"
    "memorysetup-job-temp-allocator-block-size-background=1048576"
    "memorysetup-job-temp-allocator-reduction-small-platforms=262144"
    "memorysetup-temp-allocator-size-background-worker=32768"
    "memorysetup-temp-allocator-size-job-worker=262144"
    "memorysetup-temp-allocator-size-preload-manager=33554432"
    "memorysetup-temp-allocator-size-nav-mesh-worker=65536"
    "memorysetup-temp-allocator-size-audio-worker=65536"
    "memorysetup-temp-allocator-size-cloud-worker=32768"
    "memorysetup-temp-allocator-size-gi-baking-worker=262144"
    "memorysetup-temp-allocator-size-gfx=262144"
Refreshing native plugins compatible for Editor in 54.77 ms, found 3 plugins.
Preloading 0 native plugins for Editor in 0.00 ms.
Initialize engine version: 2021.3.10f1 (1c7d0df0160b)
[Subsystems] Discovering subsystems at path C:/Program Files/Unity/Hub/Editor/2021.3.10f1/Editor/Data/Resources/UnitySubsystems
[Subsystems] Discovering subsystems at path E:/Juunishi_Zodiacs/Juunishi Zodiacs v2/Assets
GfxDevice: creating device client; threaded=0; jobified=0
Direct3D:
    Version:  Direct3D 11.0 [level 11.1]
    Renderer: NVIDIA GeForce GTX 1070 (ID=0x1b81)
    Vendor:   NVIDIA
    VRAM:     8081 MB
    Driver:   31.0.15.3129
Initialize mono
Mono path[0] = 'C:/Program Files/Unity/Hub/Editor/2021.3.10f1/Editor/Data/Managed'
Mono path[1] = 'C:/Program Files/Unity/Hub/Editor/2021.3.10f1/Editor/Data/MonoBleedingEdge/lib/mono/unityjit-win32'
Mono config path = 'C:/Program Files/Unity/Hub/Editor/2021.3.10f1/Editor/Data/MonoBleedingEdge/etc'
Using monoOptions --debugger-agent=transport=dt_socket,embedding=1,server=y,suspend=n,address=127.0.0.1:56908
Begin MonoManager ReloadAssembly
Registering precompiled unity dll's ...
Register platform support module: C:/Program Files/Unity/Hub/Editor/2021.3.10f1/Editor/Data/PlaybackEngines/WindowsStandaloneSupport/UnityEditor.WindowsStandalone.Extensions.dll
Registered in 0.009860 seconds.
Native extension for WindowsStandalone target not found
Refreshing native plugins compatible for Editor in 47.98 ms, found 3 plugins.
Preloading 0 native plugins for Editor in 0.00 ms.
Mono: successfully reloaded assembly
- Completed reload, in  0.754 seconds
Domain Reload Profiling:
	ReloadAssembly (755ms)
		BeginReloadAssembly (112ms)
			ExecutionOrderSort (0ms)
			DisableScriptedObjects (0ms)
			BackupInstance (0ms)
			ReleaseScriptingObjects (0ms)
			CreateAndSetChildDomain (1ms)
		EndReloadAssembly (501ms)
			LoadAssemblies (109ms)
			RebuildTransferFunctionScriptingTraits (0ms)
			SetupTypeCache (139ms)
			ReleaseScriptCaches (0ms)
			RebuildScriptCaches (27ms)
			SetupLoadedEditorAssemblies (267ms)
				LogAssemblyErrors (0ms)
				InitializePlatformSupportModulesInManaged (8ms)
				SetLoadedEditorAssemblies (0ms)
				RefreshPlugins (48ms)
				BeforeProcessingInitializeOnLoad (4ms)
				ProcessInitializeOnLoadAttributes (161ms)
				ProcessInitializeOnLoadMethodAttributes (46ms)
				AfterProcessingInitializeOnLoad (0ms)
				EditorAssembliesLoaded (0ms)
			ExecutionOrderSort2 (0ms)
			AwakeInstancesAfterBackupRestoration (0ms)
Platform modules already initialized, skipping
Registering precompiled user dll's ...
Registered in 0.007359 seconds.
Begin MonoManager ReloadAssembly
Native extension for WindowsStandalone target not found
Refreshing native plugins compatible for Editor in 39.08 ms, found 3 plugins.
Preloading 0 native plugins for Editor in 0.00 ms.
Mono: successfully reloaded assembly
- Completed reload, in  0.997 seconds
Domain Reload Profiling:
	ReloadAssembly (998ms)
		BeginReloadAssembly (120ms)
			ExecutionOrderSort (0ms)
			DisableScriptedObjects (5ms)
			BackupInstance (0ms)
			ReleaseScriptingObjects (0ms)
			CreateAndSetChildDomain (20ms)
		EndReloadAssembly (764ms)
			LoadAssemblies (90ms)
			RebuildTransferFunctionScriptingTraits (0ms)
			SetupTypeCache (201ms)
			ReleaseScriptCaches (0ms)
			RebuildScriptCaches (46ms)
			SetupLoadedEditorAssemblies (395ms)
				LogAssemblyErrors (0ms)
				InitializePlatformSupportModulesInManaged (5ms)
				SetLoadedEditorAssemblies (0ms)
				RefreshPlugins (39ms)
				BeforeProcessingInitializeOnLoad (64ms)
				ProcessInitializeOnLoadAttributes (221ms)
				ProcessInitializeOnLoadMethodAttributes (54ms)
				AfterProcessingInitializeOnLoad (11ms)
				EditorAssembliesLoaded (0ms)
			ExecutionOrderSort2 (0ms)
			AwakeInstancesAfterBackupRestoration (7ms)
Platform modules already initialized, skipping
========================================================================
Worker process is ready to serve import requests
Launched and connected shader compiler UnityShaderCompiler.exe after 0.04 seconds
Refreshing native plugins compatible for Editor in 0.94 ms, found 3 plugins.
Preloading 0 native plugins for Editor in 0.00 ms.
Unloading 2546 Unused Serialized files (Serialized files now loaded: 0)
Unloading 33 unused Assets / (56.1 KB). Loaded Objects now: 3009.
Memory consumption went from 113.3 MB to 113.3 MB.
Total: 5.793000 ms (FindLiveObjects: 0.267900 ms CreateObjectMapping: 0.265400 ms MarkObjects: 5.154500 ms  DeleteObjects: 0.104100 ms)

AssetImportParameters requested are different than current active one (requested -> active):
  custom:video-decoder-ogg-theora: a1e56fd34408186e4bbccfd4996cb3dc -> 
  custom:container-muxer-webm: aa71ff27fc2769a1b78a27578f13a17b -> 
  custom:container-demuxer-webm: 4f35f7cbe854078d1ac9338744f61a02 -> 
  custom:video-encoder-webm-vp8: eb34c28f22e8b96e1ab97ce403110664 -> 
  custom:audio-encoder-webm-vorbis: bf7c407c2cedff20999df2af8eb42d56 -> 
  custom:framework-win-MediaFoundation: 216162199b28c13a410421893ffa2e32 -> 
  custom:container-demuxer-ogg: 62fdf1f143b41e24485cea50d1cbac27 -> 
  custom:video-decoder-webm-vp8: 9c59270c3fd7afecdb556c50c9e8de78 -> 
  custom:audio-decoder-ogg-vorbis: bf7c407c2cedff20999df2af8eb42d56 -> 
========================================================================
Received Import Request.
  Time since last request: 123375.230382 seconds.
  path: Assets/Sprites/Characters/Full Body/Enemies/Ningen/en_ningen.png
  artifactKey: Guid(14cc472a844ae50419d71318b4401486) Importer(815301076,1909f56bfc062723c751e8b465ee728b)
Start importing Assets/Sprites/Characters/Full Body/Enemies/Ningen/en_ningen.png using Guid(14cc472a844ae50419d71318b4401486) Importer(815301076,1909f56bfc062723c751e8b465ee728b)  -> (artifact id: '2d04e7f4a2da070c103baca907ddec99') in 0.639798 seconds 
========================================================================
Received Import Request.
  Time since last request: 0.000021 seconds.
  path: Assets/Sprites/Characters/Full Body/Enemies/Ningen/en_ningen_damage_physical.png
  artifactKey: Guid(f3873397f4d6c5f4281e24d246fdd3e4) Importer(815301076,1909f56bfc062723c751e8b465ee728b)
Start importing Assets/Sprites/Characters/Full Body/Enemies/Ningen/en_ningen_damage_physical.png using Guid(f3873397f4d6c5f4281e24d246fdd3e4) Importer(815301076,1909f56bfc062723c751e8b465ee728b)  -> (artifact id: '17544d0e871ff212a389ffeda28c283d') in 0.363041 seconds 
========================================================================
Received Import Request.
  Time since last request: 0.000043 seconds.
  path: Assets/Sprites/Characters/Full Body/Enemies/Ningen/en_ningen_damage_metal.png
  artifactKey: Guid(a5ebca4bdcc68b841a7f140835ef751c) Importer(815301076,1909f56bfc062723c751e8b465ee728b)
Start importing Assets/Sprites/Characters/Full Body/Enemies/Ningen/en_ningen_damage_metal.png using Guid(a5ebca4bdcc68b841a7f140835ef751c) Importer(815301076,1909f56bfc062723c751e8b465ee728b)  -> (artifact id: '55b8d4a9b1af20f535ca22749f51d9ac') in 0.377589 seconds 
========================================================================
Received Import Request.
  Time since last request: 12.891257 seconds.
  path: Assets/Sprites/Characters/Full Body/Enemies/Ittan Momen/en_ittanMomen.png
  artifactKey: Guid(01b342d74d0ee99449793e1bc7cce77d) Importer(815301076,1909f56bfc062723c751e8b465ee728b)
Start importing Assets/Sprites/Characters/Full Body/Enemies/Ittan Momen/en_ittanMomen.png using Guid(01b342d74d0ee99449793e1bc7cce77d) Importer(815301076,1909f56bfc062723c751e8b465ee728b)  -> (artifact id: 'bf3185ed895640bf0f94ba0041668d9c') in 0.700677 seconds 
========================================================================
Received Import Request.
  Time since last request: 0.000023 seconds.
  path: Assets/Sprites/Characters/Full Body/Enemies/Ittan Momen/en_ittanMomen_damage_physical.png
  artifactKey: Guid(197260e9b8775a442bc7d2cf8259f3c1) Importer(815301076,1909f56bfc062723c751e8b465ee728b)
Start importing Assets/Sprites/Characters/Full Body/Enemies/Ittan Momen/en_ittanMomen_damage_physical.png using Guid(197260e9b8775a442bc7d2cf8259f3c1) Importer(815301076,1909f56bfc062723c751e8b465ee728b)  -> (artifact id: '853cd9c1ddc79d85ecbf4d93fa018c2a') in 0.677370 seconds 
========================================================================
Received Import Request.
  Time since last request: 0.111442 seconds.
  path: Assets/Sprites/Characters/Full Body/Enemies/Ittan Momen/en_ittanMomen_water_damage_physical.png
  artifactKey: Guid(ba77bb93d3737644f9ee956af5a12838) Importer(815301076,1909f56bfc062723c751e8b465ee728b)
Start importing Assets/Sprites/Characters/Full Body/Enemies/Ittan Momen/en_ittanMomen_water_damage_physical.png using Guid(ba77bb93d3737644f9ee956af5a12838) Importer(815301076,1909f56bfc062723c751e8b465ee728b)  -> (artifact id: 'ed75909a5c7c4bdfd315bb150a223ed4') in 0.259153 seconds 
========================================================================
Received Import Request.
  Time since last request: 9.716650 seconds.
  path: Assets/Sprites/Characters/Full Body/Enemies/Funayurei/en_funayurei.png
  artifactKey: Guid(60e87fb2e2ceb5c45b77c2e7b281a865) Importer(815301076,1909f56bfc062723c751e8b465ee728b)
Start importing Assets/Sprites/Characters/Full Body/Enemies/Funayurei/en_funayurei.png using Guid(60e87fb2e2ceb5c45b77c2e7b281a865) Importer(815301076,1909f56bfc062723c751e8b465ee728b)  -> (artifact id: '6a64df6501f4cf412d27b70897c7f255') in 0.391437 seconds 
========================================================================
Received Import Request.
  Time since last request: 0.000023 seconds.
  path: Assets/Sprites/Characters/Full Body/Enemies/Funayurei/en_funayurei_damage_physical.png
  artifactKey: Guid(f7eed593f1fc93a4d9aed904dd75d1cd) Importer(815301076,1909f56bfc062723c751e8b465ee728b)
Start importing Assets/Sprites/Characters/Full Body/Enemies/Funayurei/en_funayurei_damage_physical.png using Guid(f7eed593f1fc93a4d9aed904dd75d1cd) Importer(815301076,1909f56bfc062723c751e8b465ee728b)  -> (artifact id: '4c3fa60763be8d8be242df1a4b3a9c10') in 0.347833 seconds 
========================================================================
Received Import Request.
  Time since last request: 7.729311 seconds.
  path: Assets/Sprites/Characters/Full Body/Enemies/Desfiguration/en_desfiguration.png
  artifactKey: Guid(81e3c030b1ed02648b517d4b30a6ff2c) Importer(815301076,1909f56bfc062723c751e8b465ee728b)
Start importing Assets/Sprites/Characters/Full Body/Enemies/Desfiguration/en_desfiguration.png using Guid(81e3c030b1ed02648b517d4b30a6ff2c) Importer(815301076,1909f56bfc062723c751e8b465ee728b)  -> (artifact id: 'a2a000d68b1c9edd060fe1590ecb35ff') in 0.625738 seconds 
========================================================================
Received Import Request.
  Time since last request: 31.130568 seconds.
  path: Assets/Sprites/Characters/Full Body/Gods/Bosses
  artifactKey: Guid(8f2d717a3ee330744ad7006b669385a3) Importer(815301076,1909f56bfc062723c751e8b465ee728b)
Start importing Assets/Sprites/Characters/Full Body/Gods/Bosses using Guid(8f2d717a3ee330744ad7006b669385a3) Importer(815301076,1909f56bfc062723c751e8b465ee728b)  -> (artifact id: '055529abe6463d3d179369b2b9c1752f') in 0.011627 seconds 
========================================================================
Received Import Request.
  Time since last request: 0.963638 seconds.
  path: Assets/Sprites/Characters/Full Body/Gods/Bosses/God of Mischief
  artifactKey: Guid(389d6e148a12d5d418d568be9582bd90) Importer(815301076,1909f56bfc062723c751e8b465ee728b)
Start importing Assets/Sprites/Characters/Full Body/Gods/Bosses/God of Mischief using Guid(389d6e148a12d5d418d568be9582bd90) Importer(815301076,1909f56bfc062723c751e8b465ee728b)  -> (artifact id: 'cae0b6d5e7f97793d8dca062f17f6e69') in 0.031101 seconds 
========================================================================
Received Import Request.
  Time since last request: 0.033898 seconds.
  path: Assets/Sprites/Characters/Full Body/Gods/Bosses/God of Mischief/fu_mischiefGod_2feliz.png
  artifactKey: Guid(fe53872d789b1884c8b9de64de8011bb) Importer(815301076,1909f56bfc062723c751e8b465ee728b)
Start importing Assets/Sprites/Characters/Full Body/Gods/Bosses/God of Mischief/fu_mischiefGod_2feliz.png using Guid(fe53872d789b1884c8b9de64de8011bb) Importer(815301076,1909f56bfc062723c751e8b465ee728b)  -> (artifact id: '5fdd3d2c6a7bd98dfc8327c19ba565db') in 0.277006 seconds 
========================================================================
Received Import Request.
  Time since last request: 0.000026 seconds.
  path: Assets/Sprites/Characters/Full Body/Gods/Bosses/God of Mischief/fu_mischiefGod_human_2feliz.png
  artifactKey: Guid(18a38b4a37479e842be828ab4bb39770) Importer(815301076,1909f56bfc062723c751e8b465ee728b)
Start importing Assets/Sprites/Characters/Full Body/Gods/Bosses/God of Mischief/fu_mischiefGod_human_2feliz.png using Guid(18a38b4a37479e842be828ab4bb39770) Importer(815301076,1909f56bfc062723c751e8b465ee728b)  -> (artifact id: 'c35d3a729c5e4c901789fa458cde7382') in 0.526058 seconds 
========================================================================
Received Import Request.
  Time since last request: 6.809844 seconds.
  path: Assets/Sprites/Characters/Full Body/Gods/Bosses/God of Words/fu_Fushimi_God_damage_earth.png
  artifactKey: Guid(52f5fc3979cd3464a99b1eed2c1847e3) Importer(815301076,1909f56bfc062723c751e8b465ee728b)
Start importing Assets/Sprites/Characters/Full Body/Gods/Bosses/God of Words/fu_Fushimi_God_damage_earth.png using Guid(52f5fc3979cd3464a99b1eed2c1847e3) Importer(815301076,1909f56bfc062723c751e8b465ee728b)  -> (artifact id: 'b0d10a5579b9a22ecd90bedd82a6ad2a') in 0.583677 seconds 
========================================================================
Received Import Request.
  Time since last request: 0.000034 seconds.
  path: Assets/Sprites/Characters/Full Body/Gods/Bosses/God of Words/fu_Fushimi_God_death.png
  artifactKey: Guid(9d14aa5fcf5de4d4fb3693e578e63a9a) Importer(815301076,1909f56bfc062723c751e8b465ee728b)
Start importing Assets/Sprites/Characters/Full Body/Gods/Bosses/God of Words/fu_Fushimi_God_death.png using Guid(9d14aa5fcf5de4d4fb3693e578e63a9a) Importer(815301076,1909f56bfc062723c751e8b465ee728b)  -> (artifact id: '2bc1c7ce887b1546530862007a9e4144') in 0.381746 seconds 
========================================================================
Received Import Request.
  Time since last request: 15.484529 seconds.
  path: Assets/Sprites/Characters/Full Body/Gods/Fushimi/fu_Fushimi_2feliz.png
  artifactKey: Guid(aa0fbbfe058aad0478e1efd2f9fca605) Importer(815301076,1909f56bfc062723c751e8b465ee728b)
Start importing Assets/Sprites/Characters/Full Body/Gods/Fushimi/fu_Fushimi_2feliz.png using Guid(aa0fbbfe058aad0478e1efd2f9fca605) Importer(815301076,1909f56bfc062723c751e8b465ee728b)  -> (artifact id: 'd541f00591e1a390b458d04e5e7efe46') in 0.356642 seconds 
========================================================================
Received Import Request.
  Time since last request: 0.000025 seconds.
  path: Assets/Sprites/Characters/Full Body/Gods/Sun&Moon/fu_MoonGod_8serio.png
  artifactKey: Guid(49c008edfe2eece4883b703296a92353) Importer(815301076,1909f56bfc062723c751e8b465ee728b)
Start importing Assets/Sprites/Characters/Full Body/Gods/Sun&Moon/fu_MoonGod_8serio.png using Guid(49c008edfe2eece4883b703296a92353) Importer(815301076,1909f56bfc062723c751e8b465ee728b)  -> (artifact id: 'b1460139e1edfe0eeb8c9165e93fb5f3') in 0.459254 seconds 
========================================================================
Received Import Request.
  Time since last request: 2.993699 seconds.
  path: Assets/Sprites/Characters/Full Body/Gods/Fushimi
  artifactKey: Guid(bd1f6c582689dc1418b2e221559a27e8) Importer(815301076,1909f56bfc062723c751e8b465ee728b)
Start importing Assets/Sprites/Characters/Full Body/Gods/Fushimi using Guid(bd1f6c582689dc1418b2e221559a27e8) Importer(815301076,1909f56bfc062723c751e8b465ee728b)  -> (artifact id: '9f5cf8a6fe76850ac76d2d087416d18d') in 0.016996 seconds 
========================================================================
Received Import Request.
  Time since last request: 23.559699 seconds.
  path: Assets/Sprites/Characters/Full Body/Spirits/Others/fu_Uji_2feliz.png
  artifactKey: Guid(3e43fa551f814574bbe23289288e3396) Importer(815301076,1909f56bfc062723c751e8b465ee728b)
Start importing Assets/Sprites/Characters/Full Body/Spirits/Others/fu_Uji_2feliz.png using Guid(3e43fa551f814574bbe23289288e3396) Importer(815301076,1909f56bfc062723c751e8b465ee728b)  -> (artifact id: '5c65d9a64de7708db48dd1aeb105bf91') in 0.261637 seconds 
========================================================================
Received Import Request.
  Time since last request: 2.988393 seconds.
  path: Assets/Sprites/Characters/Full Body/Spirits/Nezuko/Animal/anim_fu_NezukoRat_Walk.png
  artifactKey: Guid(8801d3f22ddb24f44b42d554a729ba10) Importer(815301076,1909f56bfc062723c751e8b465ee728b)
Start importing Assets/Sprites/Characters/Full Body/Spirits/Nezuko/Animal/anim_fu_NezukoRat_Walk.png using Guid(8801d3f22ddb24f44b42d554a729ba10) Importer(815301076,1909f56bfc062723c751e8b465ee728b)  -> (artifact id: '76042e3ef8921501e59727114e4efa25') in 0.587467 seconds 
========================================================================
Received Import Request.
  Time since last request: 472.675857 seconds.
  path: Assets/_ScriptableObjects/CaractersSO/Enemies/EnemySet1/PrefEnemySet1.prefab
  artifactKey: Guid(85d78676966196f40980beb4d4739e77) Importer(815301076,1909f56bfc062723c751e8b465ee728b)
Start importing Assets/_ScriptableObjects/CaractersSO/Enemies/EnemySet1/PrefEnemySet1.prefab using Guid(85d78676966196f40980beb4d4739e77) Importer(815301076,1909f56bfc062723c751e8b465ee728b)  -> (artifact id: '96f927039958beaade74ebf4173a7b27') in 0.158515 seconds 
========================================================================
Received Prepare
Registering precompiled user dll's ...
Registered in 0.005962 seconds.
Begin MonoManager ReloadAssembly
Native extension for WindowsStandalone target not found
Refreshing native plugins compatible for Editor in 0.81 ms, found 3 plugins.
Preloading 0 native plugins for Editor in 0.00 ms.
Mono: successfully reloaded assembly
- Completed reload, in  1.204 seconds
Domain Reload Profiling:
	ReloadAssembly (1205ms)
		BeginReloadAssembly (183ms)
			ExecutionOrderSort (0ms)
			DisableScriptedObjects (8ms)
			BackupInstance (0ms)
			ReleaseScriptingObjects (0ms)
			CreateAndSetChildDomain (70ms)
		EndReloadAssembly (904ms)
			LoadAssemblies (110ms)
			RebuildTransferFunctionScriptingTraits (0ms)
			SetupTypeCache (286ms)
			ReleaseScriptCaches (1ms)
			RebuildScriptCaches (49ms)
			SetupLoadedEditorAssemblies (401ms)
				LogAssemblyErrors (0ms)
				InitializePlatformSupportModulesInManaged (18ms)
				SetLoadedEditorAssemblies (0ms)
				RefreshPlugins (1ms)
				BeforeProcessingInitializeOnLoad (70ms)
				ProcessInitializeOnLoadAttributes (253ms)
				ProcessInitializeOnLoadMethodAttributes (48ms)
				AfterProcessingInitializeOnLoad (11ms)
				EditorAssembliesLoaded (0ms)
			ExecutionOrderSort2 (0ms)
			AwakeInstancesAfterBackupRestoration (12ms)
Platform modules already initialized, skipping
Refreshing native plugins compatible for Editor in 2.61 ms, found 3 plugins.
Preloading 0 native plugins for Editor in 0.00 ms.
Unloading 2522 Unused Serialized files (Serialized files now loaded: 0)
Unloading 20 unused Assets / (24.6 KB). Loaded Objects now: 3072.
Memory consumption went from 115.4 MB to 115.4 MB.
Total: 3.684200 ms (FindLiveObjects: 0.202800 ms CreateObjectMapping: 0.146600 ms MarkObjects: 3.301800 ms  DeleteObjects: 0.031800 ms)

AssetImportParameters requested are different than current active one (requested -> active):
  custom:video-decoder-ogg-theora: a1e56fd34408186e4bbccfd4996cb3dc -> 
  custom:container-muxer-webm: aa71ff27fc2769a1b78a27578f13a17b -> 
  custom:container-demuxer-webm: 4f35f7cbe854078d1ac9338744f61a02 -> 
  custom:video-encoder-webm-vp8: eb34c28f22e8b96e1ab97ce403110664 -> 
  custom:audio-encoder-webm-vorbis: bf7c407c2cedff20999df2af8eb42d56 -> 
  custom:framework-win-MediaFoundation: 216162199b28c13a410421893ffa2e32 -> 
  custom:container-demuxer-ogg: 62fdf1f143b41e24485cea50d1cbac27 -> 
  custom:video-decoder-webm-vp8: 9c59270c3fd7afecdb556c50c9e8de78 -> 
  custom:audio-decoder-ogg-vorbis: bf7c407c2cedff20999df2af8eb42d56 -> 
========================================================================
Received Prepare
Registering precompiled user dll's ...
Registered in 0.006130 seconds.
Begin MonoManager ReloadAssembly
Native extension for WindowsStandalone target not found
Refreshing native plugins compatible for Editor in 0.50 ms, found 3 plugins.
Preloading 0 native plugins for Editor in 0.00 ms.
Mono: successfully reloaded assembly
- Completed reload, in  0.974 seconds
Domain Reload Profiling:
	ReloadAssembly (974ms)
		BeginReloadAssembly (136ms)
			ExecutionOrderSort (0ms)
			DisableScriptedObjects (7ms)
			BackupInstance (0ms)
			ReleaseScriptingObjects (0ms)
			CreateAndSetChildDomain (33ms)
		EndReloadAssembly (718ms)
			LoadAssemblies (101ms)
			RebuildTransferFunctionScriptingTraits (0ms)
			SetupTypeCache (195ms)
			ReleaseScriptCaches (1ms)
			RebuildScriptCaches (39ms)
			SetupLoadedEditorAssemblies (338ms)
				LogAssemblyErrors (0ms)
				InitializePlatformSupportModulesInManaged (13ms)
				SetLoadedEditorAssemblies (0ms)
				RefreshPlugins (1ms)
				BeforeProcessingInitializeOnLoad (57ms)
				ProcessInitializeOnLoadAttributes (206ms)
				ProcessInitializeOnLoadMethodAttributes (47ms)
				AfterProcessingInitializeOnLoad (14ms)
				EditorAssembliesLoaded (0ms)
			ExecutionOrderSort2 (0ms)
			AwakeInstancesAfterBackupRestoration (13ms)
Platform modules already initialized, skipping
Refreshing native plugins compatible for Editor in 2.22 ms, found 3 plugins.
Preloading 0 native plugins for Editor in 0.00 ms.
Unloading 2522 Unused Serialized files (Serialized files now loaded: 0)
Unloading 20 unused Assets / (24.7 KB). Loaded Objects now: 3075.
Memory consumption went from 115.4 MB to 115.4 MB.
Total: 3.173200 ms (FindLiveObjects: 0.212100 ms CreateObjectMapping: 0.117600 ms MarkObjects: 2.820800 ms  DeleteObjects: 0.021400 ms)

AssetImportParameters requested are different than current active one (requested -> active):
  custom:video-decoder-ogg-theora: a1e56fd34408186e4bbccfd4996cb3dc -> 
  custom:container-muxer-webm: aa71ff27fc2769a1b78a27578f13a17b -> 
  custom:container-demuxer-webm: 4f35f7cbe854078d1ac9338744f61a02 -> 
  custom:video-encoder-webm-vp8: eb34c28f22e8b96e1ab97ce403110664 -> 
  custom:audio-encoder-webm-vorbis: bf7c407c2cedff20999df2af8eb42d56 -> 
  custom:framework-win-MediaFoundation: 216162199b28c13a410421893ffa2e32 -> 
  custom:container-demuxer-ogg: 62fdf1f143b41e24485cea50d1cbac27 -> 
  custom:video-decoder-webm-vp8: 9c59270c3fd7afecdb556c50c9e8de78 -> 
  custom:audio-decoder-ogg-vorbis: bf7c407c2cedff20999df2af8eb42d56 -> 
========================================================================
Received Prepare
Registering precompiled user dll's ...
Registered in 0.006125 seconds.
Begin MonoManager ReloadAssembly
Native extension for WindowsStandalone target not found
Refreshing native plugins compatible for Editor in 0.79 ms, found 3 plugins.
Preloading 0 native plugins for Editor in 0.00 ms.
Mono: successfully reloaded assembly
- Completed reload, in  1.125 seconds
Domain Reload Profiling:
	ReloadAssembly (1126ms)
		BeginReloadAssembly (146ms)
			ExecutionOrderSort (0ms)
			DisableScriptedObjects (7ms)
			BackupInstance (0ms)
			ReleaseScriptingObjects (0ms)
			CreateAndSetChildDomain (38ms)
		EndReloadAssembly (877ms)
			LoadAssemblies (100ms)
			RebuildTransferFunctionScriptingTraits (0ms)
			SetupTypeCache (263ms)
			ReleaseScriptCaches (2ms)
			RebuildScriptCaches (52ms)
			SetupLoadedEditorAssemblies (408ms)
				LogAssemblyErrors (0ms)
				InitializePlatformSupportModulesInManaged (14ms)
				SetLoadedEditorAssemblies (1ms)
				RefreshPlugins (1ms)
				BeforeProcessingInitializeOnLoad (73ms)
				ProcessInitializeOnLoadAttributes (262ms)
				ProcessInitializeOnLoadMethodAttributes (45ms)
				AfterProcessingInitializeOnLoad (11ms)
				EditorAssembliesLoaded (0ms)
			ExecutionOrderSort2 (0ms)
			AwakeInstancesAfterBackupRestoration (12ms)
Platform modules already initialized, skipping
Refreshing native plugins compatible for Editor in 2.04 ms, found 3 plugins.
Preloading 0 native plugins for Editor in 0.00 ms.
Unloading 2522 Unused Serialized files (Serialized files now loaded: 0)
Unloading 20 unused Assets / (24.7 KB). Loaded Objects now: 3078.
Memory consumption went from 115.4 MB to 115.4 MB.
Total: 2.858800 ms (FindLiveObjects: 0.205100 ms CreateObjectMapping: 0.114500 ms MarkObjects: 2.511400 ms  DeleteObjects: 0.025500 ms)

AssetImportParameters requested are different than current active one (requested -> active):
  custom:video-decoder-ogg-theora: a1e56fd34408186e4bbccfd4996cb3dc -> 
  custom:container-muxer-webm: aa71ff27fc2769a1b78a27578f13a17b -> 
  custom:container-demuxer-webm: 4f35f7cbe854078d1ac9338744f61a02 -> 
  custom:video-encoder-webm-vp8: eb34c28f22e8b96e1ab97ce403110664 -> 
  custom:audio-encoder-webm-vorbis: bf7c407c2cedff20999df2af8eb42d56 -> 
  custom:framework-win-MediaFoundation: 216162199b28c13a410421893ffa2e32 -> 
  custom:container-demuxer-ogg: 62fdf1f143b41e24485cea50d1cbac27 -> 
  custom:video-decoder-webm-vp8: 9c59270c3fd7afecdb556c50c9e8de78 -> 
  custom:audio-decoder-ogg-vorbis: bf7c407c2cedff20999df2af8eb42d56 -> 
========================================================================
Received Import Request.
  Time since last request: 4674.214043 seconds.
  path: Assets/_Scenes/CombatScene.unity
  artifactKey: Guid(6d74d0b000e035b4cb9939e40f9d155b) Importer(815301076,1909f56bfc062723c751e8b465ee728b)
Start importing Assets/_Scenes/CombatScene.unity using Guid(6d74d0b000e035b4cb9939e40f9d155b) Importer(815301076,1909f56bfc062723c751e8b465ee728b)  -> (artifact id: '3a606f86395047b89506fcc3bfa206dd') in 0.005508 seconds 
