Using pre-set license
Built from '2021.3/staging' branch; Version is '2021.3.10f1 (1c7d0df0160b) revision 1867021'; Using compiler version '192829333'; Build Type 'Release'
OS: 'Windows 11  (10.0.22621) 64bit Professional' Language: 'pt' Physical Memory: 16221 MB
BatchMode: 1, IsHumanControllingUs: 0, StartBugReporterOnCrash: 0, Is64bit: 1, IsPro: 1

COMMAND LINE ARGUMENTS:
C:\Program Files\Unity\Hub\Editor\2021.3.10f1\Editor\Unity.exe
-adb2
-batchMode
-noUpm
-name
AssetImportWorker8
-projectPath
C:/Users/Aluno/Documents/Kings/Juunishi/Juunishi Zodiacs v2
-logFile
Logs/AssetImportWorker8.log
-srvPort
53710
Successfully changed project path to: C:/Users/Aluno/Documents/Kings/Juunishi/Juunishi Zodiacs v2
C:/Users/Aluno/Documents/Kings/Juunishi/Juunishi Zodiacs v2
[UnityMemory] Configuration Parameters - Can be set up in boot.config
    "memorysetup-bucket-allocator-granularity=16"
    "memorysetup-bucket-allocator-bucket-count=8"
    "memorysetup-bucket-allocator-block-size=33554432"
    "memorysetup-bucket-allocator-block-count=8"
    "memorysetup-main-allocator-block-size=16777216"
    "memorysetup-thread-allocator-block-size=16777216"
    "memorysetup-gfx-main-allocator-block-size=16777216"
    "memorysetup-gfx-thread-allocator-block-size=16777216"
    "memorysetup-cache-allocator-block-size=4194304"
    "memorysetup-typetree-allocator-block-size=2097152"
    "memorysetup-profiler-bucket-allocator-granularity=16"
    "memorysetup-profiler-bucket-allocator-bucket-count=8"
    "memorysetup-profiler-bucket-allocator-block-size=33554432"
    "memorysetup-profiler-bucket-allocator-block-count=8"
    "memorysetup-profiler-allocator-block-size=16777216"
    "memorysetup-profiler-editor-allocator-block-size=1048576"
    "memorysetup-temp-allocator-size-main=16777216"
    "memorysetup-job-temp-allocator-block-size=2097152"
    "memorysetup-job-temp-allocator-block-size-background=1048576"
    "memorysetup-job-temp-allocator-reduction-small-platforms=262144"
    "memorysetup-temp-allocator-size-background-worker=32768"
    "memorysetup-temp-allocator-size-job-worker=262144"
    "memorysetup-temp-allocator-size-preload-manager=33554432"
    "memorysetup-temp-allocator-size-nav-mesh-worker=65536"
    "memorysetup-temp-allocator-size-audio-worker=65536"
    "memorysetup-temp-allocator-size-cloud-worker=32768"
    "memorysetup-temp-allocator-size-gi-baking-worker=262144"
    "memorysetup-temp-allocator-size-gfx=262144"
Refreshing native plugins compatible for Editor in 34.29 ms, found 3 plugins.
Preloading 0 native plugins for Editor in 0.00 ms.
Initialize engine version: 2021.3.10f1 (1c7d0df0160b)
[Subsystems] Discovering subsystems at path C:/Program Files/Unity/Hub/Editor/2021.3.10f1/Editor/Data/Resources/UnitySubsystems
[Subsystems] Discovering subsystems at path C:/Users/Aluno/Documents/Kings/Juunishi/Juunishi Zodiacs v2/Assets
GfxDevice: creating device client; threaded=0; jobified=0
Direct3D:
    Version:  Direct3D 11.0 [level 11.1]
    Renderer: NVIDIA GeForce RTX 3060 Ti (ID=0x2489)
    Vendor:   NVIDIA
    VRAM:     8038 MB
    Driver:   31.0.15.2824
Initialize mono
Mono path[0] = 'C:/Program Files/Unity/Hub/Editor/2021.3.10f1/Editor/Data/Managed'
Mono path[1] = 'C:/Program Files/Unity/Hub/Editor/2021.3.10f1/Editor/Data/MonoBleedingEdge/lib/mono/unityjit-win32'
Mono config path = 'C:/Program Files/Unity/Hub/Editor/2021.3.10f1/Editor/Data/MonoBleedingEdge/etc'
Using monoOptions --debugger-agent=transport=dt_socket,embedding=1,server=y,suspend=n,address=127.0.0.1:56824
Begin MonoManager ReloadAssembly
Registering precompiled unity dll's ...
Register platform support module: C:/Program Files/Unity/Hub/Editor/2021.3.10f1/Editor/Data/PlaybackEngines/WebGLSupport/UnityEditor.WebGL.Extensions.dll
Register platform support module: C:/Program Files/Unity/Hub/Editor/2021.3.10f1/Editor/Data/PlaybackEngines/AndroidPlayer/UnityEditor.Android.Extensions.dll
Register platform support module: C:/Program Files/Unity/Hub/Editor/2021.3.10f1/Editor/Data/PlaybackEngines/iOSSupport/UnityEditor.iOS.Extensions.dll
Register platform support module: C:/Program Files/Unity/Hub/Editor/2021.3.10f1/Editor/Data/PlaybackEngines/WindowsStandaloneSupport/UnityEditor.WindowsStandalone.Extensions.dll
Register platform support module: C:/Program Files/Unity/Hub/Editor/2021.3.10f1/Editor/Data/PlaybackEngines/MetroSupport/UnityEditor.UWP.Extensions.dll
Registered in 0.004148 seconds.
Native extension for UWP target not found
Native extension for WindowsStandalone target not found
[usbmuxd] Start listen thread
[usbmuxd] Listen thread started
Native extension for iOS target not found
Native extension for Android target not found
Native extension for WebGL target not found
Refreshing native plugins compatible for Editor in 33.87 ms, found 3 plugins.
Preloading 0 native plugins for Editor in 0.00 ms.
Mono: successfully reloaded assembly
- Completed reload, in  0.423 seconds
Domain Reload Profiling:
	ReloadAssembly (423ms)
		BeginReloadAssembly (48ms)
			ExecutionOrderSort (0ms)
			DisableScriptedObjects (0ms)
			BackupInstance (0ms)
			ReleaseScriptingObjects (0ms)
			CreateAndSetChildDomain (1ms)
		EndReloadAssembly (305ms)
			LoadAssemblies (47ms)
			RebuildTransferFunctionScriptingTraits (0ms)
			SetupTypeCache (71ms)
			ReleaseScriptCaches (0ms)
			RebuildScriptCaches (20ms)
			SetupLoadedEditorAssemblies (180ms)
				LogAssemblyErrors (0ms)
				InitializePlatformSupportModulesInManaged (44ms)
				SetLoadedEditorAssemblies (0ms)
				RefreshPlugins (34ms)
				BeforeProcessingInitializeOnLoad (1ms)
				ProcessInitializeOnLoadAttributes (68ms)
				ProcessInitializeOnLoadMethodAttributes (32ms)
				AfterProcessingInitializeOnLoad (0ms)
				EditorAssembliesLoaded (0ms)
			ExecutionOrderSort2 (0ms)
			AwakeInstancesAfterBackupRestoration (0ms)
Platform modules already initialized, skipping
Registering precompiled user dll's ...
Registered in 0.003743 seconds.
Begin MonoManager ReloadAssembly
Native extension for UWP target not found
Native extension for WindowsStandalone target not found
Native extension for iOS target not found
Native extension for Android target not found
Native extension for WebGL target not found
Refreshing native plugins compatible for Editor in 33.03 ms, found 3 plugins.
Preloading 0 native plugins for Editor in 0.00 ms.
Mono: successfully reloaded assembly
- Completed reload, in  0.857 seconds
Domain Reload Profiling:
	ReloadAssembly (858ms)
		BeginReloadAssembly (194ms)
			ExecutionOrderSort (0ms)
			DisableScriptedObjects (4ms)
			BackupInstance (0ms)
			ReleaseScriptingObjects (0ms)
			CreateAndSetChildDomain (128ms)
		EndReloadAssembly (574ms)
			LoadAssemblies (70ms)
			RebuildTransferFunctionScriptingTraits (0ms)
			SetupTypeCache (155ms)
			ReleaseScriptCaches (0ms)
			RebuildScriptCaches (34ms)
			SetupLoadedEditorAssemblies (284ms)
				LogAssemblyErrors (0ms)
				InitializePlatformSupportModulesInManaged (16ms)
				SetLoadedEditorAssemblies (0ms)
				RefreshPlugins (33ms)
				BeforeProcessingInitializeOnLoad (47ms)
				ProcessInitializeOnLoadAttributes (151ms)
				ProcessInitializeOnLoadMethodAttributes (33ms)
				AfterProcessingInitializeOnLoad (4ms)
				EditorAssembliesLoaded (0ms)
			ExecutionOrderSort2 (0ms)
			AwakeInstancesAfterBackupRestoration (5ms)
Platform modules already initialized, skipping
========================================================================
Worker process is ready to serve import requests
Launched and connected shader compiler UnityShaderCompiler.exe after 0.03 seconds
Refreshing native plugins compatible for Editor in 0.46 ms, found 3 plugins.
Preloading 0 native plugins for Editor in 0.00 ms.
Unloading 2566 Unused Serialized files (Serialized files now loaded: 0)
Unloading 33 unused Assets / (56.1 KB). Loaded Objects now: 3031.
Memory consumption went from 116.1 MB to 116.1 MB.
Total: 2.687500 ms (FindLiveObjects: 0.157400 ms CreateObjectMapping: 0.067200 ms MarkObjects: 2.377500 ms  DeleteObjects: 0.084200 ms)

AssetImportParameters requested are different than current active one (requested -> active):
  custom:video-decoder-ogg-theora: a1e56fd34408186e4bbccfd4996cb3dc -> 
  custom:container-muxer-webm: aa71ff27fc2769a1b78a27578f13a17b -> 
  custom:container-demuxer-webm: 4f35f7cbe854078d1ac9338744f61a02 -> 
  custom:video-encoder-webm-vp8: eb34c28f22e8b96e1ab97ce403110664 -> 
  custom:audio-encoder-webm-vorbis: bf7c407c2cedff20999df2af8eb42d56 -> 
  custom:framework-win-MediaFoundation: 216162199b28c13a410421893ffa2e32 -> 
  custom:container-demuxer-ogg: 62fdf1f143b41e24485cea50d1cbac27 -> 
  custom:video-decoder-webm-vp8: 9c59270c3fd7afecdb556c50c9e8de78 -> 
  custom:audio-decoder-ogg-vorbis: bf7c407c2cedff20999df2af8eb42d56 -> 
========================================================================
Received Import Request.
  Time since last request: 3317.955042 seconds.
  path: Assets/_ScriptableObjects/CombatSO/Enemies/EnemySet1/Kameosa0/Enemy 1.asset
  artifactKey: Guid(f67bb236b52da1e4097b577ebceb5fb2) Importer(815301076,1909f56bfc062723c751e8b465ee728b)
Start importing Assets/_ScriptableObjects/CombatSO/Enemies/EnemySet1/Kameosa0/Enemy 1.asset using Guid(f67bb236b52da1e4097b577ebceb5fb2) Importer(815301076,1909f56bfc062723c751e8b465ee728b)  -> (artifact id: 'fe1bcc6570a25564034426c90747d4e9') in 0.029138 seconds 
========================================================================
Received Import Request.
  Time since last request: 7.151765 seconds.
  path: Assets/_ScriptableObjects/CombatSO/Enemies/EnemySet1/Kameosa1/Enemy2.asset
  artifactKey: Guid(f2736235d99d48f48b56c9bd44ea514d) Importer(815301076,1909f56bfc062723c751e8b465ee728b)
Start importing Assets/_ScriptableObjects/CombatSO/Enemies/EnemySet1/Kameosa1/Enemy2.asset using Guid(f2736235d99d48f48b56c9bd44ea514d) Importer(815301076,1909f56bfc062723c751e8b465ee728b)  -> (artifact id: '2bfe4e3fc5b42923f9f6f5012a84ce7c') in 0.002141 seconds 
========================================================================
Received Prepare
Registering precompiled user dll's ...
Registered in 0.005335 seconds.
Begin MonoManager ReloadAssembly
Native extension for UWP target not found
Native extension for WindowsStandalone target not found
Native extension for iOS target not found
Native extension for Android target not found
Native extension for WebGL target not found
Refreshing native plugins compatible for Editor in 0.51 ms, found 3 plugins.
Preloading 0 native plugins for Editor in 0.00 ms.
Mono: successfully reloaded assembly
- Completed reload, in  0.905 seconds
Domain Reload Profiling:
	ReloadAssembly (905ms)
		BeginReloadAssembly (119ms)
			ExecutionOrderSort (0ms)
			DisableScriptedObjects (5ms)
			BackupInstance (0ms)
			ReleaseScriptingObjects (0ms)
			CreateAndSetChildDomain (36ms)
		EndReloadAssembly (715ms)
			LoadAssemblies (77ms)
			RebuildTransferFunctionScriptingTraits (0ms)
			SetupTypeCache (199ms)
			ReleaseScriptCaches (1ms)
			RebuildScriptCaches (54ms)
			SetupLoadedEditorAssemblies (333ms)
				LogAssemblyErrors (0ms)
				InitializePlatformSupportModulesInManaged (32ms)
				SetLoadedEditorAssemblies (0ms)
				RefreshPlugins (1ms)
				BeforeProcessingInitializeOnLoad (61ms)
				ProcessInitializeOnLoadAttributes (194ms)
				ProcessInitializeOnLoadMethodAttributes (40ms)
				AfterProcessingInitializeOnLoad (5ms)
				EditorAssembliesLoaded (0ms)
			ExecutionOrderSort2 (0ms)
			AwakeInstancesAfterBackupRestoration (9ms)
Platform modules already initialized, skipping
Refreshing native plugins compatible for Editor in 2.90 ms, found 3 plugins.
Preloading 0 native plugins for Editor in 0.00 ms.
Unloading 2542 Unused Serialized files (Serialized files now loaded: 0)
Unloading 20 unused Assets / (24.6 KB). Loaded Objects now: 3035.
Memory consumption went from 114.2 MB to 114.1 MB.
Total: 2.500200 ms (FindLiveObjects: 0.186500 ms CreateObjectMapping: 0.077300 ms MarkObjects: 2.212300 ms  DeleteObjects: 0.023100 ms)

AssetImportParameters requested are different than current active one (requested -> active):
  custom:video-decoder-ogg-theora: a1e56fd34408186e4bbccfd4996cb3dc -> 
  custom:container-muxer-webm: aa71ff27fc2769a1b78a27578f13a17b -> 
  custom:container-demuxer-webm: 4f35f7cbe854078d1ac9338744f61a02 -> 
  custom:video-encoder-webm-vp8: eb34c28f22e8b96e1ab97ce403110664 -> 
  custom:audio-encoder-webm-vorbis: bf7c407c2cedff20999df2af8eb42d56 -> 
  custom:framework-win-MediaFoundation: 216162199b28c13a410421893ffa2e32 -> 
  custom:container-demuxer-ogg: 62fdf1f143b41e24485cea50d1cbac27 -> 
  custom:video-decoder-webm-vp8: 9c59270c3fd7afecdb556c50c9e8de78 -> 
  custom:audio-decoder-ogg-vorbis: bf7c407c2cedff20999df2af8eb42d56 -> 
========================================================================
Received Prepare
Registering precompiled user dll's ...
Registered in 0.006442 seconds.
Begin MonoManager ReloadAssembly
Native extension for UWP target not found
Native extension for WindowsStandalone target not found
Native extension for iOS target not found
Native extension for Android target not found
Native extension for WebGL target not found
Refreshing native plugins compatible for Editor in 0.82 ms, found 3 plugins.
Preloading 0 native plugins for Editor in 0.00 ms.
Mono: successfully reloaded assembly
- Completed reload, in  0.912 seconds
Domain Reload Profiling:
	ReloadAssembly (913ms)
		BeginReloadAssembly (107ms)
			ExecutionOrderSort (0ms)
			DisableScriptedObjects (7ms)
			BackupInstance (0ms)
			ReleaseScriptingObjects (0ms)
			CreateAndSetChildDomain (28ms)
		EndReloadAssembly (723ms)
			LoadAssemblies (69ms)
			RebuildTransferFunctionScriptingTraits (0ms)
			SetupTypeCache (212ms)
			ReleaseScriptCaches (1ms)
			RebuildScriptCaches (44ms)
			SetupLoadedEditorAssemblies (338ms)
				LogAssemblyErrors (0ms)
				InitializePlatformSupportModulesInManaged (28ms)
				SetLoadedEditorAssemblies (0ms)
				RefreshPlugins (1ms)
				BeforeProcessingInitializeOnLoad (51ms)
				ProcessInitializeOnLoadAttributes (211ms)
				ProcessInitializeOnLoadMethodAttributes (42ms)
				AfterProcessingInitializeOnLoad (5ms)
				EditorAssembliesLoaded (0ms)
			ExecutionOrderSort2 (0ms)
			AwakeInstancesAfterBackupRestoration (9ms)
Platform modules already initialized, skipping
Refreshing native plugins compatible for Editor in 1.60 ms, found 3 plugins.
Preloading 0 native plugins for Editor in 0.00 ms.
Unloading 2542 Unused Serialized files (Serialized files now loaded: 0)
Unloading 20 unused Assets / (24.6 KB). Loaded Objects now: 3038.
Memory consumption went from 114.2 MB to 114.1 MB.
Total: 3.890100 ms (FindLiveObjects: 0.329800 ms CreateObjectMapping: 0.135600 ms MarkObjects: 3.386000 ms  DeleteObjects: 0.036700 ms)

AssetImportParameters requested are different than current active one (requested -> active):
  custom:video-decoder-ogg-theora: a1e56fd34408186e4bbccfd4996cb3dc -> 
  custom:container-muxer-webm: aa71ff27fc2769a1b78a27578f13a17b -> 
  custom:container-demuxer-webm: 4f35f7cbe854078d1ac9338744f61a02 -> 
  custom:video-encoder-webm-vp8: eb34c28f22e8b96e1ab97ce403110664 -> 
  custom:audio-encoder-webm-vorbis: bf7c407c2cedff20999df2af8eb42d56 -> 
  custom:framework-win-MediaFoundation: 216162199b28c13a410421893ffa2e32 -> 
  custom:container-demuxer-ogg: 62fdf1f143b41e24485cea50d1cbac27 -> 
  custom:video-decoder-webm-vp8: 9c59270c3fd7afecdb556c50c9e8de78 -> 
  custom:audio-decoder-ogg-vorbis: bf7c407c2cedff20999df2af8eb42d56 -> 
========================================================================
Received Prepare
Registering precompiled user dll's ...
Registered in 0.005917 seconds.
Begin MonoManager ReloadAssembly
Native extension for UWP target not found
Native extension for WindowsStandalone target not found
Native extension for iOS target not found
Native extension for Android target not found
Native extension for WebGL target not found
Refreshing native plugins compatible for Editor in 0.74 ms, found 3 plugins.
Preloading 0 native plugins for Editor in 0.00 ms.
Mono: successfully reloaded assembly
- Completed reload, in  0.907 seconds
Domain Reload Profiling:
	ReloadAssembly (907ms)
		BeginReloadAssembly (123ms)
			ExecutionOrderSort (0ms)
			DisableScriptedObjects (6ms)
			BackupInstance (0ms)
			ReleaseScriptingObjects (0ms)
			CreateAndSetChildDomain (38ms)
		EndReloadAssembly (684ms)
			LoadAssemblies (78ms)
			RebuildTransferFunctionScriptingTraits (0ms)
			SetupTypeCache (182ms)
			ReleaseScriptCaches (1ms)
			RebuildScriptCaches (46ms)
			SetupLoadedEditorAssemblies (333ms)
				LogAssemblyErrors (0ms)
				InitializePlatformSupportModulesInManaged (32ms)
				SetLoadedEditorAssemblies (0ms)
				RefreshPlugins (1ms)
				BeforeProcessingInitializeOnLoad (53ms)
				ProcessInitializeOnLoadAttributes (207ms)
				ProcessInitializeOnLoadMethodAttributes (36ms)
				AfterProcessingInitializeOnLoad (4ms)
				EditorAssembliesLoaded (0ms)
			ExecutionOrderSort2 (0ms)
			AwakeInstancesAfterBackupRestoration (6ms)
Platform modules already initialized, skipping
Refreshing native plugins compatible for Editor in 1.47 ms, found 3 plugins.
Preloading 0 native plugins for Editor in 0.00 ms.
Unloading 2542 Unused Serialized files (Serialized files now loaded: 0)
Unloading 20 unused Assets / (24.6 KB). Loaded Objects now: 3041.
Memory consumption went from 114.2 MB to 114.2 MB.
Total: 2.182700 ms (FindLiveObjects: 0.141200 ms CreateObjectMapping: 0.057100 ms MarkObjects: 1.969700 ms  DeleteObjects: 0.013900 ms)

AssetImportParameters requested are different than current active one (requested -> active):
  custom:video-decoder-ogg-theora: a1e56fd34408186e4bbccfd4996cb3dc -> 
  custom:container-muxer-webm: aa71ff27fc2769a1b78a27578f13a17b -> 
  custom:container-demuxer-webm: 4f35f7cbe854078d1ac9338744f61a02 -> 
  custom:video-encoder-webm-vp8: eb34c28f22e8b96e1ab97ce403110664 -> 
  custom:audio-encoder-webm-vorbis: bf7c407c2cedff20999df2af8eb42d56 -> 
  custom:framework-win-MediaFoundation: 216162199b28c13a410421893ffa2e32 -> 
  custom:container-demuxer-ogg: 62fdf1f143b41e24485cea50d1cbac27 -> 
  custom:video-decoder-webm-vp8: 9c59270c3fd7afecdb556c50c9e8de78 -> 
  custom:audio-decoder-ogg-vorbis: bf7c407c2cedff20999df2af8eb42d56 -> 
========================================================================
Received Prepare
Registering precompiled user dll's ...
Registered in 0.005142 seconds.
Begin MonoManager ReloadAssembly
Native extension for UWP target not found
Native extension for WindowsStandalone target not found
Native extension for iOS target not found
Native extension for Android target not found
Native extension for WebGL target not found
Refreshing native plugins compatible for Editor in 0.65 ms, found 3 plugins.
Preloading 0 native plugins for Editor in 0.00 ms.
Mono: successfully reloaded assembly
- Completed reload, in  0.836 seconds
Domain Reload Profiling:
	ReloadAssembly (837ms)
		BeginReloadAssembly (123ms)
			ExecutionOrderSort (0ms)
			DisableScriptedObjects (8ms)
			BackupInstance (0ms)
			ReleaseScriptingObjects (0ms)
			CreateAndSetChildDomain (34ms)
		EndReloadAssembly (632ms)
			LoadAssemblies (78ms)
			RebuildTransferFunctionScriptingTraits (0ms)
			SetupTypeCache (192ms)
			ReleaseScriptCaches (1ms)
			RebuildScriptCaches (46ms)
			SetupLoadedEditorAssemblies (284ms)
				LogAssemblyErrors (0ms)
				InitializePlatformSupportModulesInManaged (23ms)
				SetLoadedEditorAssemblies (0ms)
				RefreshPlugins (1ms)
				BeforeProcessingInitializeOnLoad (55ms)
				ProcessInitializeOnLoadAttributes (174ms)
				ProcessInitializeOnLoadMethodAttributes (26ms)
				AfterProcessingInitializeOnLoad (5ms)
				EditorAssembliesLoaded (0ms)
			ExecutionOrderSort2 (0ms)
			AwakeInstancesAfterBackupRestoration (8ms)
Platform modules already initialized, skipping
Refreshing native plugins compatible for Editor in 2.46 ms, found 3 plugins.
Preloading 0 native plugins for Editor in 0.00 ms.
Unloading 2542 Unused Serialized files (Serialized files now loaded: 0)
Unloading 20 unused Assets / (24.6 KB). Loaded Objects now: 3044.
Memory consumption went from 114.2 MB to 114.2 MB.
Total: 2.120100 ms (FindLiveObjects: 0.177100 ms CreateObjectMapping: 0.057700 ms MarkObjects: 1.865800 ms  DeleteObjects: 0.018800 ms)

AssetImportParameters requested are different than current active one (requested -> active):
  custom:video-decoder-ogg-theora: a1e56fd34408186e4bbccfd4996cb3dc -> 
  custom:container-muxer-webm: aa71ff27fc2769a1b78a27578f13a17b -> 
  custom:container-demuxer-webm: 4f35f7cbe854078d1ac9338744f61a02 -> 
  custom:video-encoder-webm-vp8: eb34c28f22e8b96e1ab97ce403110664 -> 
  custom:audio-encoder-webm-vorbis: bf7c407c2cedff20999df2af8eb42d56 -> 
  custom:framework-win-MediaFoundation: 216162199b28c13a410421893ffa2e32 -> 
  custom:container-demuxer-ogg: 62fdf1f143b41e24485cea50d1cbac27 -> 
  custom:video-decoder-webm-vp8: 9c59270c3fd7afecdb556c50c9e8de78 -> 
  custom:audio-decoder-ogg-vorbis: bf7c407c2cedff20999df2af8eb42d56 -> 
========================================================================
Received Import Request.
  Time since last request: 1401.069833 seconds.
  path: Assets/_ScriptableObjects/CombatSO/Enemies/EnemySet5/PrefEnemySet5.prefab
  artifactKey: Guid(311fbe0edf91202409a8611c5aed8e53) Importer(815301076,1909f56bfc062723c751e8b465ee728b)
Start importing Assets/_ScriptableObjects/CombatSO/Enemies/EnemySet5/PrefEnemySet5.prefab using Guid(311fbe0edf91202409a8611c5aed8e53) Importer(815301076,1909f56bfc062723c751e8b465ee728b)  -> (artifact id: '256085b274e8aae25f62903e22ed38d2') in 0.259201 seconds 
========================================================================
Received Import Request.
  Time since last request: 9.676845 seconds.
  path: Assets/_ScriptableObjects/CombatSO/Enemies/EnemySet5
  artifactKey: Guid(4ec5f6ddff796f34cb2cef3f2ea424c4) Importer(815301076,1909f56bfc062723c751e8b465ee728b)
Start importing Assets/_ScriptableObjects/CombatSO/Enemies/EnemySet5 using Guid(4ec5f6ddff796f34cb2cef3f2ea424c4) Importer(815301076,1909f56bfc062723c751e8b465ee728b)  -> (artifact id: 'a79adcc42f9cae67d77972abe3a32866') in 0.001615 seconds 
========================================================================
Received Import Request.
  Time since last request: 1.459104 seconds.
  path: Assets/_ScriptableObjects/CombatSO/Enemies/EnemySet5 1
  artifactKey: Guid(740a797c2f902a34faf29181d9c91217) Importer(815301076,1909f56bfc062723c751e8b465ee728b)
Start importing Assets/_ScriptableObjects/CombatSO/Enemies/EnemySet5 1 using Guid(740a797c2f902a34faf29181d9c91217) Importer(815301076,1909f56bfc062723c751e8b465ee728b)  -> (artifact id: '74dd3e10d8659f3354b32d414233763a') in 0.001324 seconds 
========================================================================
Received Import Request.
  Time since last request: 7.417985 seconds.
  path: Assets/_ScriptableObjects/CombatSO/Enemies/EnemySetTest
  artifactKey: Guid(740a797c2f902a34faf29181d9c91217) Importer(815301076,1909f56bfc062723c751e8b465ee728b)
Start importing Assets/_ScriptableObjects/CombatSO/Enemies/EnemySetTest using Guid(740a797c2f902a34faf29181d9c91217) Importer(815301076,1909f56bfc062723c751e8b465ee728b)  -> (artifact id: 'e17019921cfc96236b5c37edc4ffd90d') in 0.001414 seconds 
========================================================================
Received Import Request.
  Time since last request: 1.360325 seconds.
  path: Assets/_ScriptableObjects/CombatSO/Enemies/EnemySetTest/PrefEnemySet5.prefab
  artifactKey: Guid(2780790109a77654f845e184a87cba3e) Importer(815301076,1909f56bfc062723c751e8b465ee728b)
Start importing Assets/_ScriptableObjects/CombatSO/Enemies/EnemySetTest/PrefEnemySet5.prefab using Guid(2780790109a77654f845e184a87cba3e) Importer(815301076,1909f56bfc062723c751e8b465ee728b)  -> (artifact id: '90f10d2f7486738cc4e69fec2c3d8c3f') in 0.154310 seconds 
========================================================================
Received Import Request.
  Time since last request: 4.189398 seconds.
  path: Assets/_ScriptableObjects/CombatSO/Enemies/EnemySetTest/Kameosa
  artifactKey: Guid(1dd79714bc3465a43baa3a1130c3154f) Importer(815301076,1909f56bfc062723c751e8b465ee728b)
Start importing Assets/_ScriptableObjects/CombatSO/Enemies/EnemySetTest/Kameosa using Guid(1dd79714bc3465a43baa3a1130c3154f) Importer(815301076,1909f56bfc062723c751e8b465ee728b)  -> (artifact id: 'e3d33765c265a2325994665e867e5621') in 0.001448 seconds 
========================================================================
Received Import Request.
  Time since last request: 5.597470 seconds.
  path: Assets/_ScriptableObjects/CombatSO/Enemies/EnemySetTest/Kameosa/Bound.asset
  artifactKey: Guid(ddd1f224ec352344b861d7d8292c6a7d) Importer(815301076,1909f56bfc062723c751e8b465ee728b)
Start importing Assets/_ScriptableObjects/CombatSO/Enemies/EnemySetTest/Kameosa/Bound.asset using Guid(ddd1f224ec352344b861d7d8292c6a7d) Importer(815301076,1909f56bfc062723c751e8b465ee728b)  -> (artifact id: 'dbb44160d6d2ca021a0dcfc9ad4c878b') in 0.003647 seconds 
========================================================================
Received Import Request.
  Time since last request: 0.002631 seconds.
  path: Assets/_ScriptableObjects/CombatSO/Enemies/EnemySetTest/Kameosa/TakeDamage.asset
  artifactKey: Guid(197b7941df6c0e848bd001aab0db6da9) Importer(815301076,1909f56bfc062723c751e8b465ee728b)
Start importing Assets/_ScriptableObjects/CombatSO/Enemies/EnemySetTest/Kameosa/TakeDamage.asset using Guid(197b7941df6c0e848bd001aab0db6da9) Importer(815301076,1909f56bfc062723c751e8b465ee728b)  -> (artifact id: '1f7df1fec744defab8532c6820e126fa') in 0.002967 seconds 
========================================================================
Received Import Request.
  Time since last request: 0.000027 seconds.
  path: Assets/_ScriptableObjects/CombatSO/Enemies/EnemySetTest/Kameosa/Water Spit.asset
  artifactKey: Guid(0bb2ab45e5d5b504aa45d2ca68f346f2) Importer(815301076,1909f56bfc062723c751e8b465ee728b)
Start importing Assets/_ScriptableObjects/CombatSO/Enemies/EnemySetTest/Kameosa/Water Spit.asset using Guid(0bb2ab45e5d5b504aa45d2ca68f346f2) Importer(815301076,1909f56bfc062723c751e8b465ee728b)  -> (artifact id: '3135a1f84c353a8967a739095932f0cd') in 0.002036 seconds 
========================================================================
Received Import Request.
  Time since last request: 0.000018 seconds.
  path: Assets/_ScriptableObjects/CombatSO/Enemies/EnemySetTest/Kameosa/Kameosa Hp.asset
  artifactKey: Guid(164eef6736049b345a8b37ebe259b339) Importer(815301076,1909f56bfc062723c751e8b465ee728b)
Start importing Assets/_ScriptableObjects/CombatSO/Enemies/EnemySetTest/Kameosa/Kameosa Hp.asset using Guid(164eef6736049b345a8b37ebe259b339) Importer(815301076,1909f56bfc062723c751e8b465ee728b)  -> (artifact id: 'aa71a848db7dcf965b38bbd54e52e9f7') in 0.001802 seconds 
========================================================================
Received Import Request.
  Time since last request: 17.204563 seconds.
  path: Assets/_ScriptableObjects/CombatSO/Enemies/EnemySetTest/PrefEnemySetTest.prefab
  artifactKey: Guid(2780790109a77654f845e184a87cba3e) Importer(815301076,1909f56bfc062723c751e8b465ee728b)
Start importing Assets/_ScriptableObjects/CombatSO/Enemies/EnemySetTest/PrefEnemySetTest.prefab using Guid(2780790109a77654f845e184a87cba3e) Importer(815301076,1909f56bfc062723c751e8b465ee728b)  -> (artifact id: '7cb8e221f920dedcf67825c3d53511dd') in 0.147317 seconds 
========================================================================
Received Import Request.
  Time since last request: 7.389127 seconds.
  path: Assets/_ScriptableObjects/CombatSO/Enemies/EnemySetTest/Kitsune(5)1
  artifactKey: Guid(b8775f9e1a4d54d4e9eee291d9d062b4) Importer(815301076,1909f56bfc062723c751e8b465ee728b)
Start importing Assets/_ScriptableObjects/CombatSO/Enemies/EnemySetTest/Kitsune(5)1 using Guid(b8775f9e1a4d54d4e9eee291d9d062b4) Importer(815301076,1909f56bfc062723c751e8b465ee728b)  -> (artifact id: 'e17273b23b44fb9a2c67480a2eed2548') in 0.001568 seconds 
========================================================================
Received Import Request.
  Time since last request: 0.235309 seconds.
  path: Assets/_ScriptableObjects/CombatSO/Enemies/EnemySetTest/Kitsune(5)1/Kitsune(5)1 Hp.asset
  artifactKey: Guid(aa36502c018252341a8ee5f6cf630594) Importer(815301076,1909f56bfc062723c751e8b465ee728b)
Start importing Assets/_ScriptableObjects/CombatSO/Enemies/EnemySetTest/Kitsune(5)1/Kitsune(5)1 Hp.asset using Guid(aa36502c018252341a8ee5f6cf630594) Importer(815301076,1909f56bfc062723c751e8b465ee728b)  -> (artifact id: '5f7067cfa12f55424222324e44a10603') in 0.002643 seconds 
========================================================================
Received Import Request.
  Time since last request: 21.219030 seconds.
  path: Assets/_ScriptableObjects/CombatSO/Enemies/EnemySetTest/Kitsune(5)2/Kitsune(5)2 Hp.asset
  artifactKey: Guid(2f6b0059964066845ba76788d0b39d98) Importer(815301076,1909f56bfc062723c751e8b465ee728b)
Start importing Assets/_ScriptableObjects/CombatSO/Enemies/EnemySetTest/Kitsune(5)2/Kitsune(5)2 Hp.asset using Guid(2f6b0059964066845ba76788d0b39d98) Importer(815301076,1909f56bfc062723c751e8b465ee728b)  -> (artifact id: '9ab87f54e0bb4c904e00e3896aef4b4d') in 0.002330 seconds 
========================================================================
Received Import Request.
  Time since last request: 48.165935 seconds.
  path: Assets/_Scenes/_Title & End Screen/Title Screen.unity
  artifactKey: Guid(fe746f44ad634724e8f85715635786ee) Importer(815301076,1909f56bfc062723c751e8b465ee728b)
Start importing Assets/_Scenes/_Title & End Screen/Title Screen.unity using Guid(fe746f44ad634724e8f85715635786ee) Importer(815301076,1909f56bfc062723c751e8b465ee728b)  -> (artifact id: 'c0dd5f48b324af06049a6e9d968ace55') in 0.001258 seconds 
========================================================================
Received Import Request.
  Time since last request: 3.864873 seconds.
  path: Assets/_ScriptableObjects/CombatSO/Enemies/EnemySetTest/PrefEnemySetTest.prefab
  artifactKey: Guid(2780790109a77654f845e184a87cba3e) Importer(815301076,1909f56bfc062723c751e8b465ee728b)
Start importing Assets/_ScriptableObjects/CombatSO/Enemies/EnemySetTest/PrefEnemySetTest.prefab using Guid(2780790109a77654f845e184a87cba3e) Importer(815301076,1909f56bfc062723c751e8b465ee728b)  -> (artifact id: 'f6cebbfec758ec041b038fca22633c0b') in 0.138179 seconds 
========================================================================
Received Prepare
Registering precompiled user dll's ...
Registered in 0.005742 seconds.
Begin MonoManager ReloadAssembly
Native extension for UWP target not found
Native extension for WindowsStandalone target not found
Native extension for iOS target not found
Native extension for Android target not found
Native extension for WebGL target not found
Refreshing native plugins compatible for Editor in 0.49 ms, found 3 plugins.
Preloading 0 native plugins for Editor in 0.00 ms.
Mono: successfully reloaded assembly
- Completed reload, in  0.744 seconds
Domain Reload Profiling:
	ReloadAssembly (745ms)
		BeginReloadAssembly (109ms)
			ExecutionOrderSort (0ms)
			DisableScriptedObjects (5ms)
			BackupInstance (0ms)
			ReleaseScriptingObjects (0ms)
			CreateAndSetChildDomain (38ms)
		EndReloadAssembly (568ms)
			LoadAssemblies (65ms)
			RebuildTransferFunctionScriptingTraits (0ms)
			SetupTypeCache (141ms)
			ReleaseScriptCaches (1ms)
			RebuildScriptCaches (34ms)
			SetupLoadedEditorAssemblies (284ms)
				LogAssemblyErrors (0ms)
				InitializePlatformSupportModulesInManaged (24ms)
				SetLoadedEditorAssemblies (0ms)
				RefreshPlugins (1ms)
				BeforeProcessingInitializeOnLoad (47ms)
				ProcessInitializeOnLoadAttributes (174ms)
				ProcessInitializeOnLoadMethodAttributes (33ms)
				AfterProcessingInitializeOnLoad (4ms)
				EditorAssembliesLoaded (0ms)
			ExecutionOrderSort2 (0ms)
			AwakeInstancesAfterBackupRestoration (7ms)
Platform modules already initialized, skipping
Refreshing native plugins compatible for Editor in 1.66 ms, found 3 plugins.
Preloading 0 native plugins for Editor in 0.00 ms.
Unloading 2542 Unused Serialized files (Serialized files now loaded: 0)
Unloading 20 unused Assets / (24.7 KB). Loaded Objects now: 3055.
Memory consumption went from 118.9 MB to 118.8 MB.
Total: 2.696700 ms (FindLiveObjects: 0.205300 ms CreateObjectMapping: 0.095000 ms MarkObjects: 2.367500 ms  DeleteObjects: 0.027200 ms)

AssetImportParameters requested are different than current active one (requested -> active):
  custom:video-decoder-ogg-theora: a1e56fd34408186e4bbccfd4996cb3dc -> 
  custom:container-muxer-webm: aa71ff27fc2769a1b78a27578f13a17b -> 
  custom:container-demuxer-webm: 4f35f7cbe854078d1ac9338744f61a02 -> 
  custom:video-encoder-webm-vp8: eb34c28f22e8b96e1ab97ce403110664 -> 
  custom:audio-encoder-webm-vorbis: bf7c407c2cedff20999df2af8eb42d56 -> 
  custom:framework-win-MediaFoundation: 216162199b28c13a410421893ffa2e32 -> 
  custom:container-demuxer-ogg: 62fdf1f143b41e24485cea50d1cbac27 -> 
  custom:video-decoder-webm-vp8: 9c59270c3fd7afecdb556c50c9e8de78 -> 
  custom:audio-decoder-ogg-vorbis: bf7c407c2cedff20999df2af8eb42d56 -> 
========================================================================
Received Import Request.
  Time since last request: 41.709351 seconds.
  path: Assets/_ScriptableObjects/CombatSO/Enemies/EnemySet5/Kameosa/Bound.asset
  artifactKey: Guid(773253c81d3021b4c93b21aca2541c50) Importer(815301076,1909f56bfc062723c751e8b465ee728b)
Start importing Assets/_ScriptableObjects/CombatSO/Enemies/EnemySet5/Kameosa/Bound.asset using Guid(773253c81d3021b4c93b21aca2541c50) Importer(815301076,1909f56bfc062723c751e8b465ee728b)  -> (artifact id: '368000f337ad8326366dc51a4c03f4f5') in 0.016366 seconds 
========================================================================
Received Import Request.
  Time since last request: 0.000018 seconds.
  path: Assets/_ScriptableObjects/CombatSO/Enemies/EnemySet5/Kameosa/Water Spit.asset
  artifactKey: Guid(09e806b0e35146848b3d9600ad56b97c) Importer(815301076,1909f56bfc062723c751e8b465ee728b)
Start importing Assets/_ScriptableObjects/CombatSO/Enemies/EnemySet5/Kameosa/Water Spit.asset using Guid(09e806b0e35146848b3d9600ad56b97c) Importer(815301076,1909f56bfc062723c751e8b465ee728b)  -> (artifact id: '3038d582c4d0b3a60d020c7d45a099c1') in 0.002481 seconds 
========================================================================
Received Import Request.
  Time since last request: 0.000016 seconds.
  path: Assets/_ScriptableObjects/CombatSO/Enemies/EnemySet5/Kameosa/TakeDamage.asset
  artifactKey: Guid(97d16bffc95be44418dc8e948ee96e01) Importer(815301076,1909f56bfc062723c751e8b465ee728b)
Start importing Assets/_ScriptableObjects/CombatSO/Enemies/EnemySet5/Kameosa/TakeDamage.asset using Guid(97d16bffc95be44418dc8e948ee96e01) Importer(815301076,1909f56bfc062723c751e8b465ee728b)  -> (artifact id: '97e636d39e826b6b5f31c22db07b6f55') in 0.002080 seconds 
========================================================================
Received Import Request.
  Time since last request: 5.035256 seconds.
  path: Assets/_ScriptableObjects/CombatSO/Enemies/EnemySet5/Kitsune(5)1/Kitsune(5)1 Hp.asset
  artifactKey: Guid(2cf82f0acf1fbec4ea9678772cfc4af0) Importer(815301076,1909f56bfc062723c751e8b465ee728b)
Start importing Assets/_ScriptableObjects/CombatSO/Enemies/EnemySet5/Kitsune(5)1/Kitsune(5)1 Hp.asset using Guid(2cf82f0acf1fbec4ea9678772cfc4af0) Importer(815301076,1909f56bfc062723c751e8b465ee728b)  -> (artifact id: '9a4463ec207da02137896c78f228a52a') in 0.002347 seconds 
========================================================================
Received Prepare
Registering precompiled user dll's ...
Registered in 0.003553 seconds.
Begin MonoManager ReloadAssembly
Native extension for UWP target not found
Native extension for WindowsStandalone target not found
Native extension for iOS target not found
Native extension for Android target not found
Native extension for WebGL target not found
Refreshing native plugins compatible for Editor in 0.51 ms, found 3 plugins.
Preloading 0 native plugins for Editor in 0.00 ms.
Mono: successfully reloaded assembly
- Completed reload, in  0.731 seconds
Domain Reload Profiling:
	ReloadAssembly (732ms)
		BeginReloadAssembly (101ms)
			ExecutionOrderSort (0ms)
			DisableScriptedObjects (5ms)
			BackupInstance (0ms)
			ReleaseScriptingObjects (0ms)
			CreateAndSetChildDomain (27ms)
		EndReloadAssembly (557ms)
			LoadAssemblies (67ms)
			RebuildTransferFunctionScriptingTraits (0ms)
			SetupTypeCache (147ms)
			ReleaseScriptCaches (1ms)
			RebuildScriptCaches (36ms)
			SetupLoadedEditorAssemblies (268ms)
				LogAssemblyErrors (0ms)
				InitializePlatformSupportModulesInManaged (28ms)
				SetLoadedEditorAssemblies (0ms)
				RefreshPlugins (1ms)
				BeforeProcessingInitializeOnLoad (45ms)
				ProcessInitializeOnLoadAttributes (157ms)
				ProcessInitializeOnLoadMethodAttributes (32ms)
				AfterProcessingInitializeOnLoad (4ms)
				EditorAssembliesLoaded (0ms)
			ExecutionOrderSort2 (0ms)
			AwakeInstancesAfterBackupRestoration (7ms)
Platform modules already initialized, skipping
Refreshing native plugins compatible for Editor in 1.55 ms, found 3 plugins.
Preloading 0 native plugins for Editor in 0.00 ms.
Unloading 2542 Unused Serialized files (Serialized files now loaded: 0)
Unloading 20 unused Assets / (24.7 KB). Loaded Objects now: 3058.
Memory consumption went from 118.9 MB to 118.8 MB.
Total: 3.287700 ms (FindLiveObjects: 0.239200 ms CreateObjectMapping: 0.093500 ms MarkObjects: 2.919800 ms  DeleteObjects: 0.034100 ms)

AssetImportParameters requested are different than current active one (requested -> active):
  custom:video-decoder-ogg-theora: a1e56fd34408186e4bbccfd4996cb3dc -> 
  custom:container-muxer-webm: aa71ff27fc2769a1b78a27578f13a17b -> 
  custom:container-demuxer-webm: 4f35f7cbe854078d1ac9338744f61a02 -> 
  custom:video-encoder-webm-vp8: eb34c28f22e8b96e1ab97ce403110664 -> 
  custom:audio-encoder-webm-vorbis: bf7c407c2cedff20999df2af8eb42d56 -> 
  custom:framework-win-MediaFoundation: 216162199b28c13a410421893ffa2e32 -> 
  custom:container-demuxer-ogg: 62fdf1f143b41e24485cea50d1cbac27 -> 
  custom:video-decoder-webm-vp8: 9c59270c3fd7afecdb556c50c9e8de78 -> 
  custom:audio-decoder-ogg-vorbis: bf7c407c2cedff20999df2af8eb42d56 -> 
Editor requested this worker to shutdown with reason: Scaling down because of idle timeout
AssetImportWorker is now disconnected from the server
Process exiting
Exiting without the bug reporter. Application will terminate with return code 0