Using pre-set license
Built from '2021.3/staging' branch; Version is '2021.3.10f1 (1c7d0df0160b) revision 1867021'; Using compiler version '192829333'; Build Type 'Release'
OS: 'Windows 11  (10.0.22621) 64bit Core' Language: 'pt' Physical Memory: 15628 MB
BatchMode: 1, IsHumanControllingUs: 0, StartBugReporterOnCrash: 0, Is64bit: 1, IsPro: 1

COMMAND LINE ARGUMENTS:
C:\Program Files\Unity\Hub\Editor\2021.3.10f1\Editor\Unity.exe
-adb2
-batchMode
-noUpm
-name
AssetImportWorker8
-projectPath
C:/Users/ASUS/Documents/_Documentos/Escola/ETIC 22-23/Projeto Final/Projeto Sourcetree e Github/Juunishi Zodiacs v2
-logFile
Logs/AssetImportWorker8.log
-srvPort
62122
Successfully changed project path to: C:/Users/ASUS/Documents/_Documentos/Escola/ETIC 22-23/Projeto Final/Projeto Sourcetree e Github/Juunishi Zodiacs v2
C:/Users/ASUS/Documents/_Documentos/Escola/ETIC 22-23/Projeto Final/Projeto Sourcetree e Github/Juunishi Zodiacs v2
[UnityMemory] Configuration Parameters - Can be set up in boot.config
    "memorysetup-bucket-allocator-granularity=16"
    "memorysetup-bucket-allocator-bucket-count=8"
    "memorysetup-bucket-allocator-block-size=33554432"
    "memorysetup-bucket-allocator-block-count=8"
    "memorysetup-main-allocator-block-size=16777216"
    "memorysetup-thread-allocator-block-size=16777216"
    "memorysetup-gfx-main-allocator-block-size=16777216"
    "memorysetup-gfx-thread-allocator-block-size=16777216"
    "memorysetup-cache-allocator-block-size=4194304"
    "memorysetup-typetree-allocator-block-size=2097152"
    "memorysetup-profiler-bucket-allocator-granularity=16"
    "memorysetup-profiler-bucket-allocator-bucket-count=8"
    "memorysetup-profiler-bucket-allocator-block-size=33554432"
    "memorysetup-profiler-bucket-allocator-block-count=8"
    "memorysetup-profiler-allocator-block-size=16777216"
    "memorysetup-profiler-editor-allocator-block-size=1048576"
    "memorysetup-temp-allocator-size-main=16777216"
    "memorysetup-job-temp-allocator-block-size=2097152"
    "memorysetup-job-temp-allocator-block-size-background=1048576"
    "memorysetup-job-temp-allocator-reduction-small-platforms=262144"
    "memorysetup-temp-allocator-size-background-worker=32768"
    "memorysetup-temp-allocator-size-job-worker=262144"
    "memorysetup-temp-allocator-size-preload-manager=33554432"
    "memorysetup-temp-allocator-size-nav-mesh-worker=65536"
    "memorysetup-temp-allocator-size-audio-worker=65536"
    "memorysetup-temp-allocator-size-cloud-worker=32768"
    "memorysetup-temp-allocator-size-gi-baking-worker=262144"
    "memorysetup-temp-allocator-size-gfx=262144"
Refreshing native plugins compatible for Editor in 99.74 ms, found 3 plugins.
Preloading 0 native plugins for Editor in 0.00 ms.
Initialize engine version: 2021.3.10f1 (1c7d0df0160b)
[Subsystems] Discovering subsystems at path C:/Program Files/Unity/Hub/Editor/2021.3.10f1/Editor/Data/Resources/UnitySubsystems
[Subsystems] Discovering subsystems at path C:/Users/ASUS/Documents/_Documentos/Escola/ETIC 22-23/Projeto Final/Projeto Sourcetree e Github/Juunishi Zodiacs v2/Assets
GfxDevice: creating device client; threaded=0; jobified=0
Direct3D:
    Version:  Direct3D 11.0 [level 11.1]
    Renderer: AMD Radeon(TM) Graphics (ID=0x1681)
    Vendor:   ATI
    VRAM:     7814 MB
    Driver:   31.0.14051.5006
Initialize mono
Mono path[0] = 'C:/Program Files/Unity/Hub/Editor/2021.3.10f1/Editor/Data/Managed'
Mono path[1] = 'C:/Program Files/Unity/Hub/Editor/2021.3.10f1/Editor/Data/MonoBleedingEdge/lib/mono/unityjit-win32'
Mono config path = 'C:/Program Files/Unity/Hub/Editor/2021.3.10f1/Editor/Data/MonoBleedingEdge/etc'
Using monoOptions --debugger-agent=transport=dt_socket,embedding=1,server=y,suspend=n,address=127.0.0.1:56520
Begin MonoManager ReloadAssembly
Registering precompiled unity dll's ...
Register platform support module: C:/Program Files/Unity/Hub/Editor/2021.3.10f1/Editor/Data/PlaybackEngines/WindowsStandaloneSupport/UnityEditor.WindowsStandalone.Extensions.dll
Registered in 0.015584 seconds.
Native extension for WindowsStandalone target not found
Refreshing native plugins compatible for Editor in 115.45 ms, found 3 plugins.
Preloading 0 native plugins for Editor in 0.00 ms.
Mono: successfully reloaded assembly
- Completed reload, in  1.514 seconds
Domain Reload Profiling:
	ReloadAssembly (1515ms)
		BeginReloadAssembly (169ms)
			ExecutionOrderSort (0ms)
			DisableScriptedObjects (0ms)
			BackupInstance (0ms)
			ReleaseScriptingObjects (0ms)
			CreateAndSetChildDomain (1ms)
		EndReloadAssembly (1103ms)
			LoadAssemblies (167ms)
			RebuildTransferFunctionScriptingTraits (0ms)
			SetupTypeCache (300ms)
			ReleaseScriptCaches (0ms)
			RebuildScriptCaches (60ms)
			SetupLoadedEditorAssemblies (618ms)
				LogAssemblyErrors (0ms)
				InitializePlatformSupportModulesInManaged (57ms)
				SetLoadedEditorAssemblies (1ms)
				RefreshPlugins (116ms)
				BeforeProcessingInitializeOnLoad (3ms)
				ProcessInitializeOnLoadAttributes (336ms)
				ProcessInitializeOnLoadMethodAttributes (105ms)
				AfterProcessingInitializeOnLoad (0ms)
				EditorAssembliesLoaded (0ms)
			ExecutionOrderSort2 (0ms)
			AwakeInstancesAfterBackupRestoration (0ms)
Platform modules already initialized, skipping
Registering precompiled user dll's ...
Registered in 0.019411 seconds.
Begin MonoManager ReloadAssembly
Native extension for WindowsStandalone target not found
Refreshing native plugins compatible for Editor in 106.94 ms, found 3 plugins.
Preloading 0 native plugins for Editor in 0.00 ms.
Mono: successfully reloaded assembly
- Completed reload, in  2.042 seconds
Domain Reload Profiling:
	ReloadAssembly (2044ms)
		BeginReloadAssembly (277ms)
			ExecutionOrderSort (0ms)
			DisableScriptedObjects (14ms)
			BackupInstance (0ms)
			ReleaseScriptingObjects (0ms)
			CreateAndSetChildDomain (34ms)
		EndReloadAssembly (1523ms)
			LoadAssemblies (224ms)
			RebuildTransferFunctionScriptingTraits (0ms)
			SetupTypeCache (356ms)
			ReleaseScriptCaches (1ms)
			RebuildScriptCaches (93ms)
			SetupLoadedEditorAssemblies (815ms)
				LogAssemblyErrors (0ms)
				InitializePlatformSupportModulesInManaged (11ms)
				SetLoadedEditorAssemblies (0ms)
				RefreshPlugins (107ms)
				BeforeProcessingInitializeOnLoad (180ms)
				ProcessInitializeOnLoadAttributes (424ms)
				ProcessInitializeOnLoadMethodAttributes (81ms)
				AfterProcessingInitializeOnLoad (12ms)
				EditorAssembliesLoaded (0ms)
			ExecutionOrderSort2 (0ms)
			AwakeInstancesAfterBackupRestoration (11ms)
Platform modules already initialized, skipping
========================================================================
Worker process is ready to serve import requests
Launched and connected shader compiler UnityShaderCompiler.exe after 0.11 seconds
Refreshing native plugins compatible for Editor in 1.15 ms, found 3 plugins.
Preloading 0 native plugins for Editor in 0.00 ms.
Unloading 2568 Unused Serialized files (Serialized files now loaded: 0)
Unloading 33 unused Assets / (56.6 KB). Loaded Objects now: 3031.
Memory consumption went from 117.2 MB to 117.2 MB.
Total: 6.607600 ms (FindLiveObjects: 0.474300 ms CreateObjectMapping: 0.166700 ms MarkObjects: 5.771000 ms  DeleteObjects: 0.194000 ms)

AssetImportParameters requested are different than current active one (requested -> active):
  custom:video-decoder-ogg-theora: a1e56fd34408186e4bbccfd4996cb3dc -> 
  custom:container-muxer-webm: aa71ff27fc2769a1b78a27578f13a17b -> 
  custom:container-demuxer-webm: 4f35f7cbe854078d1ac9338744f61a02 -> 
  custom:video-encoder-webm-vp8: eb34c28f22e8b96e1ab97ce403110664 -> 
  custom:video-codec-MediaFoundation-h265: 746d11721c4dcdbdad8f713fa42b33f4 -> 
  custom:audio-encoder-webm-vorbis: bf7c407c2cedff20999df2af8eb42d56 -> 
  custom:framework-win-MediaFoundation: 216162199b28c13a410421893ffa2e32 -> 
  custom:container-demuxer-ogg: 62fdf1f143b41e24485cea50d1cbac27 -> 
  custom:video-decoder-webm-vp8: 9c59270c3fd7afecdb556c50c9e8de78 -> 
  custom:audio-decoder-ogg-vorbis: bf7c407c2cedff20999df2af8eb42d56 -> 
========================================================================
Received Import Request.
  Time since last request: 454312.241629 seconds.
  path: Assets/_ScriptableObjects/CombatSO/Enemies/EnemySet6/Kitsune(5)2
  artifactKey: Guid(5ca4541c4f933b84fbfe10c3b89c6d6f) Importer(815301076,1909f56bfc062723c751e8b465ee728b)
Start importing Assets/_ScriptableObjects/CombatSO/Enemies/EnemySet6/Kitsune(5)2 using Guid(5ca4541c4f933b84fbfe10c3b89c6d6f) Importer(815301076,1909f56bfc062723c751e8b465ee728b)  -> (artifact id: 'b4094510c9779108e0523dbcc2ba2a51') in 0.009944 seconds 
========================================================================
Received Import Request.
  Time since last request: 1.224954 seconds.
  path: Assets/_ScriptableObjects/CombatSO/Enemies/EnemySet6/Kitsune(5)1
  artifactKey: Guid(ee9565cd4444bb1409319e627063cb98) Importer(815301076,1909f56bfc062723c751e8b465ee728b)
Start importing Assets/_ScriptableObjects/CombatSO/Enemies/EnemySet6/Kitsune(5)1 using Guid(ee9565cd4444bb1409319e627063cb98) Importer(815301076,1909f56bfc062723c751e8b465ee728b)  -> (artifact id: '829d162662208bf2412b15c0221a4ca4') in 0.002814 seconds 
========================================================================
Received Import Request.
  Time since last request: 6.540970 seconds.
  path: Assets/_ScriptableObjects/CombatSO/Enemies/EnemySet6/PrefEnemySet6.prefab
  artifactKey: Guid(e9dde83b1ed3faf46b14bea5ce32524e) Importer(815301076,1909f56bfc062723c751e8b465ee728b)
Start importing Assets/_ScriptableObjects/CombatSO/Enemies/EnemySet6/PrefEnemySet6.prefab using Guid(e9dde83b1ed3faf46b14bea5ce32524e) Importer(815301076,1909f56bfc062723c751e8b465ee728b)  -> (artifact id: '7327c2bb0ec5460a84ea0c98a3abadbb') in 0.335523 seconds 
========================================================================
Received Import Request.
  Time since last request: 18.548911 seconds.
  path: Assets/_ScriptableObjects/CombatSO/Enemies/EnemySet6/PrefEnemySet6.prefab
  artifactKey: Guid(e9dde83b1ed3faf46b14bea5ce32524e) Importer(815301076,1909f56bfc062723c751e8b465ee728b)
Start importing Assets/_ScriptableObjects/CombatSO/Enemies/EnemySet6/PrefEnemySet6.prefab using Guid(e9dde83b1ed3faf46b14bea5ce32524e) Importer(815301076,1909f56bfc062723c751e8b465ee728b)  -> (artifact id: '67de5bd8fd6d28ede1ce179e6074be1c') in 0.141132 seconds 
========================================================================
Received Prepare
Registering precompiled user dll's ...
Registered in 0.014304 seconds.
Begin MonoManager ReloadAssembly
Native extension for WindowsStandalone target not found
Refreshing native plugins compatible for Editor in 0.87 ms, found 3 plugins.
Preloading 0 native plugins for Editor in 0.00 ms.
Mono: successfully reloaded assembly
- Completed reload, in  1.449 seconds
Domain Reload Profiling:
	ReloadAssembly (1450ms)
		BeginReloadAssembly (222ms)
			ExecutionOrderSort (0ms)
			DisableScriptedObjects (10ms)
			BackupInstance (0ms)
			ReleaseScriptingObjects (0ms)
			CreateAndSetChildDomain (55ms)
		EndReloadAssembly (1085ms)
			LoadAssemblies (158ms)
			RebuildTransferFunctionScriptingTraits (0ms)
			SetupTypeCache (270ms)
			ReleaseScriptCaches (1ms)
			RebuildScriptCaches (57ms)
			SetupLoadedEditorAssemblies (548ms)
				LogAssemblyErrors (0ms)
				InitializePlatformSupportModulesInManaged (19ms)
				SetLoadedEditorAssemblies (1ms)
				RefreshPlugins (1ms)
				BeforeProcessingInitializeOnLoad (108ms)
				ProcessInitializeOnLoadAttributes (338ms)
				ProcessInitializeOnLoadMethodAttributes (64ms)
				AfterProcessingInitializeOnLoad (16ms)
				EditorAssembliesLoaded (0ms)
			ExecutionOrderSort2 (0ms)
			AwakeInstancesAfterBackupRestoration (16ms)
Platform modules already initialized, skipping
Refreshing native plugins compatible for Editor in 3.48 ms, found 3 plugins.
Preloading 0 native plugins for Editor in 0.00 ms.
Unloading 2544 Unused Serialized files (Serialized files now loaded: 0)
Unloading 20 unused Assets / (24.6 KB). Loaded Objects now: 3043.
Memory consumption went from 119.2 MB to 119.2 MB.
Total: 4.567700 ms (FindLiveObjects: 0.269800 ms CreateObjectMapping: 0.147300 ms MarkObjects: 4.119200 ms  DeleteObjects: 0.030200 ms)

AssetImportParameters requested are different than current active one (requested -> active):
  custom:video-decoder-ogg-theora: a1e56fd34408186e4bbccfd4996cb3dc -> 
  custom:container-muxer-webm: aa71ff27fc2769a1b78a27578f13a17b -> 
  custom:container-demuxer-webm: 4f35f7cbe854078d1ac9338744f61a02 -> 
  custom:video-encoder-webm-vp8: eb34c28f22e8b96e1ab97ce403110664 -> 
  custom:video-codec-MediaFoundation-h265: 746d11721c4dcdbdad8f713fa42b33f4 -> 
  custom:audio-encoder-webm-vorbis: bf7c407c2cedff20999df2af8eb42d56 -> 
  custom:framework-win-MediaFoundation: 216162199b28c13a410421893ffa2e32 -> 
  custom:container-demuxer-ogg: 62fdf1f143b41e24485cea50d1cbac27 -> 
  custom:video-decoder-webm-vp8: 9c59270c3fd7afecdb556c50c9e8de78 -> 
  custom:audio-decoder-ogg-vorbis: bf7c407c2cedff20999df2af8eb42d56 -> 
========================================================================
Received Import Request.
  Time since last request: 131.327953 seconds.
  path: Assets/Sprites/Interface/Combat/comb_Bar_Player_HP_ShieldVer.png
  artifactKey: Guid(8fde705b22a0ccd44b0db5c01fb56d00) Importer(815301076,1909f56bfc062723c751e8b465ee728b)
Start importing Assets/Sprites/Interface/Combat/comb_Bar_Player_HP_ShieldVer.png using Guid(8fde705b22a0ccd44b0db5c01fb56d00) Importer(815301076,1909f56bfc062723c751e8b465ee728b)  -> (artifact id: 'b7c984387c0b4fcbb79fd6d76284ef2b') in 0.160985 seconds 
========================================================================
Received Import Request.
  Time since last request: 0.000029 seconds.
  path: Assets/Sprites/Interface/Combat/Status/comb_icon_confusion.png
  artifactKey: Guid(02c5be962bf293446b1943b41238b6f8) Importer(815301076,1909f56bfc062723c751e8b465ee728b)
Start importing Assets/Sprites/Interface/Combat/Status/comb_icon_confusion.png using Guid(02c5be962bf293446b1943b41238b6f8) Importer(815301076,1909f56bfc062723c751e8b465ee728b)  -> (artifact id: 'd8702a245c67f367033dee2384dbae69') in 0.017979 seconds 
========================================================================
Received Import Request.
  Time since last request: 20.661860 seconds.
  path: Assets/_ScriptableObjects/CombatSO/Enemies/EnemySet6/PrefEnemySet6.prefab
  artifactKey: Guid(e9dde83b1ed3faf46b14bea5ce32524e) Importer(815301076,1909f56bfc062723c751e8b465ee728b)
Start importing Assets/_ScriptableObjects/CombatSO/Enemies/EnemySet6/PrefEnemySet6.prefab using Guid(e9dde83b1ed3faf46b14bea5ce32524e) Importer(815301076,1909f56bfc062723c751e8b465ee728b)  -> (artifact id: '86b7639872752d192fd2cc427f5ef695') in 0.353000 seconds 
========================================================================
Received Import Request.
  Time since last request: 7.158583 seconds.
  path: Assets/_ScriptableObjects/CombatSO/Enemies/EnemySet6/PrefEnemySet6.prefab
  artifactKey: Guid(e9dde83b1ed3faf46b14bea5ce32524e) Importer(815301076,1909f56bfc062723c751e8b465ee728b)
Start importing Assets/_ScriptableObjects/CombatSO/Enemies/EnemySet6/PrefEnemySet6.prefab using Guid(e9dde83b1ed3faf46b14bea5ce32524e) Importer(815301076,1909f56bfc062723c751e8b465ee728b)  -> (artifact id: '7ffd12da51beb7d4525eca3bdb753261') in 0.188562 seconds 
========================================================================
Received Import Request.
  Time since last request: 32.493350 seconds.
  path: Assets/Sprites/Characters/Full Body/Enemies/Omukade/en_omukade_damage_fire.png
  artifactKey: Guid(e6bcb2df73951a24eada97d1782d07e8) Importer(815301076,1909f56bfc062723c751e8b465ee728b)
Start importing Assets/Sprites/Characters/Full Body/Enemies/Omukade/en_omukade_damage_fire.png using Guid(e6bcb2df73951a24eada97d1782d07e8) Importer(815301076,1909f56bfc062723c751e8b465ee728b)  -> (artifact id: '04a2cb9916aee34a2751835758f8e810') in 0.523863 seconds 
========================================================================
Received Import Request.
  Time since last request: 1.642999 seconds.
  path: Assets/Sprites/Interface/Combat/Element icons/comb_icon_fire.PNG
  artifactKey: Guid(786bd071f2f905342999418c45bee26b) Importer(815301076,1909f56bfc062723c751e8b465ee728b)
Start importing Assets/Sprites/Interface/Combat/Element icons/comb_icon_fire.PNG using Guid(786bd071f2f905342999418c45bee26b) Importer(815301076,1909f56bfc062723c751e8b465ee728b)  -> (artifact id: 'df37824d05b9e4ed32e9c3a245a708cd') in 0.095012 seconds 
========================================================================
Received Import Request.
  Time since last request: 1.556681 seconds.
  path: Assets/_ScriptableObjects/CombatSO/Enemies/EnemySet6/PrefEnemySet6.prefab
  artifactKey: Guid(e9dde83b1ed3faf46b14bea5ce32524e) Importer(815301076,1909f56bfc062723c751e8b465ee728b)
Start importing Assets/_ScriptableObjects/CombatSO/Enemies/EnemySet6/PrefEnemySet6.prefab using Guid(e9dde83b1ed3faf46b14bea5ce32524e) Importer(815301076,1909f56bfc062723c751e8b465ee728b)  -> (artifact id: 'b11c6c7c1529007920484d35833b99d1') in 0.166809 seconds 
========================================================================
Received Import Request.
  Time since last request: 2.892611 seconds.
  path: Assets/_ScriptableObjects/CombatSO/Enemies/EnemySet6/PrefEnemySet6.prefab
  artifactKey: Guid(e9dde83b1ed3faf46b14bea5ce32524e) Importer(815301076,1909f56bfc062723c751e8b465ee728b)
Start importing Assets/_ScriptableObjects/CombatSO/Enemies/EnemySet6/PrefEnemySet6.prefab using Guid(e9dde83b1ed3faf46b14bea5ce32524e) Importer(815301076,1909f56bfc062723c751e8b465ee728b)  -> (artifact id: 'bf79f14761e4f34959991c14e39ca591') in 0.156404 seconds 
========================================================================
Received Prepare
Registering precompiled user dll's ...
Registered in 0.014065 seconds.
Begin MonoManager ReloadAssembly
Native extension for WindowsStandalone target not found
Refreshing native plugins compatible for Editor in 0.87 ms, found 3 plugins.
Preloading 0 native plugins for Editor in 0.00 ms.
Mono: successfully reloaded assembly
- Completed reload, in  1.456 seconds
Domain Reload Profiling:
	ReloadAssembly (1457ms)
		BeginReloadAssembly (208ms)
			ExecutionOrderSort (0ms)
			DisableScriptedObjects (11ms)
			BackupInstance (0ms)
			ReleaseScriptingObjects (0ms)
			CreateAndSetChildDomain (58ms)
		EndReloadAssembly (1102ms)
			LoadAssemblies (140ms)
			RebuildTransferFunctionScriptingTraits (0ms)
			SetupTypeCache (287ms)
			ReleaseScriptCaches (1ms)
			RebuildScriptCaches (64ms)
			SetupLoadedEditorAssemblies (546ms)
				LogAssemblyErrors (0ms)
				InitializePlatformSupportModulesInManaged (21ms)
				SetLoadedEditorAssemblies (1ms)
				RefreshPlugins (1ms)
				BeforeProcessingInitializeOnLoad (109ms)
				ProcessInitializeOnLoadAttributes (339ms)
				ProcessInitializeOnLoadMethodAttributes (62ms)
				AfterProcessingInitializeOnLoad (13ms)
				EditorAssembliesLoaded (0ms)
			ExecutionOrderSort2 (0ms)
			AwakeInstancesAfterBackupRestoration (17ms)
Platform modules already initialized, skipping
Refreshing native plugins compatible for Editor in 3.56 ms, found 3 plugins.
Preloading 0 native plugins for Editor in 0.00 ms.
Unloading 2544 Unused Serialized files (Serialized files now loaded: 0)
Unloading 20 unused Assets / (24.6 KB). Loaded Objects now: 3056.
Memory consumption went from 119.3 MB to 119.3 MB.
Total: 5.478200 ms (FindLiveObjects: 0.369800 ms CreateObjectMapping: 0.128000 ms MarkObjects: 4.939900 ms  DeleteObjects: 0.038700 ms)

AssetImportParameters requested are different than current active one (requested -> active):
  custom:video-decoder-ogg-theora: a1e56fd34408186e4bbccfd4996cb3dc -> 
  custom:container-muxer-webm: aa71ff27fc2769a1b78a27578f13a17b -> 
  custom:container-demuxer-webm: 4f35f7cbe854078d1ac9338744f61a02 -> 
  custom:video-encoder-webm-vp8: eb34c28f22e8b96e1ab97ce403110664 -> 
  custom:video-codec-MediaFoundation-h265: 746d11721c4dcdbdad8f713fa42b33f4 -> 
  custom:audio-encoder-webm-vorbis: bf7c407c2cedff20999df2af8eb42d56 -> 
  custom:framework-win-MediaFoundation: 216162199b28c13a410421893ffa2e32 -> 
  custom:container-demuxer-ogg: 62fdf1f143b41e24485cea50d1cbac27 -> 
  custom:video-decoder-webm-vp8: 9c59270c3fd7afecdb556c50c9e8de78 -> 
  custom:audio-decoder-ogg-vorbis: bf7c407c2cedff20999df2af8eb42d56 -> 
========================================================================
Received Import Request.
  Time since last request: 259.638186 seconds.
  path: Assets/_ScriptableObjects/CombatSO/Enemies/EnemySet5/PrefEnemySet5.prefab
  artifactKey: Guid(311fbe0edf91202409a8611c5aed8e53) Importer(815301076,1909f56bfc062723c751e8b465ee728b)
Start importing Assets/_ScriptableObjects/CombatSO/Enemies/EnemySet5/PrefEnemySet5.prefab using Guid(311fbe0edf91202409a8611c5aed8e53) Importer(815301076,1909f56bfc062723c751e8b465ee728b)  -> (artifact id: '4450b4d13c453402fd4d42ddda271d15') in 0.223991 seconds 
========================================================================
Received Import Request.
  Time since last request: 1.380899 seconds.
  path: Assets/_ScriptableObjects/CombatSO/Enemies/EnemySet5/Kameosa
  artifactKey: Guid(8c72564bf480135498afb30ba119ccab) Importer(815301076,1909f56bfc062723c751e8b465ee728b)
Start importing Assets/_ScriptableObjects/CombatSO/Enemies/EnemySet5/Kameosa using Guid(8c72564bf480135498afb30ba119ccab) Importer(815301076,1909f56bfc062723c751e8b465ee728b)  -> (artifact id: 'f44550fe8312f42c407547f32d11cba4') in 0.002077 seconds 
========================================================================
Received Import Request.
  Time since last request: 0.809202 seconds.
  path: Assets/_ScriptableObjects/CombatSO/Enemies/EnemySet5/Kitsune(5)1
  artifactKey: Guid(0ca329f70c86fb04680165c380eafd47) Importer(815301076,1909f56bfc062723c751e8b465ee728b)
Start importing Assets/_ScriptableObjects/CombatSO/Enemies/EnemySet5/Kitsune(5)1 using Guid(0ca329f70c86fb04680165c380eafd47) Importer(815301076,1909f56bfc062723c751e8b465ee728b)  -> (artifact id: '07ee21dbec7ba6019bec17e319b882b8') in 0.003043 seconds 
========================================================================
Received Import Request.
  Time since last request: 0.270395 seconds.
  path: Assets/_ScriptableObjects/CombatSO/Enemies/EnemySet5/Kitsune(5)1/Kitsune(5)1 Hp.asset
  artifactKey: Guid(2cf82f0acf1fbec4ea9678772cfc4af0) Importer(815301076,1909f56bfc062723c751e8b465ee728b)
Start importing Assets/_ScriptableObjects/CombatSO/Enemies/EnemySet5/Kitsune(5)1/Kitsune(5)1 Hp.asset using Guid(2cf82f0acf1fbec4ea9678772cfc4af0) Importer(815301076,1909f56bfc062723c751e8b465ee728b)  -> (artifact id: '9a4463ec207da02137896c78f228a52a') in 0.008754 seconds 
========================================================================
Received Import Request.
  Time since last request: 6.905929 seconds.
  path: Assets/_ScriptableObjects/CombatSO/Enemies/EnemySet5/Kitsune(5)2
  artifactKey: Guid(33b3d64e670ed884bac7574e09c47dbb) Importer(815301076,1909f56bfc062723c751e8b465ee728b)
Start importing Assets/_ScriptableObjects/CombatSO/Enemies/EnemySet5/Kitsune(5)2 using Guid(33b3d64e670ed884bac7574e09c47dbb) Importer(815301076,1909f56bfc062723c751e8b465ee728b)  -> (artifact id: 'b85409f600d823aa458a65b76a85affc') in 0.002929 seconds 
========================================================================
Received Import Request.
  Time since last request: 0.097555 seconds.
  path: Assets/_ScriptableObjects/CombatSO/Enemies/EnemySet5/Kitsune(5)2/Kitsune(5)2 Hp.asset
  artifactKey: Guid(5e8e2b51e913f814f8975eb0075b4c97) Importer(815301076,1909f56bfc062723c751e8b465ee728b)
Start importing Assets/_ScriptableObjects/CombatSO/Enemies/EnemySet5/Kitsune(5)2/Kitsune(5)2 Hp.asset using Guid(5e8e2b51e913f814f8975eb0075b4c97) Importer(815301076,1909f56bfc062723c751e8b465ee728b)  -> (artifact id: 'fc2c89ec7f7165859d90f54427128bf1') in 0.002575 seconds 
========================================================================
Received Import Request.
  Time since last request: 16.889907 seconds.
  path: Assets/_ScriptableObjects/CombatSO/Enemies/EnemySet1/Kameosa0/Enemy 1.asset
  artifactKey: Guid(f67bb236b52da1e4097b577ebceb5fb2) Importer(815301076,1909f56bfc062723c751e8b465ee728b)
Start importing Assets/_ScriptableObjects/CombatSO/Enemies/EnemySet1/Kameosa0/Enemy 1.asset using Guid(f67bb236b52da1e4097b577ebceb5fb2) Importer(815301076,1909f56bfc062723c751e8b465ee728b)  -> (artifact id: '5488247f953008c640397e44ca5e3a64') in 0.004813 seconds 
========================================================================
Received Prepare
Registering precompiled user dll's ...
Registered in 0.007488 seconds.
Begin MonoManager ReloadAssembly
Native extension for WindowsStandalone target not found
Refreshing native plugins compatible for Editor in 1.09 ms, found 3 plugins.
Preloading 0 native plugins for Editor in 0.00 ms.
Mono: successfully reloaded assembly
- Completed reload, in  0.824 seconds
Domain Reload Profiling:
	ReloadAssembly (825ms)
		BeginReloadAssembly (112ms)
			ExecutionOrderSort (0ms)
			DisableScriptedObjects (5ms)
			BackupInstance (0ms)
			ReleaseScriptingObjects (0ms)
			CreateAndSetChildDomain (33ms)
		EndReloadAssembly (636ms)
			LoadAssemblies (73ms)
			RebuildTransferFunctionScriptingTraits (0ms)
			SetupTypeCache (153ms)
			ReleaseScriptCaches (1ms)
			RebuildScriptCaches (39ms)
			SetupLoadedEditorAssemblies (311ms)
				LogAssemblyErrors (0ms)
				InitializePlatformSupportModulesInManaged (12ms)
				SetLoadedEditorAssemblies (0ms)
				RefreshPlugins (1ms)
				BeforeProcessingInitializeOnLoad (62ms)
				ProcessInitializeOnLoadAttributes (189ms)
				ProcessInitializeOnLoadMethodAttributes (40ms)
				AfterProcessingInitializeOnLoad (7ms)
				EditorAssembliesLoaded (0ms)
			ExecutionOrderSort2 (0ms)
			AwakeInstancesAfterBackupRestoration (8ms)
Platform modules already initialized, skipping
Refreshing native plugins compatible for Editor in 2.73 ms, found 3 plugins.
Preloading 0 native plugins for Editor in 0.00 ms.
Unloading 2544 Unused Serialized files (Serialized files now loaded: 0)
Unloading 20 unused Assets / (24.6 KB). Loaded Objects now: 3059.
Memory consumption went from 120.0 MB to 120.0 MB.
Total: 4.114500 ms (FindLiveObjects: 0.428400 ms CreateObjectMapping: 0.218800 ms MarkObjects: 3.383700 ms  DeleteObjects: 0.079500 ms)

AssetImportParameters requested are different than current active one (requested -> active):
  custom:video-decoder-ogg-theora: a1e56fd34408186e4bbccfd4996cb3dc -> 
  custom:container-muxer-webm: aa71ff27fc2769a1b78a27578f13a17b -> 
  custom:container-demuxer-webm: 4f35f7cbe854078d1ac9338744f61a02 -> 
  custom:video-encoder-webm-vp8: eb34c28f22e8b96e1ab97ce403110664 -> 
  custom:video-codec-MediaFoundation-h265: 746d11721c4dcdbdad8f713fa42b33f4 -> 
  custom:audio-encoder-webm-vorbis: bf7c407c2cedff20999df2af8eb42d56 -> 
  custom:framework-win-MediaFoundation: 216162199b28c13a410421893ffa2e32 -> 
  custom:container-demuxer-ogg: 62fdf1f143b41e24485cea50d1cbac27 -> 
  custom:video-decoder-webm-vp8: 9c59270c3fd7afecdb556c50c9e8de78 -> 
  custom:audio-decoder-ogg-vorbis: bf7c407c2cedff20999df2af8eb42d56 -> 
========================================================================
Received Prepare
Registering precompiled user dll's ...
Registered in 0.007813 seconds.
Begin MonoManager ReloadAssembly
Native extension for WindowsStandalone target not found
Refreshing native plugins compatible for Editor in 1.10 ms, found 3 plugins.
Preloading 0 native plugins for Editor in 0.00 ms.
Mono: successfully reloaded assembly
- Completed reload, in  0.945 seconds
Domain Reload Profiling:
	ReloadAssembly (946ms)
		BeginReloadAssembly (116ms)
			ExecutionOrderSort (0ms)
			DisableScriptedObjects (5ms)
			BackupInstance (0ms)
			ReleaseScriptingObjects (0ms)
			CreateAndSetChildDomain (31ms)
		EndReloadAssembly (738ms)
			LoadAssemblies (90ms)
			RebuildTransferFunctionScriptingTraits (0ms)
			SetupTypeCache (192ms)
			ReleaseScriptCaches (2ms)
			RebuildScriptCaches (49ms)
			SetupLoadedEditorAssemblies (349ms)
				LogAssemblyErrors (0ms)
				InitializePlatformSupportModulesInManaged (13ms)
				SetLoadedEditorAssemblies (0ms)
				RefreshPlugins (1ms)
				BeforeProcessingInitializeOnLoad (67ms)
				ProcessInitializeOnLoadAttributes (219ms)
				ProcessInitializeOnLoadMethodAttributes (41ms)
				AfterProcessingInitializeOnLoad (7ms)
				EditorAssembliesLoaded (0ms)
			ExecutionOrderSort2 (0ms)
			AwakeInstancesAfterBackupRestoration (9ms)
Platform modules already initialized, skipping
Refreshing native plugins compatible for Editor in 2.83 ms, found 3 plugins.
Preloading 0 native plugins for Editor in 0.00 ms.
Unloading 2544 Unused Serialized files (Serialized files now loaded: 0)
Unloading 20 unused Assets / (24.6 KB). Loaded Objects now: 3062.
Memory consumption went from 120.0 MB to 120.0 MB.
Total: 4.795300 ms (FindLiveObjects: 0.249000 ms CreateObjectMapping: 0.144300 ms MarkObjects: 4.354800 ms  DeleteObjects: 0.045700 ms)

AssetImportParameters requested are different than current active one (requested -> active):
  custom:video-decoder-ogg-theora: a1e56fd34408186e4bbccfd4996cb3dc -> 
  custom:container-muxer-webm: aa71ff27fc2769a1b78a27578f13a17b -> 
  custom:container-demuxer-webm: 4f35f7cbe854078d1ac9338744f61a02 -> 
  custom:video-encoder-webm-vp8: eb34c28f22e8b96e1ab97ce403110664 -> 
  custom:video-codec-MediaFoundation-h265: 746d11721c4dcdbdad8f713fa42b33f4 -> 
  custom:audio-encoder-webm-vorbis: bf7c407c2cedff20999df2af8eb42d56 -> 
  custom:framework-win-MediaFoundation: 216162199b28c13a410421893ffa2e32 -> 
  custom:container-demuxer-ogg: 62fdf1f143b41e24485cea50d1cbac27 -> 
  custom:video-decoder-webm-vp8: 9c59270c3fd7afecdb556c50c9e8de78 -> 
  custom:audio-decoder-ogg-vorbis: bf7c407c2cedff20999df2af8eb42d56 -> 
========================================================================
Received Import Request.
  Time since last request: 206.019664 seconds.
  path: Assets/_ScriptableObjects/CombatSO/Enemies/EnemySet6/PrefEnemySet6.prefab
  artifactKey: Guid(e9dde83b1ed3faf46b14bea5ce32524e) Importer(815301076,1909f56bfc062723c751e8b465ee728b)
Start importing Assets/_ScriptableObjects/CombatSO/Enemies/EnemySet6/PrefEnemySet6.prefab using Guid(e9dde83b1ed3faf46b14bea5ce32524e) Importer(815301076,1909f56bfc062723c751e8b465ee728b)  -> (artifact id: 'c78cc629a5a7699a62d9408cc6832ff3') in 0.156398 seconds 
========================================================================
Received Import Request.
  Time since last request: 7.757259 seconds.
  path: Assets/_ScriptableObjects/CombatSO/Enemies/EnemySet6/God of Mischief/Abilities/GodofMischiefAbility1.asset
  artifactKey: Guid(7fe5e87b4bb2a164d9750014355f44f4) Importer(815301076,1909f56bfc062723c751e8b465ee728b)
Start importing Assets/_ScriptableObjects/CombatSO/Enemies/EnemySet6/God of Mischief/Abilities/GodofMischiefAbility1.asset using Guid(7fe5e87b4bb2a164d9750014355f44f4) Importer(815301076,1909f56bfc062723c751e8b465ee728b)  -> (artifact id: 'e7afb04a8277a6f756d6f0ee3b34d959') in 0.005051 seconds 
========================================================================
Received Import Request.
  Time since last request: 0.000017 seconds.
  path: Assets/_ScriptableObjects/CombatSO/Enemies/EnemySet6/God of Mischief/Abilities/GodofMischiefAbility3.asset
  artifactKey: Guid(30702285f62f4c148ae88759839e8be5) Importer(815301076,1909f56bfc062723c751e8b465ee728b)
Start importing Assets/_ScriptableObjects/CombatSO/Enemies/EnemySet6/God of Mischief/Abilities/GodofMischiefAbility3.asset using Guid(30702285f62f4c148ae88759839e8be5) Importer(815301076,1909f56bfc062723c751e8b465ee728b)  -> (artifact id: 'c1fc0cfc4437fa40477080d0fb5fc2ae') in 0.003927 seconds 
========================================================================
Received Prepare
Registering precompiled user dll's ...
Registered in 0.008511 seconds.
Begin MonoManager ReloadAssembly
Native extension for WindowsStandalone target not found
Refreshing native plugins compatible for Editor in 0.67 ms, found 3 plugins.
Preloading 0 native plugins for Editor in 0.00 ms.
Mono: successfully reloaded assembly
- Completed reload, in  0.757 seconds
Domain Reload Profiling:
	ReloadAssembly (757ms)
		BeginReloadAssembly (115ms)
			ExecutionOrderSort (0ms)
			DisableScriptedObjects (5ms)
			BackupInstance (0ms)
			ReleaseScriptingObjects (0ms)
			CreateAndSetChildDomain (33ms)
		EndReloadAssembly (567ms)
			LoadAssemblies (78ms)
			RebuildTransferFunctionScriptingTraits (0ms)
			SetupTypeCache (143ms)
			ReleaseScriptCaches (1ms)
			RebuildScriptCaches (32ms)
			SetupLoadedEditorAssemblies (284ms)
				LogAssemblyErrors (0ms)
				InitializePlatformSupportModulesInManaged (10ms)
				SetLoadedEditorAssemblies (0ms)
				RefreshPlugins (1ms)
				BeforeProcessingInitializeOnLoad (53ms)
				ProcessInitializeOnLoadAttributes (165ms)
				ProcessInitializeOnLoadMethodAttributes (46ms)
				AfterProcessingInitializeOnLoad (8ms)
				EditorAssembliesLoaded (0ms)
			ExecutionOrderSort2 (0ms)
			AwakeInstancesAfterBackupRestoration (7ms)
Platform modules already initialized, skipping
Refreshing native plugins compatible for Editor in 2.63 ms, found 3 plugins.
Preloading 0 native plugins for Editor in 0.00 ms.
Unloading 2544 Unused Serialized files (Serialized files now loaded: 0)
Unloading 20 unused Assets / (24.7 KB). Loaded Objects now: 3065.
Memory consumption went from 119.9 MB to 119.9 MB.
Total: 3.904800 ms (FindLiveObjects: 0.205200 ms CreateObjectMapping: 0.182800 ms MarkObjects: 3.484100 ms  DeleteObjects: 0.031500 ms)

AssetImportParameters requested are different than current active one (requested -> active):
  custom:video-decoder-ogg-theora: a1e56fd34408186e4bbccfd4996cb3dc -> 
  custom:container-muxer-webm: aa71ff27fc2769a1b78a27578f13a17b -> 
  custom:container-demuxer-webm: 4f35f7cbe854078d1ac9338744f61a02 -> 
  custom:video-encoder-webm-vp8: eb34c28f22e8b96e1ab97ce403110664 -> 
  custom:video-codec-MediaFoundation-h265: 746d11721c4dcdbdad8f713fa42b33f4 -> 
  custom:audio-encoder-webm-vorbis: bf7c407c2cedff20999df2af8eb42d56 -> 
  custom:framework-win-MediaFoundation: 216162199b28c13a410421893ffa2e32 -> 
  custom:container-demuxer-ogg: 62fdf1f143b41e24485cea50d1cbac27 -> 
  custom:video-decoder-webm-vp8: 9c59270c3fd7afecdb556c50c9e8de78 -> 
  custom:audio-decoder-ogg-vorbis: bf7c407c2cedff20999df2af8eb42d56 -> 
========================================================================
Received Import Request.
  Time since last request: 142.914448 seconds.
  path: Assets/_ScriptableObjects/CombatSO/Enemies/EnemySet6/God of Mischief/Abilities/GodofMischiefAbility2.asset
  artifactKey: Guid(808f7c5b66ad65f46a196a7151540f10) Importer(815301076,1909f56bfc062723c751e8b465ee728b)
Start importing Assets/_ScriptableObjects/CombatSO/Enemies/EnemySet6/God of Mischief/Abilities/GodofMischiefAbility2.asset using Guid(808f7c5b66ad65f46a196a7151540f10) Importer(815301076,1909f56bfc062723c751e8b465ee728b)  -> (artifact id: '4e217a2e100c20ee6dacd7a1d1a9a4a4') in 0.013364 seconds 
========================================================================
Received Import Request.
  Time since last request: 242.837439 seconds.
  path: Assets/_Scenes/Chapters/1_Chapter/Act 5/D_1_Act5.1.unity
  artifactKey: Guid(0fb3989701c95184a9449476524b7096) Importer(815301076,1909f56bfc062723c751e8b465ee728b)
Start importing Assets/_Scenes/Chapters/1_Chapter/Act 5/D_1_Act5.1.unity using Guid(0fb3989701c95184a9449476524b7096) Importer(815301076,1909f56bfc062723c751e8b465ee728b)  -> (artifact id: 'beb284ca816885520bb30786181548cc') in 0.002065 seconds 
========================================================================
Received Import Request.
  Time since last request: 0.848729 seconds.
  path: Assets/_Scenes/Chapters/1_Chapter/Act 5/D_1_Act5.3.unity
  artifactKey: Guid(ff5ad612d6d3e2e40ac14adcec01bd0c) Importer(815301076,1909f56bfc062723c751e8b465ee728b)
Start importing Assets/_Scenes/Chapters/1_Chapter/Act 5/D_1_Act5.3.unity using Guid(ff5ad612d6d3e2e40ac14adcec01bd0c) Importer(815301076,1909f56bfc062723c751e8b465ee728b)  -> (artifact id: '3736ecc4a685780705a934299691ff0d') in 0.002084 seconds 
========================================================================
Received Import Request.
  Time since last request: 2.422187 seconds.
  path: Assets/_Scenes/Chapters/1_Chapter/Act 5/D_1_Act5.2.unity
  artifactKey: Guid(fddcc1e77fa93b14c99da3db6c273ea7) Importer(815301076,1909f56bfc062723c751e8b465ee728b)
Start importing Assets/_Scenes/Chapters/1_Chapter/Act 5/D_1_Act5.2.unity using Guid(fddcc1e77fa93b14c99da3db6c273ea7) Importer(815301076,1909f56bfc062723c751e8b465ee728b)  -> (artifact id: '565a64a2cde2c24f14a4ba6f8da4da02') in 0.001808 seconds 
========================================================================
Received Import Request.
  Time since last request: 3.234261 seconds.
  path: Assets/_Scenes/Chapters/1_Chapter/Act 5/D_1_Act5.1.5.unity
  artifactKey: Guid(f4d59784ffbd60b4c854192b227acc76) Importer(815301076,1909f56bfc062723c751e8b465ee728b)
Start importing Assets/_Scenes/Chapters/1_Chapter/Act 5/D_1_Act5.1.5.unity using Guid(f4d59784ffbd60b4c854192b227acc76) Importer(815301076,1909f56bfc062723c751e8b465ee728b)  -> (artifact id: 'f95881e45820a5bf344898b4af132a43') in 0.002404 seconds 
========================================================================
Received Prepare
Registering precompiled user dll's ...
Registered in 0.007175 seconds.
Begin MonoManager ReloadAssembly
Native extension for WindowsStandalone target not found
Refreshing native plugins compatible for Editor in 0.87 ms, found 3 plugins.
Preloading 0 native plugins for Editor in 0.00 ms.
Mono: successfully reloaded assembly
- Completed reload, in  0.839 seconds
Domain Reload Profiling:
	ReloadAssembly (839ms)
		BeginReloadAssembly (111ms)
			ExecutionOrderSort (0ms)
			DisableScriptedObjects (5ms)
			BackupInstance (0ms)
			ReleaseScriptingObjects (0ms)
			CreateAndSetChildDomain (31ms)
		EndReloadAssembly (653ms)
			LoadAssemblies (78ms)
			RebuildTransferFunctionScriptingTraits (0ms)
			SetupTypeCache (162ms)
			ReleaseScriptCaches (1ms)
			RebuildScriptCaches (40ms)
			SetupLoadedEditorAssemblies (330ms)
				LogAssemblyErrors (0ms)
				InitializePlatformSupportModulesInManaged (12ms)
				SetLoadedEditorAssemblies (0ms)
				RefreshPlugins (1ms)
				BeforeProcessingInitializeOnLoad (57ms)
				ProcessInitializeOnLoadAttributes (210ms)
				ProcessInitializeOnLoadMethodAttributes (43ms)
				AfterProcessingInitializeOnLoad (7ms)
				EditorAssembliesLoaded (0ms)
			ExecutionOrderSort2 (0ms)
			AwakeInstancesAfterBackupRestoration (10ms)
Platform modules already initialized, skipping
Refreshing native plugins compatible for Editor in 2.81 ms, found 3 plugins.
Preloading 0 native plugins for Editor in 0.00 ms.
Unloading 2544 Unused Serialized files (Serialized files now loaded: 0)
Unloading 20 unused Assets / (24.7 KB). Loaded Objects now: 3068.
Memory consumption went from 120.0 MB to 120.0 MB.
Total: 4.162100 ms (FindLiveObjects: 0.290800 ms CreateObjectMapping: 0.154600 ms MarkObjects: 3.653800 ms  DeleteObjects: 0.060800 ms)

AssetImportParameters requested are different than current active one (requested -> active):
  custom:video-decoder-ogg-theora: a1e56fd34408186e4bbccfd4996cb3dc -> 
  custom:container-muxer-webm: aa71ff27fc2769a1b78a27578f13a17b -> 
  custom:container-demuxer-webm: 4f35f7cbe854078d1ac9338744f61a02 -> 
  custom:video-encoder-webm-vp8: eb34c28f22e8b96e1ab97ce403110664 -> 
  custom:video-codec-MediaFoundation-h265: 746d11721c4dcdbdad8f713fa42b33f4 -> 
  custom:audio-encoder-webm-vorbis: bf7c407c2cedff20999df2af8eb42d56 -> 
  custom:framework-win-MediaFoundation: 216162199b28c13a410421893ffa2e32 -> 
  custom:container-demuxer-ogg: 62fdf1f143b41e24485cea50d1cbac27 -> 
  custom:video-decoder-webm-vp8: 9c59270c3fd7afecdb556c50c9e8de78 -> 
  custom:audio-decoder-ogg-vorbis: bf7c407c2cedff20999df2af8eb42d56 -> 
========================================================================
Received Prepare
Registering precompiled user dll's ...
Registered in 0.008447 seconds.
Begin MonoManager ReloadAssembly
Native extension for WindowsStandalone target not found
Refreshing native plugins compatible for Editor in 1.43 ms, found 3 plugins.
Preloading 0 native plugins for Editor in 0.00 ms.
Mono: successfully reloaded assembly
- Completed reload, in  0.891 seconds
Domain Reload Profiling:
	ReloadAssembly (892ms)
		BeginReloadAssembly (137ms)
			ExecutionOrderSort (0ms)
			DisableScriptedObjects (7ms)
			BackupInstance (0ms)
			ReleaseScriptingObjects (0ms)
			CreateAndSetChildDomain (42ms)
		EndReloadAssembly (663ms)
			LoadAssemblies (91ms)
			RebuildTransferFunctionScriptingTraits (0ms)
			SetupTypeCache (187ms)
			ReleaseScriptCaches (1ms)
			RebuildScriptCaches (39ms)
			SetupLoadedEditorAssemblies (311ms)
				LogAssemblyErrors (0ms)
				InitializePlatformSupportModulesInManaged (12ms)
				SetLoadedEditorAssemblies (1ms)
				RefreshPlugins (2ms)
				BeforeProcessingInitializeOnLoad (60ms)
				ProcessInitializeOnLoadAttributes (189ms)
				ProcessInitializeOnLoadMethodAttributes (41ms)
				AfterProcessingInitializeOnLoad (7ms)
				EditorAssembliesLoaded (0ms)
			ExecutionOrderSort2 (0ms)
			AwakeInstancesAfterBackupRestoration (9ms)
Platform modules already initialized, skipping
Refreshing native plugins compatible for Editor in 2.31 ms, found 3 plugins.
Preloading 0 native plugins for Editor in 0.00 ms.
Unloading 2544 Unused Serialized files (Serialized files now loaded: 0)
Unloading 20 unused Assets / (24.7 KB). Loaded Objects now: 3071.
Memory consumption went from 120.0 MB to 120.0 MB.
Total: 2.951500 ms (FindLiveObjects: 0.211800 ms CreateObjectMapping: 0.073500 ms MarkObjects: 2.645100 ms  DeleteObjects: 0.020200 ms)

AssetImportParameters requested are different than current active one (requested -> active):
  custom:video-decoder-ogg-theora: a1e56fd34408186e4bbccfd4996cb3dc -> 
  custom:container-muxer-webm: aa71ff27fc2769a1b78a27578f13a17b -> 
  custom:container-demuxer-webm: 4f35f7cbe854078d1ac9338744f61a02 -> 
  custom:video-encoder-webm-vp8: eb34c28f22e8b96e1ab97ce403110664 -> 
  custom:video-codec-MediaFoundation-h265: 746d11721c4dcdbdad8f713fa42b33f4 -> 
  custom:audio-encoder-webm-vorbis: bf7c407c2cedff20999df2af8eb42d56 -> 
  custom:framework-win-MediaFoundation: 216162199b28c13a410421893ffa2e32 -> 
  custom:container-demuxer-ogg: 62fdf1f143b41e24485cea50d1cbac27 -> 
  custom:video-decoder-webm-vp8: 9c59270c3fd7afecdb556c50c9e8de78 -> 
  custom:audio-decoder-ogg-vorbis: bf7c407c2cedff20999df2af8eb42d56 -> 
========================================================================
Received Import Request.
  Time since last request: 103.919722 seconds.
  path: Assets/_Scenes/Chapters/1_Chapter/Act 5/Nav_1_Act5.3.unity
  artifactKey: Guid(a78724a7f44a36d45a473119f9102717) Importer(815301076,1909f56bfc062723c751e8b465ee728b)
Start importing Assets/_Scenes/Chapters/1_Chapter/Act 5/Nav_1_Act5.3.unity using Guid(a78724a7f44a36d45a473119f9102717) Importer(815301076,1909f56bfc062723c751e8b465ee728b)  -> (artifact id: '7653dab09e0479136902cabcf05a4a87') in 0.006679 seconds 
========================================================================
Received Import Request.
  Time since last request: 33.807897 seconds.
  path: Assets/_Scenes/Chapters/1_Chapter/Act 5/Nav_1_Act5.3.unity
  artifactKey: Guid(a78724a7f44a36d45a473119f9102717) Importer(815301076,1909f56bfc062723c751e8b465ee728b)
Start importing Assets/_Scenes/Chapters/1_Chapter/Act 5/Nav_1_Act5.3.unity using Guid(a78724a7f44a36d45a473119f9102717) Importer(815301076,1909f56bfc062723c751e8b465ee728b)  -> (artifact id: '82d37ad4909d50472f9558c6fd65c90b') in 0.002145 seconds 
========================================================================
Received Import Request.
  Time since last request: 47.469483 seconds.
  path: Assets/_ScriptableObjects/NavigationSO/Chapter 1/Places/Nav_1_Act5.3.5/1_BackAlley.asset
  artifactKey: Guid(61455fec24892a04ca95549f0cee31dd) Importer(815301076,1909f56bfc062723c751e8b465ee728b)
Start importing Assets/_ScriptableObjects/NavigationSO/Chapter 1/Places/Nav_1_Act5.3.5/1_BackAlley.asset using Guid(61455fec24892a04ca95549f0cee31dd) Importer(815301076,1909f56bfc062723c751e8b465ee728b)  -> (artifact id: '80a6aa36dcd1a027786b07c166b813d8') in 0.008948 seconds 
========================================================================
Received Import Request.
  Time since last request: 0.000016 seconds.
  path: Assets/_ScriptableObjects/NavigationSO/Chapter 1/Places/Nav_1_Act5.3.5/3_Residencial_dialogue.asset
  artifactKey: Guid(571c2acbc33114242bd80240c6246bac) Importer(815301076,1909f56bfc062723c751e8b465ee728b)
Start importing Assets/_ScriptableObjects/NavigationSO/Chapter 1/Places/Nav_1_Act5.3.5/3_Residencial_dialogue.asset using Guid(571c2acbc33114242bd80240c6246bac) Importer(815301076,1909f56bfc062723c751e8b465ee728b)  -> (artifact id: '62d75f27b3cbaaf28c4810342060b0bf') in 0.009730 seconds 
========================================================================
Received Import Request.
  Time since last request: 0.000024 seconds.
  path: Assets/_ScriptableObjects/NavigationSO/Chapter 1/Places/Nav_1_Act5.3.5/3_ResidencialArea.asset
  artifactKey: Guid(7f25f7adf8f456d4fbbcb66c6ffc3d51) Importer(815301076,1909f56bfc062723c751e8b465ee728b)
Start importing Assets/_ScriptableObjects/NavigationSO/Chapter 1/Places/Nav_1_Act5.3.5/3_ResidencialArea.asset using Guid(7f25f7adf8f456d4fbbcb66c6ffc3d51) Importer(815301076,1909f56bfc062723c751e8b465ee728b)  -> (artifact id: '2c98d3fc6f619c6e1a23f079df07f632') in 0.014973 seconds 
========================================================================
Received Import Request.
  Time since last request: 2.028857 seconds.
  path: Assets/_ScriptableObjects/NavigationSO/Chapter 1/Places/Nav_1_Act5.3/1_Temple.asset
  artifactKey: Guid(bc2ad808f6b9f7c43ae77fef1bbbb878) Importer(815301076,1909f56bfc062723c751e8b465ee728b)
Start importing Assets/_ScriptableObjects/NavigationSO/Chapter 1/Places/Nav_1_Act5.3/1_Temple.asset using Guid(bc2ad808f6b9f7c43ae77fef1bbbb878) Importer(815301076,1909f56bfc062723c751e8b465ee728b)  -> (artifact id: '27aca97a58525004d82713c65a920b5f') in 0.003173 seconds 
========================================================================
Received Import Request.
  Time since last request: 0.002772 seconds.
  path: Assets/_ScriptableObjects/NavigationSO/Chapter 1/Places/Nav_1_Act5.3/5_PublisherStreet.asset
  artifactKey: Guid(458a272e49b1cfc4eb451dcd22104c71) Importer(815301076,1909f56bfc062723c751e8b465ee728b)
Start importing Assets/_ScriptableObjects/NavigationSO/Chapter 1/Places/Nav_1_Act5.3/5_PublisherStreet.asset using Guid(458a272e49b1cfc4eb451dcd22104c71) Importer(815301076,1909f56bfc062723c751e8b465ee728b)  -> (artifact id: 'ab8454252357a4ecd2601eb75e82e776') in 0.003320 seconds 
========================================================================
Received Import Request.
  Time since last request: 0.000020 seconds.
  path: Assets/_ScriptableObjects/NavigationSO/Chapter 1/Places/Nav_1_Act5.3/7_CentralAvenue.asset
  artifactKey: Guid(5893c3ee103a5214ca57bccf0722f3a0) Importer(815301076,1909f56bfc062723c751e8b465ee728b)
Start importing Assets/_ScriptableObjects/NavigationSO/Chapter 1/Places/Nav_1_Act5.3/7_CentralAvenue.asset using Guid(5893c3ee103a5214ca57bccf0722f3a0) Importer(815301076,1909f56bfc062723c751e8b465ee728b)  -> (artifact id: 'd49dde56fb05dfe7d593924be05922a0') in 0.003179 seconds 
========================================================================
Received Import Request.
  Time since last request: 0.000019 seconds.
  path: Assets/_ScriptableObjects/NavigationSO/Chapter 1/Places/Nav_1_Act5.3/6_BackAlley.asset
  artifactKey: Guid(85fe8347631f8f549b907faf99f530de) Importer(815301076,1909f56bfc062723c751e8b465ee728b)
Start importing Assets/_ScriptableObjects/NavigationSO/Chapter 1/Places/Nav_1_Act5.3/6_BackAlley.asset using Guid(85fe8347631f8f549b907faf99f530de) Importer(815301076,1909f56bfc062723c751e8b465ee728b)  -> (artifact id: '133c5a726eb1f7a69b26817de4deed37') in 0.008294 seconds 
========================================================================
Received Prepare
Registering precompiled user dll's ...
Registered in 0.008631 seconds.
Begin MonoManager ReloadAssembly
Native extension for WindowsStandalone target not found
Refreshing native plugins compatible for Editor in 0.93 ms, found 3 plugins.
Preloading 0 native plugins for Editor in 0.00 ms.
Mono: successfully reloaded assembly
- Completed reload, in  0.829 seconds
Domain Reload Profiling:
	ReloadAssembly (830ms)
		BeginReloadAssembly (113ms)
			ExecutionOrderSort (0ms)
			DisableScriptedObjects (5ms)
			BackupInstance (0ms)
			ReleaseScriptingObjects (0ms)
			CreateAndSetChildDomain (29ms)
		EndReloadAssembly (638ms)
			LoadAssemblies (80ms)
			RebuildTransferFunctionScriptingTraits (0ms)
			SetupTypeCache (154ms)
			ReleaseScriptCaches (1ms)
			RebuildScriptCaches (38ms)
			SetupLoadedEditorAssemblies (327ms)
				LogAssemblyErrors (0ms)
				InitializePlatformSupportModulesInManaged (12ms)
				SetLoadedEditorAssemblies (0ms)
				RefreshPlugins (1ms)
				BeforeProcessingInitializeOnLoad (61ms)
				ProcessInitializeOnLoadAttributes (203ms)
				ProcessInitializeOnLoadMethodAttributes (40ms)
				AfterProcessingInitializeOnLoad (9ms)
				EditorAssembliesLoaded (0ms)
			ExecutionOrderSort2 (0ms)
			AwakeInstancesAfterBackupRestoration (8ms)
Platform modules already initialized, skipping
Refreshing native plugins compatible for Editor in 2.61 ms, found 3 plugins.
Preloading 0 native plugins for Editor in 0.00 ms.
Unloading 2544 Unused Serialized files (Serialized files now loaded: 0)
Unloading 20 unused Assets / (24.7 KB). Loaded Objects now: 3076.
Memory consumption went from 120.1 MB to 120.1 MB.
Total: 4.755100 ms (FindLiveObjects: 0.375400 ms CreateObjectMapping: 0.181200 ms MarkObjects: 4.163500 ms  DeleteObjects: 0.031400 ms)

AssetImportParameters requested are different than current active one (requested -> active):
  custom:video-decoder-ogg-theora: a1e56fd34408186e4bbccfd4996cb3dc -> 
  custom:container-muxer-webm: aa71ff27fc2769a1b78a27578f13a17b -> 
  custom:container-demuxer-webm: 4f35f7cbe854078d1ac9338744f61a02 -> 
  custom:video-encoder-webm-vp8: eb34c28f22e8b96e1ab97ce403110664 -> 
  custom:video-codec-MediaFoundation-h265: 746d11721c4dcdbdad8f713fa42b33f4 -> 
  custom:audio-encoder-webm-vorbis: bf7c407c2cedff20999df2af8eb42d56 -> 
  custom:framework-win-MediaFoundation: 216162199b28c13a410421893ffa2e32 -> 
  custom:container-demuxer-ogg: 62fdf1f143b41e24485cea50d1cbac27 -> 
  custom:video-decoder-webm-vp8: 9c59270c3fd7afecdb556c50c9e8de78 -> 
  custom:audio-decoder-ogg-vorbis: bf7c407c2cedff20999df2af8eb42d56 -> 
Editor requested this worker to shutdown with reason: Scaling down because of idle timeout
AssetImportWorker is now disconnected from the server
Process exiting
Exiting without the bug reporter. Application will terminate with return code 0