Using pre-set license
Built from '2021.3/staging' branch; Version is '2021.3.10f1 (1c7d0df0160b) revision 1867021'; Using compiler version '192829333'; Build Type 'Release'
OS: 'Windows 10  (10.0.19044) 64bit Core' Language: 'en' Physical Memory: 16348 MB
BatchMode: 1, IsHumanControllingUs: 0, StartBugReporterOnCrash: 0, Is64bit: 1, IsPro: 1

COMMAND LINE ARGUMENTS:
C:\Program Files\Unity\Hub\Editor\2021.3.10f1\Editor\Unity.exe
-adb2
-batchMode
-noUpm
-name
AssetImportWorker3
-projectPath
C:/Users/KingsXz/Documents/Juunishi_Zodiacs/Juunishi Zodiacs - Novo Projeto
-logFile
Logs/AssetImportWorker3.log
-srvPort
62264
Successfully changed project path to: C:/Users/KingsXz/Documents/Juunishi_Zodiacs/Juunishi Zodiacs - Novo Projeto
C:/Users/KingsXz/Documents/Juunishi_Zodiacs/Juunishi Zodiacs - Novo Projeto
[UnityMemory] Configuration Parameters - Can be set up in boot.config
    "memorysetup-bucket-allocator-granularity=16"
    "memorysetup-bucket-allocator-bucket-count=8"
    "memorysetup-bucket-allocator-block-size=33554432"
    "memorysetup-bucket-allocator-block-count=8"
    "memorysetup-main-allocator-block-size=16777216"
    "memorysetup-thread-allocator-block-size=16777216"
    "memorysetup-gfx-main-allocator-block-size=16777216"
    "memorysetup-gfx-thread-allocator-block-size=16777216"
    "memorysetup-cache-allocator-block-size=4194304"
    "memorysetup-typetree-allocator-block-size=2097152"
    "memorysetup-profiler-bucket-allocator-granularity=16"
    "memorysetup-profiler-bucket-allocator-bucket-count=8"
    "memorysetup-profiler-bucket-allocator-block-size=33554432"
    "memorysetup-profiler-bucket-allocator-block-count=8"
    "memorysetup-profiler-allocator-block-size=16777216"
    "memorysetup-profiler-editor-allocator-block-size=1048576"
    "memorysetup-temp-allocator-size-main=16777216"
    "memorysetup-job-temp-allocator-block-size=2097152"
    "memorysetup-job-temp-allocator-block-size-background=1048576"
    "memorysetup-job-temp-allocator-reduction-small-platforms=262144"
    "memorysetup-temp-allocator-size-background-worker=32768"
    "memorysetup-temp-allocator-size-job-worker=262144"
    "memorysetup-temp-allocator-size-preload-manager=33554432"
    "memorysetup-temp-allocator-size-nav-mesh-worker=65536"
    "memorysetup-temp-allocator-size-audio-worker=65536"
    "memorysetup-temp-allocator-size-cloud-worker=32768"
    "memorysetup-temp-allocator-size-gi-baking-worker=262144"
    "memorysetup-temp-allocator-size-gfx=262144"
Refreshing native plugins compatible for Editor in 86.66 ms, found 3 plugins.
Preloading 0 native plugins for Editor in 0.00 ms.
Initialize engine version: 2021.3.10f1 (1c7d0df0160b)
[Subsystems] Discovering subsystems at path C:/Program Files/Unity/Hub/Editor/2021.3.10f1/Editor/Data/Resources/UnitySubsystems
[Subsystems] Discovering subsystems at path C:/Users/KingsXz/Documents/Juunishi_Zodiacs/Juunishi Zodiacs - Novo Projeto/Assets
GfxDevice: creating device client; threaded=0; jobified=0
Direct3D:
    Version:  Direct3D 11.0 [level 11.1]
    Renderer: NVIDIA GeForce GTX 1070 (ID=0x1b81)
    Vendor:   NVIDIA
    VRAM:     8088 MB
    Driver:   31.0.15.1659
Initialize mono
Mono path[0] = 'C:/Program Files/Unity/Hub/Editor/2021.3.10f1/Editor/Data/Managed'
Mono path[1] = 'C:/Program Files/Unity/Hub/Editor/2021.3.10f1/Editor/Data/MonoBleedingEdge/lib/mono/unityjit-win32'
Mono config path = 'C:/Program Files/Unity/Hub/Editor/2021.3.10f1/Editor/Data/MonoBleedingEdge/etc'
Using monoOptions --debugger-agent=transport=dt_socket,embedding=1,server=y,suspend=n,address=127.0.0.1:56188
Begin MonoManager ReloadAssembly
Registering precompiled unity dll's ...
Register platform support module: C:/Program Files/Unity/Hub/Editor/2021.3.10f1/Editor/Data/PlaybackEngines/WindowsStandaloneSupport/UnityEditor.WindowsStandalone.Extensions.dll
Registered in 0.009786 seconds.
Native extension for WindowsStandalone target not found
Refreshing native plugins compatible for Editor in 41.99 ms, found 3 plugins.
Preloading 0 native plugins for Editor in 0.00 ms.
Mono: successfully reloaded assembly
- Completed reload, in  0.634 seconds
Domain Reload Profiling:
	ReloadAssembly (634ms)
		BeginReloadAssembly (89ms)
			ExecutionOrderSort (0ms)
			DisableScriptedObjects (0ms)
			BackupInstance (0ms)
			ReleaseScriptingObjects (0ms)
			CreateAndSetChildDomain (1ms)
		EndReloadAssembly (436ms)
			LoadAssemblies (87ms)
			RebuildTransferFunctionScriptingTraits (0ms)
			SetupTypeCache (112ms)
			ReleaseScriptCaches (0ms)
			RebuildScriptCaches (33ms)
			SetupLoadedEditorAssemblies (230ms)
				LogAssemblyErrors (0ms)
				InitializePlatformSupportModulesInManaged (7ms)
				SetLoadedEditorAssemblies (0ms)
				RefreshPlugins (42ms)
				BeforeProcessingInitializeOnLoad (1ms)
				ProcessInitializeOnLoadAttributes (135ms)
				ProcessInitializeOnLoadMethodAttributes (44ms)
				AfterProcessingInitializeOnLoad (0ms)
				EditorAssembliesLoaded (0ms)
			ExecutionOrderSort2 (0ms)
			AwakeInstancesAfterBackupRestoration (0ms)
Platform modules already initialized, skipping
Registering precompiled user dll's ...
Registered in 0.006906 seconds.
Begin MonoManager ReloadAssembly
Native extension for WindowsStandalone target not found
Refreshing native plugins compatible for Editor in 40.41 ms, found 3 plugins.
Preloading 0 native plugins for Editor in 0.00 ms.
Mono: successfully reloaded assembly
- Completed reload, in  1.008 seconds
Domain Reload Profiling:
	ReloadAssembly (1009ms)
		BeginReloadAssembly (116ms)
			ExecutionOrderSort (0ms)
			DisableScriptedObjects (5ms)
			BackupInstance (0ms)
			ReleaseScriptingObjects (0ms)
			CreateAndSetChildDomain (19ms)
		EndReloadAssembly (772ms)
			LoadAssemblies (86ms)
			RebuildTransferFunctionScriptingTraits (0ms)
			SetupTypeCache (215ms)
			ReleaseScriptCaches (1ms)
			RebuildScriptCaches (48ms)
			SetupLoadedEditorAssemblies (388ms)
				LogAssemblyErrors (0ms)
				InitializePlatformSupportModulesInManaged (5ms)
				SetLoadedEditorAssemblies (0ms)
				RefreshPlugins (40ms)
				BeforeProcessingInitializeOnLoad (75ms)
				ProcessInitializeOnLoadAttributes (215ms)
				ProcessInitializeOnLoadMethodAttributes (44ms)
				AfterProcessingInitializeOnLoad (8ms)
				EditorAssembliesLoaded (0ms)
			ExecutionOrderSort2 (0ms)
			AwakeInstancesAfterBackupRestoration (6ms)
Platform modules already initialized, skipping
========================================================================
Worker process is ready to serve import requests
Launched and connected shader compiler UnityShaderCompiler.exe after 0.06 seconds
Refreshing native plugins compatible for Editor in 0.46 ms, found 3 plugins.
Preloading 0 native plugins for Editor in 0.00 ms.
Unloading 2521 Unused Serialized files (Serialized files now loaded: 0)
Unloading 33 unused Assets / (56.1 KB). Loaded Objects now: 2983.
Memory consumption went from 113.5 MB to 113.5 MB.
Total: 3.486300 ms (FindLiveObjects: 0.210400 ms CreateObjectMapping: 0.161100 ms MarkObjects: 3.045200 ms  DeleteObjects: 0.068100 ms)

AssetImportParameters requested are different than current active one (requested -> active):
  custom:video-decoder-ogg-theora: a1e56fd34408186e4bbccfd4996cb3dc -> 
  custom:container-muxer-webm: aa71ff27fc2769a1b78a27578f13a17b -> 
  custom:container-demuxer-webm: 4f35f7cbe854078d1ac9338744f61a02 -> 
  custom:video-encoder-webm-vp8: eb34c28f22e8b96e1ab97ce403110664 -> 
  custom:audio-encoder-webm-vorbis: bf7c407c2cedff20999df2af8eb42d56 -> 
  custom:framework-win-MediaFoundation: 216162199b28c13a410421893ffa2e32 -> 
  custom:container-demuxer-ogg: 62fdf1f143b41e24485cea50d1cbac27 -> 
  custom:video-decoder-webm-vp8: 9c59270c3fd7afecdb556c50c9e8de78 -> 
  custom:audio-decoder-ogg-vorbis: bf7c407c2cedff20999df2af8eb42d56 -> 
========================================================================
Received Import Request.
  Time since last request: 102193.804665 seconds.
  path: Assets/Sprites/Interface/Dialogos/d_Deusa do Sol.PNG
  artifactKey: Guid(f170c66ed52679e479f0aa03aafa804d) Importer(815301076,1909f56bfc062723c751e8b465ee728b)
Start importing Assets/Sprites/Interface/Dialogos/d_Deusa do Sol.PNG using Guid(f170c66ed52679e479f0aa03aafa804d) Importer(815301076,1909f56bfc062723c751e8b465ee728b)  -> (artifact id: '82803ab39ece2645383991b52af28f3a') in 0.289790 seconds 
========================================================================
Received Import Request.
  Time since last request: 1.849152 seconds.
  path: Assets/Sprites/Interface/Exploraçao/n Editora.png
  artifactKey: Guid(84b711da604c98c4d81ac5be2d4dcddf) Importer(815301076,1909f56bfc062723c751e8b465ee728b)
Start importing Assets/Sprites/Interface/Exploraçao/n Editora.png using Guid(84b711da604c98c4d81ac5be2d4dcddf) Importer(815301076,1909f56bfc062723c751e8b465ee728b)  -> (artifact id: 'd472bee7b6f2bd54839930f24ac7e602') in 0.036561 seconds 
========================================================================
Received Import Request.
  Time since last request: 0.000023 seconds.
  path: Assets/Sprites/Interface/Exploraçao/n Rua Editora.png
  artifactKey: Guid(4b29705659fdbb946be167fef265fbd1) Importer(815301076,1909f56bfc062723c751e8b465ee728b)
Start importing Assets/Sprites/Interface/Exploraçao/n Rua Editora.png using Guid(4b29705659fdbb946be167fef265fbd1) Importer(815301076,1909f56bfc062723c751e8b465ee728b)  -> (artifact id: '33a9cf30b7ebc0f2107c29ff28fb4d99') in 0.034625 seconds 
========================================================================
Received Import Request.
  Time since last request: 0.000046 seconds.
  path: Assets/Sprites/Interface/Exploraçao/n Rooftop.png
  artifactKey: Guid(17d29852eb8c0b34fad125c6f47ce68a) Importer(815301076,1909f56bfc062723c751e8b465ee728b)
Start importing Assets/Sprites/Interface/Exploraçao/n Rooftop.png using Guid(17d29852eb8c0b34fad125c6f47ce68a) Importer(815301076,1909f56bfc062723c751e8b465ee728b)  -> (artifact id: '8dcffe1ee517aaff9a0a9e72fe148736') in 0.034062 seconds 
========================================================================
Received Import Request.
  Time since last request: 2.435234 seconds.
  path: Assets/Sprites/Interface/Jogo Cartas/IMG_4742.png
  artifactKey: Guid(de3e6eb378f809f469f446f375c1e071) Importer(815301076,1909f56bfc062723c751e8b465ee728b)
Start importing Assets/Sprites/Interface/Jogo Cartas/IMG_4742.png using Guid(de3e6eb378f809f469f446f375c1e071) Importer(815301076,1909f56bfc062723c751e8b465ee728b)  -> (artifact id: '0bb080e9130a165a4d6a8b57704e82bc') in 0.334522 seconds 
========================================================================
Received Import Request.
  Time since last request: 0.000017 seconds.
  path: Assets/Sprites/Interface/Jogo Cartas/Score.png
  artifactKey: Guid(05511493581d87f418fa24b533a00094) Importer(815301076,1909f56bfc062723c751e8b465ee728b)
Start importing Assets/Sprites/Interface/Jogo Cartas/Score.png using Guid(05511493581d87f418fa24b533a00094) Importer(815301076,1909f56bfc062723c751e8b465ee728b)  -> (artifact id: 'efa3cee8ad176e44f787a22e2dd1b508') in 0.029085 seconds 
========================================================================
Received Import Request.
  Time since last request: 2.519176 seconds.
  path: Assets/Sprites/Interface/Menu Inicial/Fundo.png
  artifactKey: Guid(3ca13372b0542424b968dca798efc042) Importer(815301076,1909f56bfc062723c751e8b465ee728b)
Start importing Assets/Sprites/Interface/Menu Inicial/Fundo.png using Guid(3ca13372b0542424b968dca798efc042) Importer(815301076,1909f56bfc062723c751e8b465ee728b)  -> (artifact id: '760351c0c6a2926b1a3cfdbe668b9779') in 0.336927 seconds 
========================================================================
Received Import Request.
  Time since last request: 3.939508 seconds.
  path: Assets/Sprites/Interface/Menu Principal/Elementos/IMG_3911.PNG
  artifactKey: Guid(5708b683b4c449c4980c7ac75af6a44d) Importer(815301076,1909f56bfc062723c751e8b465ee728b)
Start importing Assets/Sprites/Interface/Menu Principal/Elementos/IMG_3911.PNG using Guid(5708b683b4c449c4980c7ac75af6a44d) Importer(815301076,1909f56bfc062723c751e8b465ee728b)  -> (artifact id: '10e4c25062b2376b74f99d9e31cd9c2c') in 0.034031 seconds 
========================================================================
Received Import Request.
  Time since last request: 0.000027 seconds.
  path: Assets/Sprites/Interface/Menu Principal/Elementos/Map icone.PNG
  artifactKey: Guid(b2e906856ddeec34e8ad9be3ebe05b61) Importer(815301076,1909f56bfc062723c751e8b465ee728b)
Start importing Assets/Sprites/Interface/Menu Principal/Elementos/Map icone.PNG using Guid(b2e906856ddeec34e8ad9be3ebe05b61) Importer(815301076,1909f56bfc062723c751e8b465ee728b)  -> (artifact id: '2806ee095817237e83bea9678a3038dd') in 0.032535 seconds 
========================================================================
Received Import Request.
  Time since last request: 16.103485 seconds.
  path: Assets/Sprites/Interface/Menu Principal/Ecras/Mapa.PNG
  artifactKey: Guid(bb4c78df86c761940acf4b0c8c8e9fb8) Importer(815301076,1909f56bfc062723c751e8b465ee728b)
Start importing Assets/Sprites/Interface/Menu Principal/Ecras/Mapa.PNG using Guid(bb4c78df86c761940acf4b0c8c8e9fb8) Importer(815301076,1909f56bfc062723c751e8b465ee728b)  -> (artifact id: 'daf9abfd42dcba51da031b7907567601') in 0.132973 seconds 
========================================================================
Received Import Request.
  Time since last request: 0.000025 seconds.
  path: Assets/Sprites/Interface/Menu Principal/Ecras/Missoes.PNG
  artifactKey: Guid(218a685649b049640b59cb0243aa54b7) Importer(815301076,1909f56bfc062723c751e8b465ee728b)
Start importing Assets/Sprites/Interface/Menu Principal/Ecras/Missoes.PNG using Guid(218a685649b049640b59cb0243aa54b7) Importer(815301076,1909f56bfc062723c751e8b465ee728b)  -> (artifact id: '7024b4e827c12a524d9dd1b04402bb09') in 0.129952 seconds 
========================================================================
Received Import Request.
  Time since last request: 31.641489 seconds.
  path: Assets/Sprites/Localizações/Central Avenue Fire.png
  artifactKey: Guid(b09c9db4ad6ff1a46a6348b5be994c32) Importer(815301076,1909f56bfc062723c751e8b465ee728b)
Start importing Assets/Sprites/Localizações/Central Avenue Fire.png using Guid(b09c9db4ad6ff1a46a6348b5be994c32) Importer(815301076,1909f56bfc062723c751e8b465ee728b)  -> (artifact id: 'bb1b5ba05415e7ac522716fcd534be53') in 0.197917 seconds 
========================================================================
Received Import Request.
  Time since last request: 0.000037 seconds.
  path: Assets/Sprites/Localizações/Rua da Estacao(Noite).png
  artifactKey: Guid(cba7d5a663fb1084994397fd025f3b2b) Importer(815301076,1909f56bfc062723c751e8b465ee728b)
Start importing Assets/Sprites/Localizações/Rua da Estacao(Noite).png using Guid(cba7d5a663fb1084994397fd025f3b2b) Importer(815301076,1909f56bfc062723c751e8b465ee728b)  -> (artifact id: '92de05efd7693f18ce1f1fb70bc53661') in 0.214677 seconds 
========================================================================
Received Import Request.
  Time since last request: 0.000050 seconds.
  path: Assets/Sprites/Localizações/Perto do Rio (Noite).png
  artifactKey: Guid(8a43de40c8206de45b149e6118762960) Importer(815301076,1909f56bfc062723c751e8b465ee728b)
Start importing Assets/Sprites/Localizações/Perto do Rio (Noite).png using Guid(8a43de40c8206de45b149e6118762960) Importer(815301076,1909f56bfc062723c751e8b465ee728b)  -> (artifact id: '1937a57b5dcaf59ae4ce71f090df72bc') in 0.167801 seconds 
========================================================================
Received Import Request.
  Time since last request: 0.000035 seconds.
  path: Assets/Sprites/Localizações/Topo Editora (Noite).png
  artifactKey: Guid(3fce400713616cf4bbb11d46ecb79185) Importer(815301076,1909f56bfc062723c751e8b465ee728b)
Start importing Assets/Sprites/Localizações/Topo Editora (Noite).png using Guid(3fce400713616cf4bbb11d46ecb79185) Importer(815301076,1909f56bfc062723c751e8b465ee728b)  -> (artifact id: 'fe39d143c8ba16c9a1e09c8316e80d3f') in 0.273555 seconds 
========================================================================
Received Import Request.
  Time since last request: 9.876796 seconds.
  path: Assets/Sprites/CGs/CG 4.png
  artifactKey: Guid(b0447358e0cf27048ac7368bd69c4055) Importer(815301076,1909f56bfc062723c751e8b465ee728b)
Start importing Assets/Sprites/CGs/CG 4.png using Guid(b0447358e0cf27048ac7368bd69c4055) Importer(815301076,1909f56bfc062723c751e8b465ee728b)  -> (artifact id: '87e70193a2759b595c65dcf51a97d8be') in 0.288916 seconds 
Editor requested this worker to shutdown with reason: Scaling down because of idle timeout
AssetImportWorker is now disconnected from the server
Process exiting
Exiting without the bug reporter. Application will terminate with return code 0